2.easyfig.fa	3.easyfig.fa	67.214	1461	440	22	80310	81752	84188	85627	6.23e-115	412
2.easyfig.fa	3.easyfig.fa	64.469	2139	606	65	86434	88522	90020	92054	3.23e-74	277
2.easyfig.fa	3.easyfig.fa	66.931	883	247	23	8488	9349	8564	9422	3.23e-55	214
2.easyfig.fa	3.easyfig.fa	73.310	281	71	2	53378	53656	55609	55887	5.13e-40	163
2.easyfig.fa	3.easyfig.fa	65.353	863	255	20	89905	90742	93750	94593	2.18e-38	158
2.easyfig.fa	3.easyfig.fa	66.317	668	184	16	18069	18714	16971	17619	7.61e-38	156
2.easyfig.fa	3.easyfig.fa	72.165	291	78	2	51912	52199	53072	53362	2.66e-37	154
2.easyfig.fa	3.easyfig.fa	67.255	510	153	6	84100	84602	87964	88466	9.27e-37	152
2.easyfig.fa	3.easyfig.fa	80.606	165	26	3	37255	37416	38294	38455	1.38e-34	145
2.easyfig.fa	3.easyfig.fa	67.704	514	143	14	13851	14351	13922	14425	7.13e-32	136
2.easyfig.fa	3.easyfig.fa	73.756	221	44	5	51673	51885	52530	52744	3.69e-29	127
2.easyfig.fa	3.easyfig.fa	72.857	210	40	5	26384	26577	25306	25514	2.33e-25	114
2.easyfig.fa	3.easyfig.fa	67.282	379	100	13	30303	30666	31645	32014	3.24e-17	87.8
2.easyfig.fa	3.easyfig.fa	73.239	142	38	0	9419	9560	10018	10159	1.13e-16	86.0
2.easyfig.fa	3.easyfig.fa	73.585	159	30	5	11157	11309	11819	11971	1.13e-16	86.0
2.easyfig.fa	3.easyfig.fa	69.068	236	61	5	12838	13066	12979	13209	1.13e-16	86.0
2.easyfig.fa	3.easyfig.fa	71.698	159	42	1	59696	59854	65232	65387	1.38e-15	82.4
2.easyfig.fa	3.easyfig.fa	79.592	98	18	2	56957	57053	59962	60058	4.81e-15	80.6
2.easyfig.fa	3.easyfig.fa	69.565	184	56	0	85544	85727	89381	89564	4.81e-15	80.6
2.easyfig.fa	3.easyfig.fa	65.885	469	106	21	26927	27368	28550	28991	1.68e-14	78.8
2.easyfig.fa	3.easyfig.fa	72.297	148	35	2	76500	76644	80289	80433	1.68e-14	78.8
2.easyfig.fa	3.easyfig.fa	72.340	141	39	0	79549	79689	83428	83568	1.68e-14	78.8
2.easyfig.fa	3.easyfig.fa	72.152	158	40	3	58195	58350	61258	61413	5.86e-14	77.0
2.easyfig.fa	3.easyfig.fa	72.951	122	30	1	25059	25177	24571	24692	8.69e-12	69.8
2.easyfig.fa	3.easyfig.fa	71.756	131	34	1	47437	47567	48032	48159	3.03e-11	68.0
2.easyfig.fa	3.easyfig.fa	75.000	96	24	0	55955	56050	58756	58851	1.06e-10	66.2
2.easyfig.fa	3.easyfig.fa	67.578	256	68	9	38324	38573	39297	39543	4.50e-09	60.8
2.easyfig.fa	3.easyfig.fa	74.490	98	22	2	38022	38116	38995	39092	1.57e-08	59.0
2.easyfig.fa	3.easyfig.fa	67.299	211	49	7	16539	16739	16062	16262	5.49e-08	57.2
2.easyfig.fa	3.easyfig.fa	64.474	380	125	7	9899	10276	10579	10950	1.92e-07	55.4
2.easyfig.fa	3.easyfig.fa	73.148	108	24	3	85309	85415	89170	89273	1.92e-07	55.4
2.easyfig.fa	3.easyfig.fa	69.286	140	39	2	11507	11644	12145	12282	6.68e-07	53.6
2.easyfig.fa	3.easyfig.fa	66.038	212	57	4	29674	29885	31013	31209	6.68e-07	53.6
2.easyfig.fa	3.easyfig.fa	87.234	47	4	2	58843	58887	20727	20681	2.33e-06	51.8
2.easyfig.fa	3.easyfig.fa	84.783	46	7	0	55367	55412	58189	58234	2.33e-06	51.8
2.easyfig.fa	3.easyfig.fa	81.818	55	6	2	18938	18990	17858	17910	8.14e-06	50.0
2.easyfig.fa	3.easyfig.fa	72.277	101	26	2	50613	50712	51020	51119	8.14e-06	50.0
2.easyfig.fa	3.easyfig.fa	71.429	98	25	1	52701	52795	54818	54915	8.14e-06	50.0
2.easyfig.fa	3.easyfig.fa	77.419	62	14	0	56559	56620	59396	59457	8.14e-06	50.0
2.easyfig.fa	3.easyfig.fa	85.366	41	6	0	2502	2542	3547	3507	2.84e-05	48.2
2.easyfig.fa	3.easyfig.fa	68.306	183	47	7	10807	10985	11451	11626	2.84e-05	48.2
2.easyfig.fa	3.easyfig.fa	72.414	87	21	1	58076	58162	61112	61195	2.84e-05	48.2
2.easyfig.fa	3.easyfig.fa	76.667	60	14	0	8146	8205	8216	8275	9.92e-05	46.4
2.easyfig.fa	3.easyfig.fa	83.721	43	7	0	26586	26628	26539	26581	9.92e-05	46.4
2.easyfig.fa	3.easyfig.fa	90.909	33	3	0	57155	57187	60232	60264	9.92e-05	46.4
2.easyfig.fa	3.easyfig.fa	83.721	43	6	1	29535	29576	30874	30916	0.001	42.8
2.easyfig.fa	3.easyfig.fa	78.846	52	8	1	46784	46832	47421	47472	0.001	42.8
2.easyfig.fa	3.easyfig.fa	77.358	53	12	0	50336	50388	50743	50795	0.001	42.8
2.easyfig.fa	3.easyfig.fa	86.111	36	5	0	51319	51354	51678	51713	0.001	42.8
2.easyfig.fa	3.easyfig.fa	72.857	70	19	0	34790	34859	36135	36204	0.004	41.0
2.easyfig.fa	3.easyfig.fa	92.593	27	2	0	82918	82944	41641	41667	0.004	41.0
2.easyfig.fa	3.easyfig.fa	100.000	22	0	0	4160	4181	46586	46565	0.004	41.0
2.easyfig.fa	3.easyfig.fa	78.571	56	9	2	5696	5748	89617	89562	0.004	41.0
2.easyfig.fa	3.easyfig.fa	79.545	44	9	0	2499	2542	3532	3489	0.015	39.2
2.easyfig.fa	3.easyfig.fa	80.435	46	8	1	83245	83290	6120	6164	0.015	39.2
2.easyfig.fa	3.easyfig.fa	86.111	36	4	1	46448	46483	16366	16332	0.015	39.2
2.easyfig.fa	3.easyfig.fa	92.308	26	2	0	78490	78515	30466	30491	0.015	39.2
2.easyfig.fa	3.easyfig.fa	82.500	40	4	1	49786	49822	63897	63936	0.015	39.2
2.easyfig.fa	3.easyfig.fa	89.655	29	3	0	64854	64882	79967	79939	0.015	39.2
2.easyfig.fa	3.easyfig.fa	95.652	23	1	0	30625	30647	3468	3446	0.051	37.4
2.easyfig.fa	3.easyfig.fa	92.593	27	1	1	3581	3607	3471	3496	0.051	37.4
2.easyfig.fa	3.easyfig.fa	84.848	33	5	0	20436	20468	19365	19397	0.051	37.4
2.easyfig.fa	3.easyfig.fa	77.586	58	9	3	2852	2907	20198	20253	0.051	37.4
2.easyfig.fa	3.easyfig.fa	70.968	93	17	4	29328	29415	30670	30757	0.051	37.4
2.easyfig.fa	3.easyfig.fa	80.000	40	8	0	4218	4257	38127	38088	0.051	37.4
2.easyfig.fa	3.easyfig.fa	86.667	30	4	0	40070	40099	43309	43338	0.051	37.4
2.easyfig.fa	3.easyfig.fa	86.667	30	4	0	6817	6846	46004	45975	0.051	37.4
2.easyfig.fa	3.easyfig.fa	82.857	35	6	0	4013	4047	49485	49451	0.051	37.4
2.easyfig.fa	3.easyfig.fa	75.000	72	12	4	7447	7516	69768	69701	0.051	37.4
2.easyfig.fa	3.easyfig.fa	95.652	23	1	0	43267	43289	78048	78070	0.051	37.4
2.easyfig.fa	3.easyfig.fa	89.286	28	3	0	49996	50023	80313	80340	0.051	37.4
2.easyfig.fa	3.easyfig.fa	74.576	59	10	2	55141	55198	951	897	0.18	35.6
2.easyfig.fa	3.easyfig.fa	80.000	40	5	1	68556	68592	6666	6627	0.18	35.6
2.easyfig.fa	3.easyfig.fa	77.358	53	10	2	33753	33805	11565	11515	0.18	35.6
2.easyfig.fa	3.easyfig.fa	92.308	26	1	1	54139	54164	13263	13239	0.18	35.6
2.easyfig.fa	3.easyfig.fa	95.455	22	1	0	20707	20728	19633	19654	0.18	35.6
2.easyfig.fa	3.easyfig.fa	77.273	44	10	0	9500	9543	20974	21017	0.18	35.6
2.easyfig.fa	3.easyfig.fa	95.455	22	1	0	23806	23827	23258	23279	0.18	35.6
2.easyfig.fa	3.easyfig.fa	86.667	30	1	1	29060	29086	24851	24822	0.18	35.6
2.easyfig.fa	3.easyfig.fa	84.375	32	5	0	51919	51950	26187	26156	0.18	35.6
2.easyfig.fa	3.easyfig.fa	91.667	24	2	0	4128	4151	26162	26185	0.18	35.6
2.easyfig.fa	3.easyfig.fa	76.000	50	9	1	12954	13003	35738	35692	0.18	35.6
2.easyfig.fa	3.easyfig.fa	86.207	29	4	0	91098	91126	40428	40456	0.18	35.6
2.easyfig.fa	3.easyfig.fa	91.667	24	2	0	41139	41162	44132	44155	0.18	35.6
2.easyfig.fa	3.easyfig.fa	73.333	60	13	1	44235	44294	45052	45108	0.18	35.6
2.easyfig.fa	3.easyfig.fa	82.353	34	6	0	11490	11523	60273	60240	0.18	35.6
2.easyfig.fa	3.easyfig.fa	91.667	24	2	0	82488	82511	64115	64138	0.18	35.6
2.easyfig.fa	3.easyfig.fa	89.286	28	1	1	49502	49527	66444	66471	0.18	35.6
2.easyfig.fa	3.easyfig.fa	82.353	34	6	0	78503	78536	76739	76706	0.18	35.6
2.easyfig.fa	3.easyfig.fa	88.889	27	3	0	23283	23309	78013	77987	0.18	35.6
2.easyfig.fa	3.easyfig.fa	91.667	24	2	0	86183	86206	83699	83722	0.18	35.6
2.easyfig.fa	3.easyfig.fa	74.603	63	13	2	64193	64255	84132	84191	0.18	35.6
2.easyfig.fa	3.easyfig.fa	92.308	26	1	1	23390	23414	92682	92657	0.18	35.6
2.easyfig.fa	3.easyfig.fa	88.462	26	3	0	44253	44278	2603	2578	0.63	33.7
2.easyfig.fa	3.easyfig.fa	91.304	23	2	0	80077	80099	3721	3699	0.63	33.7
2.easyfig.fa	3.easyfig.fa	91.304	23	2	0	20812	20834	4736	4758	0.63	33.7
2.easyfig.fa	3.easyfig.fa	83.871	31	1	1	34826	34852	5000	4970	0.63	33.7
2.easyfig.fa	3.easyfig.fa	81.818	33	6	0	79112	79144	6212	6180	0.63	33.7
2.easyfig.fa	3.easyfig.fa	81.818	33	6	0	79461	79493	9024	8992	0.63	33.7
2.easyfig.fa	3.easyfig.fa	83.871	31	5	0	4646	4676	10309	10339	0.63	33.7
2.easyfig.fa	3.easyfig.fa	80.435	46	4	3	11972	12013	10687	10731	0.63	33.7
2.easyfig.fa	3.easyfig.fa	72.414	58	16	0	12723	12780	12869	12926	0.63	33.7
2.easyfig.fa	3.easyfig.fa	89.286	28	2	1	66907	66933	21309	21336	0.63	33.7
2.easyfig.fa	3.easyfig.fa	91.304	23	2	0	87322	87344	28644	28622	0.63	33.7
2.easyfig.fa	3.easyfig.fa	95.238	21	1	0	46467	46487	33906	33926	0.63	33.7
2.easyfig.fa	3.easyfig.fa	88.462	26	3	0	49336	49361	39031	39056	0.63	33.7
2.easyfig.fa	3.easyfig.fa	100.000	18	0	0	40442	40459	40005	40022	0.63	33.7
2.easyfig.fa	3.easyfig.fa	89.286	28	2	1	43973	43999	42566	42593	0.63	33.7
2.easyfig.fa	3.easyfig.fa	91.304	23	2	0	62218	62240	42570	42592	0.63	33.7
2.easyfig.fa	3.easyfig.fa	82.353	34	3	1	4230	4263	43687	43657	0.63	33.7
2.easyfig.fa	3.easyfig.fa	91.304	23	2	0	4243	4265	45603	45581	0.63	33.7
2.easyfig.fa	3.easyfig.fa	100.000	18	0	0	62699	62716	47354	47371	0.63	33.7
2.easyfig.fa	3.easyfig.fa	95.238	21	1	0	31608	31628	47387	47407	0.63	33.7
2.easyfig.fa	3.easyfig.fa	91.304	23	2	0	84442	84464	47430	47452	0.63	33.7
2.easyfig.fa	3.easyfig.fa	95.238	21	1	0	82722	82742	49376	49396	0.63	33.7
2.easyfig.fa	3.easyfig.fa	75.510	49	9	1	35466	35511	49608	49656	0.63	33.7
2.easyfig.fa	3.easyfig.fa	81.818	33	6	0	55690	55722	52318	52350	0.63	33.7
2.easyfig.fa	3.easyfig.fa	91.304	23	2	0	76125	76147	53243	53265	0.63	33.7
2.easyfig.fa	3.easyfig.fa	77.778	45	9	1	12242	12286	53607	53564	0.63	33.7
2.easyfig.fa	3.easyfig.fa	74.603	63	10	3	52398	52457	54062	54121	0.63	33.7
2.easyfig.fa	3.easyfig.fa	92.000	25	1	1	9596	9620	54945	54922	0.63	33.7
2.easyfig.fa	3.easyfig.fa	95.238	21	1	0	31565	31585	55383	55403	0.63	33.7
2.easyfig.fa	3.easyfig.fa	95.238	21	1	0	15455	15475	58813	58793	0.63	33.7
2.easyfig.fa	3.easyfig.fa	86.667	30	3	1	39819	39847	59387	59416	0.63	33.7
2.easyfig.fa	3.easyfig.fa	100.000	18	0	0	30211	30228	59944	59961	0.63	33.7
2.easyfig.fa	3.easyfig.fa	95.238	21	1	0	14765	14785	61826	61806	0.63	33.7
2.easyfig.fa	3.easyfig.fa	85.714	28	4	0	33744	33771	64329	64356	0.63	33.7
2.easyfig.fa	3.easyfig.fa	95.238	21	1	0	48278	48298	64895	64915	0.63	33.7
2.easyfig.fa	3.easyfig.fa	91.304	23	2	0	57829	57851	65978	66000	0.63	33.7
2.easyfig.fa	3.easyfig.fa	81.818	33	6	0	13876	13908	69633	69601	0.63	33.7
2.easyfig.fa	3.easyfig.fa	77.083	48	10	1	76278	76325	72306	72352	0.63	33.7
2.easyfig.fa	3.easyfig.fa	91.304	23	2	0	85933	85955	75373	75351	0.63	33.7
2.easyfig.fa	3.easyfig.fa	92.000	25	1	1	77183	77207	76496	76519	0.63	33.7
2.easyfig.fa	3.easyfig.fa	85.714	28	4	0	67227	67254	76696	76723	0.63	33.7
2.easyfig.fa	3.easyfig.fa	77.778	45	9	1	57134	57177	78009	78053	0.63	33.7
2.easyfig.fa	3.easyfig.fa	100.000	18	0	0	51089	51106	84132	84149	0.63	33.7
2.easyfig.fa	3.easyfig.fa	100.000	18	0	0	30030	30047	86583	86600	0.63	33.7
2.easyfig.fa	3.easyfig.fa	95.238	21	1	0	75599	75619	88482	88502	0.63	33.7
2.easyfig.fa	3.easyfig.fa	95.238	21	1	0	86302	86322	89889	89909	0.63	33.7
2.easyfig.fa	3.easyfig.fa	88.462	26	3	0	26994	27019	90078	90053	0.63	33.7
2.easyfig.fa	3.easyfig.fa	88.462	26	3	0	33531	33556	91503	91528	0.63	33.7
2.easyfig.fa	3.easyfig.fa	80.556	36	7	0	52465	52500	92609	92574	0.63	33.7
2.easyfig.fa	3.easyfig.fa	91.304	23	2	0	76956	76978	96557	96535	0.63	33.7
2.easyfig.fa	3.easyfig.fa	95.000	20	1	0	63631	63650	451	432	2.2	31.9
2.easyfig.fa	3.easyfig.fa	100.000	17	0	0	31575	31591	585	569	2.2	31.9
2.easyfig.fa	3.easyfig.fa	90.909	22	2	0	79709	79730	575	596	2.2	31.9
2.easyfig.fa	3.easyfig.fa	100.000	17	0	0	72289	72305	1041	1025	2.2	31.9
2.easyfig.fa	3.easyfig.fa	88.000	25	3	0	6745	6769	3865	3889	2.2	31.9
2.easyfig.fa	3.easyfig.fa	72.727	77	10	5	37032	37099	3988	3914	2.2	31.9
2.easyfig.fa	3.easyfig.fa	90.909	22	2	0	49693	49714	4184	4163	2.2	31.9
2.easyfig.fa	3.easyfig.fa	95.000	20	1	0	68207	68226	6739	6720	2.2	31.9
2.easyfig.fa	3.easyfig.fa	88.000	25	3	0	28485	28509	6749	6725	2.2	31.9
2.easyfig.fa	3.easyfig.fa	100.000	17	0	0	40156	40172	8785	8769	2.2	31.9
2.easyfig.fa	3.easyfig.fa	88.000	25	3	0	41028	41052	9164	9140	2.2	31.9
2.easyfig.fa	3.easyfig.fa	88.000	25	3	0	80059	80083	11485	11461	2.2	31.9
2.easyfig.fa	3.easyfig.fa	90.909	22	2	0	62217	62238	12368	12347	2.2	31.9
2.easyfig.fa	3.easyfig.fa	90.909	22	2	0	90701	90722	13683	13662	2.2	31.9
2.easyfig.fa	3.easyfig.fa	85.185	27	4	0	83230	83256	15181	15155	2.2	31.9
2.easyfig.fa	3.easyfig.fa	90.909	22	2	0	16644	16665	15413	15434	2.2	31.9
2.easyfig.fa	3.easyfig.fa	81.250	32	6	0	79456	79487	16353	16322	2.2	31.9
2.easyfig.fa	3.easyfig.fa	90.909	22	2	0	39303	39324	17418	17439	2.2	31.9
2.easyfig.fa	3.easyfig.fa	100.000	17	0	0	36171	36187	18143	18127	2.2	31.9
2.easyfig.fa	3.easyfig.fa	90.909	22	2	0	35425	35446	19597	19576	2.2	31.9
2.easyfig.fa	3.easyfig.fa	100.000	17	0	0	9830	9846	19847	19863	2.2	31.9
2.easyfig.fa	3.easyfig.fa	75.000	56	6	3	63608	63659	20253	20202	2.2	31.9
2.easyfig.fa	3.easyfig.fa	83.871	31	3	1	83086	83116	20759	20787	2.2	31.9
2.easyfig.fa	3.easyfig.fa	95.000	20	1	0	8869	8888	22120	22139	2.2	31.9
2.easyfig.fa	3.easyfig.fa	88.000	25	3	0	82671	82695	23577	23553	2.2	31.9
2.easyfig.fa	3.easyfig.fa	83.333	30	5	0	31581	31610	24075	24046	2.2	31.9
2.easyfig.fa	3.easyfig.fa	76.190	42	10	0	5719	5760	24554	24595	2.2	31.9
2.easyfig.fa	3.easyfig.fa	95.000	20	1	0	84981	85000	25021	25002	2.2	31.9
2.easyfig.fa	3.easyfig.fa	90.909	22	2	0	67579	67600	25986	25965	2.2	31.9
2.easyfig.fa	3.easyfig.fa	88.000	25	3	0	7451	7475	26758	26782	2.2	31.9
2.easyfig.fa	3.easyfig.fa	90.909	22	2	0	6826	6847	29237	29258	2.2	31.9
2.easyfig.fa	3.easyfig.fa	90.909	22	2	0	68491	68512	29749	29728	2.2	31.9
2.easyfig.fa	3.easyfig.fa	90.909	22	2	0	30127	30148	30013	29992	2.2	31.9
2.easyfig.fa	3.easyfig.fa	74.545	55	10	2	66658	66708	31666	31720	2.2	31.9
2.easyfig.fa	3.easyfig.fa	100.000	17	0	0	393	409	33581	33565	2.2	31.9
2.easyfig.fa	3.easyfig.fa	88.000	25	3	0	56102	56126	35383	35407	2.2	31.9
2.easyfig.fa	3.easyfig.fa	85.185	27	4	0	66521	66547	35949	35975	2.2	31.9
2.easyfig.fa	3.easyfig.fa	83.333	30	5	0	9529	9558	36026	35997	2.2	31.9
2.easyfig.fa	3.easyfig.fa	95.455	22	0	1	62696	62717	36631	36651	2.2	31.9
2.easyfig.fa	3.easyfig.fa	81.250	32	6	0	14744	14775	37648	37617	2.2	31.9
2.easyfig.fa	3.easyfig.fa	83.333	30	5	0	32827	32856	38171	38200	2.2	31.9
2.easyfig.fa	3.easyfig.fa	80.000	35	7	0	54508	54542	39096	39130	2.2	31.9
2.easyfig.fa	3.easyfig.fa	95.000	20	1	0	15910	15929	39224	39205	2.2	31.9
2.easyfig.fa	3.easyfig.fa	90.909	22	2	0	22920	22941	40298	40319	2.2	31.9
2.easyfig.fa	3.easyfig.fa	100.000	17	0	0	73534	73550	41316	41332	2.2	31.9
2.easyfig.fa	3.easyfig.fa	90.909	22	2	0	49386	49407	41463	41484	2.2	31.9
2.easyfig.fa	3.easyfig.fa	81.081	37	6	1	38254	38289	43488	43524	2.2	31.9
2.easyfig.fa	3.easyfig.fa	88.000	25	3	0	42985	43009	43496	43520	2.2	31.9
2.easyfig.fa	3.easyfig.fa	88.000	25	3	0	12166	12190	44594	44570	2.2	31.9
2.easyfig.fa	3.easyfig.fa	85.185	27	4	0	19794	19820	44780	44754	2.2	31.9
2.easyfig.fa	3.easyfig.fa	82.353	34	5	1	43204	43236	45355	45388	2.2	31.9
2.easyfig.fa	3.easyfig.fa	81.250	32	6	0	44377	44408	45473	45504	2.2	31.9
2.easyfig.fa	3.easyfig.fa	95.000	20	1	0	16347	16366	46556	46537	2.2	31.9
2.easyfig.fa	3.easyfig.fa	90.909	22	2	0	58749	58770	47247	47268	2.2	31.9
2.easyfig.fa	3.easyfig.fa	81.250	32	6	0	26244	26275	48002	47971	2.2	31.9
2.easyfig.fa	3.easyfig.fa	81.250	32	6	0	84389	84420	49955	49986	2.2	31.9
2.easyfig.fa	3.easyfig.fa	95.000	20	1	0	50339	50358	51922	51903	2.2	31.9
2.easyfig.fa	3.easyfig.fa	88.000	25	3	0	51912	51936	52691	52715	2.2	31.9
2.easyfig.fa	3.easyfig.fa	100.000	17	0	0	34746	34762	53854	53870	2.2	31.9
2.easyfig.fa	3.easyfig.fa	95.000	20	1	0	14945	14964	53984	53965	2.2	31.9
2.easyfig.fa	3.easyfig.fa	90.909	22	2	0	75068	75089	54832	54853	2.2	31.9
2.easyfig.fa	3.easyfig.fa	81.250	32	6	0	7885	7916	55026	54995	2.2	31.9
2.easyfig.fa	3.easyfig.fa	72.881	59	15	1	3256	3314	55876	55933	2.2	31.9
2.easyfig.fa	3.easyfig.fa	95.455	22	0	1	77496	77516	56450	56429	2.2	31.9
2.easyfig.fa	3.easyfig.fa	90.909	22	2	0	47140	47161	57076	57097	2.2	31.9
2.easyfig.fa	3.easyfig.fa	85.185	27	4	0	12032	12058	59241	59215	2.2	31.9
2.easyfig.fa	3.easyfig.fa	85.714	28	1	1	57067	57091	60141	60168	2.2	31.9
2.easyfig.fa	3.easyfig.fa	90.909	22	2	0	5136	5157	60484	60463	2.2	31.9
2.easyfig.fa	3.easyfig.fa	95.000	20	1	0	52849	52868	63719	63738	2.2	31.9
2.easyfig.fa	3.easyfig.fa	95.000	20	1	0	62215	62234	64124	64143	2.2	31.9
2.easyfig.fa	3.easyfig.fa	85.185	27	4	0	21950	21976	64230	64204	2.2	31.9
2.easyfig.fa	3.easyfig.fa	100.000	17	0	0	42261	42277	65305	65321	2.2	31.9
2.easyfig.fa	3.easyfig.fa	81.081	37	6	1	78533	78569	68110	68145	2.2	31.9
2.easyfig.fa	3.easyfig.fa	95.000	20	1	0	50254	50273	75355	75336	2.2	31.9
2.easyfig.fa	3.easyfig.fa	83.333	30	5	0	4113	4142	75429	75400	2.2	31.9
2.easyfig.fa	3.easyfig.fa	80.488	41	6	2	7877	7916	76142	76103	2.2	31.9
2.easyfig.fa	3.easyfig.fa	95.000	20	1	0	66528	66547	76384	76403	2.2	31.9
2.easyfig.fa	3.easyfig.fa	74.468	47	12	0	1400	1446	76597	76551	2.2	31.9
2.easyfig.fa	3.easyfig.fa	71.667	60	17	0	86722	86781	78990	79049	2.2	31.9
2.easyfig.fa	3.easyfig.fa	100.000	17	0	0	89340	89356	79414	79430	2.2	31.9
2.easyfig.fa	3.easyfig.fa	83.333	30	5	0	92188	92217	79530	79559	2.2	31.9
2.easyfig.fa	3.easyfig.fa	86.207	29	3	1	28337	28364	83176	83204	2.2	31.9
2.easyfig.fa	3.easyfig.fa	85.185	27	4	0	58136	58162	84789	84815	2.2	31.9
2.easyfig.fa	3.easyfig.fa	90.909	22	2	0	64563	64584	86799	86820	2.2	31.9
2.easyfig.fa	3.easyfig.fa	100.000	17	0	0	44097	44113	89399	89415	2.2	31.9
2.easyfig.fa	3.easyfig.fa	88.462	26	0	1	39545	39570	90638	90660	2.2	31.9
2.easyfig.fa	3.easyfig.fa	90.909	22	2	0	44772	44793	92306	92327	2.2	31.9
2.easyfig.fa	3.easyfig.fa	82.353	34	5	1	36030	36063	94271	94303	2.2	31.9
2.easyfig.fa	3.easyfig.fa	88.000	25	3	0	43768	43792	95230	95254	2.2	31.9
2.easyfig.fa	3.easyfig.fa	90.909	22	2	0	12805	12826	95858	95837	2.2	31.9
2.easyfig.fa	3.easyfig.fa	94.737	19	1	0	20894	20912	528	546	7.6	30.1
2.easyfig.fa	3.easyfig.fa	80.645	31	6	0	40196	40226	996	966	7.6	30.1
2.easyfig.fa	3.easyfig.fa	91.304	23	1	1	52123	52144	3469	3447	7.6	30.1
2.easyfig.fa	3.easyfig.fa	78.378	37	5	1	42974	43010	3462	3495	7.6	30.1
2.easyfig.fa	3.easyfig.fa	90.476	21	2	0	70406	70426	3482	3462	7.6	30.1
2.easyfig.fa	3.easyfig.fa	76.744	43	9	1	2050	2092	3505	3546	7.6	30.1
2.easyfig.fa	3.easyfig.fa	90.476	21	2	0	4600	4620	3528	3548	7.6	30.1
2.easyfig.fa	3.easyfig.fa	100.000	16	0	0	7181	7196	4555	4570	7.6	30.1
2.easyfig.fa	3.easyfig.fa	84.615	26	4	0	57144	57169	4988	4963	7.6	30.1
2.easyfig.fa	3.easyfig.fa	90.476	21	2	0	62544	62564	5051	5031	7.6	30.1
2.easyfig.fa	3.easyfig.fa	87.500	24	3	0	55912	55935	6295	6272	7.6	30.1
2.easyfig.fa	3.easyfig.fa	94.737	19	1	0	55946	55964	8030	8012	7.6	30.1
2.easyfig.fa	3.easyfig.fa	100.000	16	0	0	46034	46049	8302	8287	7.6	30.1
2.easyfig.fa	3.easyfig.fa	90.476	21	2	0	12335	12355	8553	8573	7.6	30.1
2.easyfig.fa	3.easyfig.fa	90.476	21	2	0	13054	13074	8559	8579	7.6	30.1
2.easyfig.fa	3.easyfig.fa	94.737	19	1	0	8913	8931	8623	8605	7.6	30.1
2.easyfig.fa	3.easyfig.fa	94.737	19	1	0	85522	85540	8647	8629	7.6	30.1
2.easyfig.fa	3.easyfig.fa	87.500	24	3	0	56097	56120	8719	8696	7.6	30.1
2.easyfig.fa	3.easyfig.fa	82.759	29	5	0	33209	33237	8835	8807	7.6	30.1
2.easyfig.fa	3.easyfig.fa	79.412	34	7	0	76597	76630	9040	9007	7.6	30.1
2.easyfig.fa	3.easyfig.fa	84.615	26	4	0	7950	7975	9142	9167	7.6	30.1
2.easyfig.fa	3.easyfig.fa	100.000	16	0	0	55385	55400	9419	9404	7.6	30.1
2.easyfig.fa	3.easyfig.fa	88.000	25	1	1	63536	63558	9710	9734	7.6	30.1
2.easyfig.fa	3.easyfig.fa	90.476	21	2	0	13596	13616	9901	9881	7.6	30.1
2.easyfig.fa	3.easyfig.fa	90.476	21	2	0	58355	58375	10128	10108	7.6	30.1
2.easyfig.fa	3.easyfig.fa	90.476	21	2	0	86774	86794	10392	10372	7.6	30.1
2.easyfig.fa	3.easyfig.fa	77.778	36	8	0	38707	38742	10440	10475	7.6	30.1
2.easyfig.fa	3.easyfig.fa	94.737	19	1	0	76973	76991	11124	11106	7.6	30.1
2.easyfig.fa	3.easyfig.fa	90.476	21	2	0	7297	7317	11458	11438	7.6	30.1
2.easyfig.fa	3.easyfig.fa	82.759	29	5	0	32111	32139	12212	12184	7.6	30.1
2.easyfig.fa	3.easyfig.fa	100.000	16	0	0	51557	51572	12230	12215	7.6	30.1
2.easyfig.fa	3.easyfig.fa	100.000	16	0	0	48300	48315	12421	12436	7.6	30.1
2.easyfig.fa	3.easyfig.fa	94.737	19	1	0	1082	1100	13783	13801	7.6	30.1
2.easyfig.fa	3.easyfig.fa	100.000	16	0	0	55743	55758	14415	14430	7.6	30.1
2.easyfig.fa	3.easyfig.fa	100.000	16	0	0	67932	67947	14662	14647	7.6	30.1
2.easyfig.fa	3.easyfig.fa	87.500	24	3	0	41509	41532	14980	14957	7.6	30.1
2.easyfig.fa	3.easyfig.fa	80.000	35	4	1	33974	34005	15063	15029	7.6	30.1
2.easyfig.fa	3.easyfig.fa	100.000	16	0	0	83693	83708	15057	15042	7.6	30.1
2.easyfig.fa	3.easyfig.fa	85.714	28	3	1	82535	82561	16635	16608	7.6	30.1
2.easyfig.fa	3.easyfig.fa	87.500	24	3	0	52511	52534	16909	16886	7.6	30.1
2.easyfig.fa	3.easyfig.fa	80.556	36	6	1	62643	62677	17607	17642	7.6	30.1
2.easyfig.fa	3.easyfig.fa	87.500	24	3	0	32103	32126	18296	18273	7.6	30.1
2.easyfig.fa	3.easyfig.fa	87.500	24	3	0	74184	74207	19822	19799	7.6	30.1
2.easyfig.fa	3.easyfig.fa	87.500	24	3	0	5979	6002	19946	19969	7.6	30.1
2.easyfig.fa	3.easyfig.fa	80.645	31	6	0	92310	92340	20749	20779	7.6	30.1
2.easyfig.fa	3.easyfig.fa	82.759	29	5	0	29912	29940	21044	21016	7.6	30.1
2.easyfig.fa	3.easyfig.fa	100.000	16	0	0	47531	47546	21318	21303	7.6	30.1
2.easyfig.fa	3.easyfig.fa	72.727	55	7	2	35463	35517	23046	23000	7.6	30.1
2.easyfig.fa	3.easyfig.fa	87.500	24	3	0	24475	24498	24126	24149	7.6	30.1
2.easyfig.fa	3.easyfig.fa	94.737	19	1	0	69061	69079	25558	25540	7.6	30.1
2.easyfig.fa	3.easyfig.fa	90.476	21	2	0	15122	15142	25654	25674	7.6	30.1
2.easyfig.fa	3.easyfig.fa	90.476	21	2	0	61743	61763	26055	26035	7.6	30.1
2.easyfig.fa	3.easyfig.fa	87.500	24	3	0	88112	88135	26082	26059	7.6	30.1
2.easyfig.fa	3.easyfig.fa	84.615	26	4	0	41343	41368	27184	27159	7.6	30.1
2.easyfig.fa	3.easyfig.fa	82.759	29	5	0	66331	66359	27924	27896	7.6	30.1
2.easyfig.fa	3.easyfig.fa	84.615	26	4	0	55160	55185	29190	29165	7.6	30.1
2.easyfig.fa	3.easyfig.fa	73.913	46	12	0	38972	39017	29469	29424	7.6	30.1
2.easyfig.fa	3.easyfig.fa	87.500	24	3	0	45510	45533	30141	30164	7.6	30.1
2.easyfig.fa	3.easyfig.fa	90.476	21	2	0	63452	63472	30459	30439	7.6	30.1
2.easyfig.fa	3.easyfig.fa	80.645	31	6	0	11558	11588	31090	31060	7.6	30.1
2.easyfig.fa	3.easyfig.fa	84.615	26	4	0	16340	16365	31829	31804	7.6	30.1
2.easyfig.fa	3.easyfig.fa	90.476	21	2	0	51398	51418	32181	32201	7.6	30.1
2.easyfig.fa	3.easyfig.fa	80.645	31	6	0	22917	22947	32221	32191	7.6	30.1
2.easyfig.fa	3.easyfig.fa	87.500	24	3	0	56123	56146	32671	32694	7.6	30.1
2.easyfig.fa	3.easyfig.fa	100.000	16	0	0	50013	50028	33753	33768	7.6	30.1
2.easyfig.fa	3.easyfig.fa	100.000	16	0	0	42754	42769	34777	34792	7.6	30.1
2.easyfig.fa	3.easyfig.fa	90.476	21	2	0	85352	85372	35115	35135	7.6	30.1
2.easyfig.fa	3.easyfig.fa	87.500	24	3	0	44253	44276	35997	36020	7.6	30.1
2.easyfig.fa	3.easyfig.fa	90.476	21	2	0	53038	53058	36696	36716	7.6	30.1
2.easyfig.fa	3.easyfig.fa	82.759	29	5	0	70692	70720	37897	37925	7.6	30.1
2.easyfig.fa	3.easyfig.fa	94.737	19	1	0	55519	55537	40058	40040	7.6	30.1
2.easyfig.fa	3.easyfig.fa	94.737	19	1	0	34761	34779	40204	40222	7.6	30.1
2.easyfig.fa	3.easyfig.fa	94.737	19	1	0	46463	46481	40376	40394	7.6	30.1
2.easyfig.fa	3.easyfig.fa	100.000	16	0	0	39976	39991	40442	40427	7.6	30.1
2.easyfig.fa	3.easyfig.fa	100.000	16	0	0	62219	62234	41191	41206	7.6	30.1
2.easyfig.fa	3.easyfig.fa	80.000	35	5	1	70160	70192	41384	41418	7.6	30.1
2.easyfig.fa	3.easyfig.fa	94.737	19	1	0	20898	20916	41817	41799	7.6	30.1
2.easyfig.fa	3.easyfig.fa	90.476	21	2	0	90296	90316	42085	42105	7.6	30.1
2.easyfig.fa	3.easyfig.fa	76.744	43	9	1	45537	45578	42561	42603	7.6	30.1
2.easyfig.fa	3.easyfig.fa	100.000	16	0	0	33474	33489	42576	42561	7.6	30.1
2.easyfig.fa	3.easyfig.fa	87.500	24	3	0	33920	33943	42586	42563	7.6	30.1
2.easyfig.fa	3.easyfig.fa	90.476	21	2	0	38887	38907	42569	42589	7.6	30.1
2.easyfig.fa	3.easyfig.fa	90.476	21	2	0	12908	12928	44056	44036	7.6	30.1
2.easyfig.fa	3.easyfig.fa	80.645	31	6	0	19671	19701	44072	44042	7.6	30.1
2.easyfig.fa	3.easyfig.fa	94.737	19	1	0	44854	44872	44042	44060	7.6	30.1
2.easyfig.fa	3.easyfig.fa	90.476	21	2	0	66508	66528	44049	44069	7.6	30.1
2.easyfig.fa	3.easyfig.fa	100.000	16	0	0	77143	77158	45134	45149	7.6	30.1
2.easyfig.fa	3.easyfig.fa	100.000	16	0	0	67035	67050	45947	45962	7.6	30.1
2.easyfig.fa	3.easyfig.fa	80.000	35	5	1	88790	88822	45978	46012	7.6	30.1
2.easyfig.fa	3.easyfig.fa	94.737	19	1	0	13874	13892	46634	46616	7.6	30.1
2.easyfig.fa	3.easyfig.fa	90.476	21	2	0	55621	55641	46840	46860	7.6	30.1
2.easyfig.fa	3.easyfig.fa	94.737	19	1	0	45409	45427	47066	47084	7.6	30.1
2.easyfig.fa	3.easyfig.fa	94.737	19	1	0	46039	46057	47156	47174	7.6	30.1
2.easyfig.fa	3.easyfig.fa	76.923	39	9	0	23814	23852	47388	47350	7.6	30.1
2.easyfig.fa	3.easyfig.fa	100.000	16	0	0	38086	38101	47373	47388	7.6	30.1
2.easyfig.fa	3.easyfig.fa	87.500	24	3	0	67314	67337	47390	47413	7.6	30.1
2.easyfig.fa	3.easyfig.fa	90.476	21	2	0	22823	22843	47453	47433	7.6	30.1
2.easyfig.fa	3.easyfig.fa	94.737	19	1	0	32111	32129	47875	47893	7.6	30.1
2.easyfig.fa	3.easyfig.fa	90.476	21	2	0	30470	30490	48839	48859	7.6	30.1
2.easyfig.fa	3.easyfig.fa	87.500	24	3	0	16256	16279	48934	48911	7.6	30.1
2.easyfig.fa	3.easyfig.fa	94.737	19	1	0	67350	67368	50958	50976	7.6	30.1
2.easyfig.fa	3.easyfig.fa	90.476	21	2	0	73990	74010	55068	55088	7.6	30.1
2.easyfig.fa	3.easyfig.fa	87.500	24	3	0	55475	55498	55378	55401	7.6	30.1
2.easyfig.fa	3.easyfig.fa	100.000	16	0	0	47854	47869	55642	55657	7.6	30.1
2.easyfig.fa	3.easyfig.fa	87.500	24	3	0	42347	42370	56669	56692	7.6	30.1
2.easyfig.fa	3.easyfig.fa	73.913	46	12	0	2498	2543	56916	56961	7.6	30.1
2.easyfig.fa	3.easyfig.fa	91.304	23	1	1	76309	76330	57067	57089	7.6	30.1
2.easyfig.fa	3.easyfig.fa	100.000	16	0	0	12175	12190	57247	57232	7.6	30.1
2.easyfig.fa	3.easyfig.fa	100.000	16	0	0	20030	20045	58634	58649	7.6	30.1
2.easyfig.fa	3.easyfig.fa	100.000	16	0	0	48601	48616	58726	58741	7.6	30.1
2.easyfig.fa	3.easyfig.fa	84.615	26	4	0	54766	54791	58836	58861	7.6	30.1
2.easyfig.fa	3.easyfig.fa	90.476	21	2	0	53106	53126	59198	59178	7.6	30.1
2.easyfig.fa	3.easyfig.fa	90.476	21	2	0	46638	46658	59513	59533	7.6	30.1
2.easyfig.fa	3.easyfig.fa	84.615	26	4	0	27805	27830	60815	60790	7.6	30.1
2.easyfig.fa	3.easyfig.fa	90.476	21	2	0	79518	79538	61104	61124	7.6	30.1
2.easyfig.fa	3.easyfig.fa	100.000	16	0	0	5673	5688	62072	62057	7.6	30.1
2.easyfig.fa	3.easyfig.fa	100.000	16	0	0	17712	17727	62783	62768	7.6	30.1
2.easyfig.fa	3.easyfig.fa	94.737	19	1	0	16347	16365	64152	64134	7.6	30.1
2.easyfig.fa	3.easyfig.fa	78.571	42	5	2	41692	41731	64210	64249	7.6	30.1
2.easyfig.fa	3.easyfig.fa	94.737	19	1	0	86479	86497	64813	64831	7.6	30.1
2.easyfig.fa	3.easyfig.fa	90.476	21	2	0	8349	8369	64970	64950	7.6	30.1
2.easyfig.fa	3.easyfig.fa	83.871	31	4	1	85950	85980	64959	64988	7.6	30.1
2.easyfig.fa	3.easyfig.fa	94.737	19	1	0	62696	62714	66135	66153	7.6	30.1
2.easyfig.fa	3.easyfig.fa	84.615	26	4	0	42751	42776	66214	66239	7.6	30.1
2.easyfig.fa	3.easyfig.fa	90.476	21	2	0	37071	37091	66226	66246	7.6	30.1
2.easyfig.fa	3.easyfig.fa	100.000	16	0	0	41199	41214	66457	66472	7.6	30.1
2.easyfig.fa	3.easyfig.fa	88.462	26	2	1	2870	2895	70208	70184	7.6	30.1
2.easyfig.fa	3.easyfig.fa	100.000	16	0	0	44580	44595	70778	70793	7.6	30.1
2.easyfig.fa	3.easyfig.fa	73.913	46	12	0	34691	34736	71333	71378	7.6	30.1
2.easyfig.fa	3.easyfig.fa	87.500	24	3	0	91975	91998	73975	73998	7.6	30.1
2.easyfig.fa	3.easyfig.fa	94.737	19	1	0	72691	72709	74186	74204	7.6	30.1
2.easyfig.fa	3.easyfig.fa	100.000	16	0	0	33222	33237	74217	74232	7.6	30.1
2.easyfig.fa	3.easyfig.fa	100.000	16	0	0	71456	71471	75005	75020	7.6	30.1
2.easyfig.fa	3.easyfig.fa	90.476	21	2	0	73251	73271	75031	75051	7.6	30.1
2.easyfig.fa	3.easyfig.fa	77.778	45	7	2	52842	52885	75226	75268	7.6	30.1
2.easyfig.fa	3.easyfig.fa	84.615	26	4	0	15441	15466	75327	75302	7.6	30.1
2.easyfig.fa	3.easyfig.fa	100.000	16	0	0	19487	19502	75781	75766	7.6	30.1
2.easyfig.fa	3.easyfig.fa	94.737	19	1	0	66528	66546	76309	76327	7.6	30.1
2.easyfig.fa	3.easyfig.fa	100.000	16	0	0	51920	51935	78311	78326	7.6	30.1
2.easyfig.fa	3.easyfig.fa	90.476	21	2	0	69986	70006	78725	78745	7.6	30.1
2.easyfig.fa	3.easyfig.fa	82.759	29	5	0	35870	35898	79022	79050	7.6	30.1
2.easyfig.fa	3.easyfig.fa	90.476	21	2	0	31653	31673	80987	81007	7.6	30.1
2.easyfig.fa	3.easyfig.fa	94.737	19	1	0	55534	55552	83164	83182	7.6	30.1
2.easyfig.fa	3.easyfig.fa	100.000	16	0	0	65957	65972	84030	84045	7.6	30.1
2.easyfig.fa	3.easyfig.fa	100.000	16	0	0	88489	88504	85729	85744	7.6	30.1
2.easyfig.fa	3.easyfig.fa	90.476	21	2	0	35028	35048	85887	85907	7.6	30.1
2.easyfig.fa	3.easyfig.fa	90.476	21	2	0	45685	45705	86295	86315	7.6	30.1
2.easyfig.fa	3.easyfig.fa	80.645	31	6	0	68118	68148	86490	86520	7.6	30.1
2.easyfig.fa	3.easyfig.fa	84.615	26	4	0	31071	31096	86580	86605	7.6	30.1
2.easyfig.fa	3.easyfig.fa	87.500	24	3	0	62134	62157	86813	86836	7.6	30.1
2.easyfig.fa	3.easyfig.fa	100.000	16	0	0	72292	72307	86840	86855	7.6	30.1
2.easyfig.fa	3.easyfig.fa	79.412	34	7	0	9363	9396	87035	87002	7.6	30.1
2.easyfig.fa	3.easyfig.fa	87.500	24	3	0	28577	28600	87023	87046	7.6	30.1
2.easyfig.fa	3.easyfig.fa	100.000	16	0	0	28999	29014	87277	87292	7.6	30.1
2.easyfig.fa	3.easyfig.fa	90.476	21	2	0	85529	85549	87776	87796	7.6	30.1
2.easyfig.fa	3.easyfig.fa	90.476	21	2	0	63647	63667	90717	90737	7.6	30.1
2.easyfig.fa	3.easyfig.fa	76.316	38	3	1	38961	38998	91944	91975	7.6	30.1
2.easyfig.fa	3.easyfig.fa	94.737	19	1	0	55955	55973	92410	92428	7.6	30.1
2.easyfig.fa	3.easyfig.fa	78.378	37	5	1	18565	18601	92630	92597	7.6	30.1
2.easyfig.fa	3.easyfig.fa	90.476	21	2	0	77338	77358	93299	93319	7.6	30.1
2.easyfig.fa	3.easyfig.fa	100.000	16	0	0	50134	50149	93667	93682	7.6	30.1
2.easyfig.fa	3.easyfig.fa	87.500	24	3	0	29495	29518	94428	94451	7.6	30.1
2.easyfig.fa	3.easyfig.fa	94.737	19	1	0	86062	86080	94632	94650	7.6	30.1
2.easyfig.fa	3.easyfig.fa	94.737	19	1	0	44977	44995	94909	94927	7.6	30.1
2.easyfig.fa	3.easyfig.fa	84.615	26	4	0	37071	37096	95576	95601	7.6	30.1
2.easyfig.fa	3.easyfig.fa	100.000	16	0	0	87221	87236	95994	96009	7.6	30.1
2.easyfig.fa	3.easyfig.fa	85.714	28	2	1	39861	39888	96193	96168	7.6	30.1
2.easyfig.fa	3.easyfig.fa	84.615	26	4	0	27131	27156	96324	96299	7.6	30.1
2.easyfig.fa	3.easyfig.fa	90.476	21	2	0	41384	41404	96831	96851	7.6	30.1
2.easyfig.fa	3.easyfig.fa	94.737	19	1	0	35427	35445	96849	96831	7.6	30.1
