3.easyfig.fa	4.easyfig.fa	97.078	34053	861	43	28370	62385	29109	63064	0.0	56852
3.easyfig.fa	4.easyfig.fa	97.947	25518	524	0	71314	96831	70985	96502	0.0	43657
3.easyfig.fa	4.easyfig.fa	97.480	12222	255	17	2771	14950	3244	15454	0.0	20624
3.easyfig.fa	4.easyfig.fa	96.825	8253	221	16	14807	23028	15452	23694	0.0	13667
3.easyfig.fa	4.easyfig.fa	97.230	7112	176	7	63403	70500	63062	70166	0.0	11925
3.easyfig.fa	4.easyfig.fa	98.516	2493	37	0	23022	25514	24612	27104	0.0	4329
3.easyfig.fa	4.easyfig.fa	97.820	1881	41	0	26539	28419	27113	28993	0.0	3207
3.easyfig.fa	4.easyfig.fa	82.234	2775	336	51	49	2764	292	2968	0.0	2693
3.easyfig.fa	4.easyfig.fa	65.825	1545	443	32	71351	72857	71349	72846	1.17e-92	338
3.easyfig.fa	4.easyfig.fa	66.463	1148	339	21	71463	72587	71773	72897	7.88e-76	282
3.easyfig.fa	4.easyfig.fa	64.859	1309	412	15	71674	72955	71018	72305	7.38e-70	262
3.easyfig.fa	4.easyfig.fa	83.628	226	12	4	96832	97057	1	201	5.68e-65	246
3.easyfig.fa	4.easyfig.fa	65.093	1186	355	20	72069	73226	71104	72258	1.03e-61	235
3.easyfig.fa	4.easyfig.fa	68.849	443	128	6	72748	73185	71462	71899	6.48e-39	159
3.easyfig.fa	4.easyfig.fa	63.880	933	312	7	71304	72228	71941	72856	2.76e-37	154
3.easyfig.fa	4.easyfig.fa	66.724	583	155	13	71301	71868	72256	72814	2.76e-37	154
3.easyfig.fa	4.easyfig.fa	68.116	276	73	2	72918	73181	70984	71256	1.25e-22	105
3.easyfig.fa	4.easyfig.fa	65.397	604	141	24	76013	76564	75897	76484	5.33e-21	100
3.easyfig.fa	4.easyfig.fa	68.860	228	50	6	71304	71525	72580	72792	4.09e-16	84.2
3.easyfig.fa	4.easyfig.fa	87.692	65	8	0	6070	6134	27942	28006	1.43e-15	82.4
3.easyfig.fa	4.easyfig.fa	64.775	511	134	16	76226	76725	75684	76159	4.99e-15	80.6
3.easyfig.fa	4.easyfig.fa	86.154	65	9	0	27368	27432	6575	6639	6.08e-14	77.0
3.easyfig.fa	4.easyfig.fa	63.993	586	153	19	76011	76561	75757	76319	7.40e-13	73.4
3.easyfig.fa	4.easyfig.fa	63.559	590	149	19	76086	76648	75682	76232	9.02e-12	69.8
3.easyfig.fa	4.easyfig.fa	64.620	342	95	6	76384	76724	75767	76083	3.15e-11	68.0
3.easyfig.fa	4.easyfig.fa	65.023	426	107	15	76021	76407	76055	76477	3.15e-11	68.0
3.easyfig.fa	4.easyfig.fa	70.186	161	46	2	69203	69362	78634	78793	3.15e-11	68.0
3.easyfig.fa	4.easyfig.fa	83.333	66	9	2	20625	20689	6575	6639	1.34e-09	62.6
3.easyfig.fa	4.easyfig.fa	69.565	161	47	2	78963	79122	68869	69028	1.34e-09	62.6
3.easyfig.fa	4.easyfig.fa	63.489	556	162	14	72597	73127	70984	71523	1.34e-09	62.6
3.easyfig.fa	4.easyfig.fa	81.429	70	11	2	20625	20693	27942	28010	4.67e-09	60.8
3.easyfig.fa	4.easyfig.fa	71.324	136	29	4	29113	29243	29971	29841	4.67e-09	60.8
3.easyfig.fa	4.easyfig.fa	81.818	66	10	2	6070	6134	21270	21334	1.63e-08	59.0
3.easyfig.fa	4.easyfig.fa	77.465	71	16	0	27368	27438	21270	21340	5.69e-08	57.2
3.easyfig.fa	4.easyfig.fa	100.000	31	0	0	96788	96818	46720	46750	5.69e-08	57.2
3.easyfig.fa	4.easyfig.fa	63.405	511	137	15	76384	76887	75692	76159	5.69e-08	57.2
3.easyfig.fa	4.easyfig.fa	63.660	388	109	8	76054	76419	75863	76240	5.69e-08	57.2
3.easyfig.fa	4.easyfig.fa	66.818	220	55	6	76208	76412	76179	76395	5.69e-08	57.2
3.easyfig.fa	4.easyfig.fa	70.909	110	32	0	76309	76418	76454	76563	1.99e-07	55.4
3.easyfig.fa	4.easyfig.fa	75.281	89	17	3	96885	96972	46764	46680	6.93e-07	53.6
3.easyfig.fa	4.easyfig.fa	94.118	34	2	0	23969	24002	92023	91990	6.93e-07	53.6
3.easyfig.fa	4.easyfig.fa	75.556	90	6	6	29175	29249	24	112	2.42e-06	51.8
3.easyfig.fa	4.easyfig.fa	84.615	52	6	2	68944	68994	20442	20392	2.42e-06	51.8
3.easyfig.fa	4.easyfig.fa	89.474	38	4	0	71113	71150	71483	71520	2.42e-06	51.8
3.easyfig.fa	4.easyfig.fa	91.667	36	3	0	76533	76568	76054	76089	2.42e-06	51.8
3.easyfig.fa	4.easyfig.fa	80.000	65	11	2	20664	20727	86852	86915	2.42e-06	51.8
3.easyfig.fa	4.easyfig.fa	80.645	62	10	2	59745	59805	94355	94415	2.42e-06	51.8
3.easyfig.fa	4.easyfig.fa	96.774	31	1	0	45996	46026	96459	96489	2.42e-06	51.8
3.easyfig.fa	4.easyfig.fa	77.778	72	11	3	45973	46040	124	54	8.45e-06	50.0
3.easyfig.fa	4.easyfig.fa	89.189	37	4	0	564	600	30916	30952	8.45e-06	50.0
3.easyfig.fa	4.easyfig.fa	65.741	216	56	5	72345	72548	71050	71259	8.45e-06	50.0
3.easyfig.fa	4.easyfig.fa	68.387	155	25	7	73422	73558	72466	72614	8.45e-06	50.0
3.easyfig.fa	4.easyfig.fa	67.123	146	36	2	76192	76337	75725	75858	8.45e-06	50.0
3.easyfig.fa	4.easyfig.fa	70.000	110	33	0	76783	76892	75980	76089	8.45e-06	50.0
3.easyfig.fa	4.easyfig.fa	77.632	76	14	3	29065	29140	94329	94401	8.45e-06	50.0
3.easyfig.fa	4.easyfig.fa	87.500	40	5	0	29204	29243	94413	94374	8.45e-06	50.0
3.easyfig.fa	4.easyfig.fa	91.667	36	2	1	79958	79993	18347	18313	2.95e-05	48.2
3.easyfig.fa	4.easyfig.fa	96.552	29	1	0	92319	92347	25592	25564	2.95e-05	48.2
3.easyfig.fa	4.easyfig.fa	75.904	83	13	4	96788	96868	29848	29925	2.95e-05	48.2
3.easyfig.fa	4.easyfig.fa	77.941	68	9	3	59736	59803	29993	29932	2.95e-05	48.2
3.easyfig.fa	4.easyfig.fa	82.353	51	8	1	78551	78601	47582	47631	2.95e-05	48.2
3.easyfig.fa	4.easyfig.fa	91.176	34	3	0	79959	79992	53160	53193	2.95e-05	48.2
3.easyfig.fa	4.easyfig.fa	91.667	36	2	1	17668	17702	79664	79629	2.95e-05	48.2
3.easyfig.fa	4.easyfig.fa	91.176	34	3	0	52436	52469	79630	79663	2.95e-05	48.2
3.easyfig.fa	4.easyfig.fa	100.000	25	0	0	59769	59793	37613	37637	1.03e-04	46.4
3.easyfig.fa	4.easyfig.fa	96.296	27	1	0	2342	2368	1365	1391	3.59e-04	44.6
3.easyfig.fa	4.easyfig.fa	93.103	29	2	0	2342	2370	1610	1638	3.59e-04	44.6
3.easyfig.fa	4.easyfig.fa	81.818	44	8	0	53851	53894	6618	6575	3.59e-04	44.6
3.easyfig.fa	4.easyfig.fa	84.091	44	6	1	23953	23995	11697	11740	3.59e-04	44.6
3.easyfig.fa	4.easyfig.fa	93.103	29	2	0	19198	19226	11738	11710	3.59e-04	44.6
3.easyfig.fa	4.easyfig.fa	91.429	35	0	2	52447	52481	18336	18305	3.59e-04	44.6
3.easyfig.fa	4.easyfig.fa	96.296	27	1	0	43720	43746	18313	18339	3.59e-04	44.6
3.easyfig.fa	4.easyfig.fa	93.103	29	2	0	11206	11234	19871	19843	3.59e-04	44.6
3.easyfig.fa	4.easyfig.fa	82.609	46	6	1	17653	17696	37652	37607	3.59e-04	44.6
3.easyfig.fa	4.easyfig.fa	91.429	35	0	2	17660	17691	53205	53171	3.59e-04	44.6
3.easyfig.fa	4.easyfig.fa	74.118	85	14	4	75314	75394	68639	68719	3.59e-04	44.6
3.easyfig.fa	4.easyfig.fa	75.758	66	15	1	71083	71147	72409	72474	3.59e-04	44.6
3.easyfig.fa	4.easyfig.fa	66.452	155	28	5	72795	72943	73093	73229	3.59e-04	44.6
3.easyfig.fa	4.easyfig.fa	75.000	84	15	4	68973	69053	74985	75065	3.59e-04	44.6
3.easyfig.fa	4.easyfig.fa	77.193	57	13	0	76525	76581	75683	75739	3.59e-04	44.6
3.easyfig.fa	4.easyfig.fa	79.592	49	10	0	76525	76573	76358	76406	3.59e-04	44.6
3.easyfig.fa	4.easyfig.fa	79.592	49	10	0	68989	69037	77865	77913	3.59e-04	44.6
3.easyfig.fa	4.easyfig.fa	93.103	29	2	0	43718	43746	79666	79638	3.59e-04	44.6
3.easyfig.fa	4.easyfig.fa	93.103	29	2	0	59771	59799	79644	79672	3.59e-04	44.6
3.easyfig.fa	4.easyfig.fa	85.000	40	4	1	1412	1451	2546	2583	0.001	42.8
3.easyfig.fa	4.easyfig.fa	86.111	36	5	0	86834	86869	2801	2766	0.001	42.8
3.easyfig.fa	4.easyfig.fa	86.111	36	5	0	79957	79992	4869	4904	0.001	42.8
3.easyfig.fa	4.easyfig.fa	86.111	36	5	0	5446	5481	5835	5870	0.001	42.8
3.easyfig.fa	4.easyfig.fa	79.630	54	8	2	36884	36937	18340	18290	0.001	42.8
3.easyfig.fa	4.easyfig.fa	76.923	65	13	2	87181	87244	21309	21372	0.001	42.8
3.easyfig.fa	4.easyfig.fa	92.857	28	2	0	45989	46016	29841	29868	0.001	42.8
3.easyfig.fa	4.easyfig.fa	92.857	28	2	0	52450	52477	37615	37642	0.001	42.8
3.easyfig.fa	4.easyfig.fa	100.000	23	0	0	79968	79990	40855	40877	0.001	42.8
3.easyfig.fa	4.easyfig.fa	96.154	26	1	0	17669	17694	44445	44470	0.001	42.8
3.easyfig.fa	4.easyfig.fa	81.395	43	8	0	34885	34927	44655	44697	0.001	42.8
3.easyfig.fa	4.easyfig.fa	83.721	43	6	1	94703	94744	46713	46755	0.001	42.8
3.easyfig.fa	4.easyfig.fa	92.857	28	2	0	29113	29140	46713	46740	0.001	42.8
3.easyfig.fa	4.easyfig.fa	92.857	28	2	0	36891	36918	53174	53201	0.001	42.8
3.easyfig.fa	4.easyfig.fa	90.323	31	3	0	6083	6113	54605	54575	0.001	42.8
3.easyfig.fa	4.easyfig.fa	86.111	36	5	0	74433	74468	68434	68469	0.001	42.8
3.easyfig.fa	4.easyfig.fa	90.323	31	3	0	23969	23999	69226	69196	0.001	42.8
3.easyfig.fa	4.easyfig.fa	82.927	41	7	0	76695	76735	76204	76244	0.001	42.8
3.easyfig.fa	4.easyfig.fa	86.111	36	5	0	4363	4398	79628	79663	0.001	42.8
3.easyfig.fa	4.easyfig.fa	100.000	23	0	0	40131	40153	79639	79661	0.001	42.8
3.easyfig.fa	4.easyfig.fa	92.857	28	2	0	84052	84079	94407	94380	0.001	42.8
3.easyfig.fa	4.easyfig.fa	90.000	30	3	0	1404	1433	1357	1386	0.004	41.0
3.easyfig.fa	4.easyfig.fa	100.000	22	0	0	1382	1403	1601	1580	0.004	41.0
3.easyfig.fa	4.easyfig.fa	96.000	25	1	0	1169	1193	1612	1636	0.004	41.0
3.easyfig.fa	4.easyfig.fa	85.714	35	5	0	3200	3234	3589	3623	0.004	41.0
3.easyfig.fa	4.easyfig.fa	79.630	54	9	2	29215	29266	7569	7622	0.004	41.0
3.easyfig.fa	4.easyfig.fa	85.714	35	5	0	96777	96811	19834	19868	0.004	41.0
3.easyfig.fa	4.easyfig.fa	92.593	27	2	0	86773	86799	19842	19868	0.004	41.0
3.easyfig.fa	4.easyfig.fa	78.000	50	11	0	58294	58343	25223	25174	0.004	41.0
3.easyfig.fa	4.easyfig.fa	79.630	54	9	2	7064	7117	29943	29994	0.004	41.0
3.easyfig.fa	4.easyfig.fa	92.593	27	2	0	84057	84083	37635	37609	0.004	41.0
3.easyfig.fa	4.easyfig.fa	92.593	27	2	0	19195	19221	44470	44444	0.004	41.0
3.easyfig.fa	4.easyfig.fa	73.684	76	18	2	417	491	44628	44554	0.004	41.0
3.easyfig.fa	4.easyfig.fa	87.500	32	4	0	61906	61937	47183	47214	0.004	41.0
3.easyfig.fa	4.easyfig.fa	85.714	35	5	0	68048	68082	49557	49591	0.004	41.0
3.easyfig.fa	4.easyfig.fa	78.723	47	10	0	79103	79149	52073	52119	0.004	41.0
3.easyfig.fa	4.easyfig.fa	78.000	50	11	0	23584	23633	59067	59018	0.004	41.0
3.easyfig.fa	4.easyfig.fa	78.182	55	7	2	29216	29265	60514	60460	0.004	41.0
3.easyfig.fa	4.easyfig.fa	96.000	25	1	0	36889	36913	60493	60517	0.004	41.0
3.easyfig.fa	4.easyfig.fa	83.784	37	6	0	73364	73400	72720	72756	0.004	41.0
3.easyfig.fa	4.easyfig.fa	85.714	35	5	0	75369	75403	77865	77899	0.004	41.0
3.easyfig.fa	4.easyfig.fa	78.723	47	10	0	51349	51395	78774	78820	0.004	41.0
3.easyfig.fa	4.easyfig.fa	85.714	35	5	0	75214	75248	79862	79896	0.004	41.0
3.easyfig.fa	4.easyfig.fa	96.000	25	1	0	59772	59796	83747	83723	0.004	41.0
3.easyfig.fa	4.easyfig.fa	92.593	27	2	0	36885	36911	83754	83728	0.004	41.0
3.easyfig.fa	4.easyfig.fa	86.111	36	2	1	50487	50519	86164	86199	0.004	41.0
3.easyfig.fa	4.easyfig.fa	100.000	22	0	0	4377	4398	94380	94401	0.004	41.0
3.easyfig.fa	4.easyfig.fa	75.581	86	15	6	6082	6164	6669	6587	0.015	39.2
3.easyfig.fa	4.easyfig.fa	82.051	39	7	0	60021	60059	7532	7494	0.015	39.2
3.easyfig.fa	4.easyfig.fa	85.294	34	5	0	8929	8962	7516	7549	0.015	39.2
3.easyfig.fa	4.easyfig.fa	100.000	21	0	0	79973	79993	7589	7569	0.015	39.2
3.easyfig.fa	4.easyfig.fa	100.000	21	0	0	17668	17688	7569	7589	0.015	39.2
3.easyfig.fa	4.easyfig.fa	85.294	34	5	0	7011	7044	9434	9467	0.015	39.2
3.easyfig.fa	4.easyfig.fa	95.833	24	1	0	43720	43743	11715	11738	0.015	39.2
3.easyfig.fa	4.easyfig.fa	100.000	21	0	0	7064	7084	18313	18333	0.015	39.2
3.easyfig.fa	4.easyfig.fa	92.308	26	2	0	84058	84083	18314	18339	0.015	39.2
3.easyfig.fa	4.easyfig.fa	100.000	21	0	0	40133	40153	18336	18316	0.015	39.2
3.easyfig.fa	4.easyfig.fa	92.308	26	2	0	43721	43746	19865	19840	0.015	39.2
3.easyfig.fa	4.easyfig.fa	73.611	72	11	3	46174	46242	21053	20987	0.015	39.2
3.easyfig.fa	4.easyfig.fa	85.294	34	5	0	11203	11236	25552	25585	0.015	39.2
3.easyfig.fa	4.easyfig.fa	100.000	21	0	0	64743	64763	29845	29865	0.015	39.2
3.easyfig.fa	4.easyfig.fa	95.833	24	1	0	46231	46254	34477	34500	0.015	39.2
3.easyfig.fa	4.easyfig.fa	76.923	52	9	1	5026	5074	35266	35215	0.015	39.2
3.easyfig.fa	4.easyfig.fa	95.833	24	1	0	52444	52467	40854	40877	0.015	39.2
3.easyfig.fa	4.easyfig.fa	100.000	21	0	0	17671	17691	40877	40857	0.015	39.2
3.easyfig.fa	4.easyfig.fa	89.655	29	3	0	79967	79995	44470	44442	0.015	39.2
3.easyfig.fa	4.easyfig.fa	89.655	29	3	0	36885	36913	44470	44442	0.015	39.2
3.easyfig.fa	4.easyfig.fa	95.833	24	1	0	52447	52470	44467	44444	0.015	39.2
3.easyfig.fa	4.easyfig.fa	95.833	24	1	0	33753	33776	46955	46978	0.015	39.2
3.easyfig.fa	4.easyfig.fa	92.308	26	2	0	83482	83507	48462	48487	0.015	39.2
3.easyfig.fa	4.easyfig.fa	95.833	24	1	0	40130	40153	53168	53191	0.015	39.2
3.easyfig.fa	4.easyfig.fa	100.000	21	0	0	59771	59791	53174	53194	0.015	39.2
3.easyfig.fa	4.easyfig.fa	82.051	39	7	0	6989	7027	60783	60745	0.015	39.2
3.easyfig.fa	4.easyfig.fa	83.333	36	6	0	88042	88077	61989	62024	0.015	39.2
3.easyfig.fa	4.easyfig.fa	100.000	21	0	0	21008	21028	62756	62736	0.015	39.2
3.easyfig.fa	4.easyfig.fa	95.833	24	1	0	29117	29140	64414	64437	0.015	39.2
3.easyfig.fa	4.easyfig.fa	89.655	29	3	0	95575	95603	65896	65924	0.015	39.2
3.easyfig.fa	4.easyfig.fa	95.833	24	1	0	79967	79990	69199	69222	0.015	39.2
3.easyfig.fa	4.easyfig.fa	81.395	43	2	2	73359	73398	72076	72115	0.015	39.2
3.easyfig.fa	4.easyfig.fa	95.833	24	1	0	23937	23960	73423	73446	0.015	39.2
3.easyfig.fa	4.easyfig.fa	75.000	56	14	0	76013	76068	76197	76252	0.015	39.2
3.easyfig.fa	4.easyfig.fa	87.097	31	4	0	76783	76813	76205	76235	0.015	39.2
3.easyfig.fa	4.easyfig.fa	76.786	56	12	1	13163	13218	76449	76395	0.015	39.2
3.easyfig.fa	4.easyfig.fa	75.000	56	14	0	76139	76194	76434	76489	0.015	39.2
3.easyfig.fa	4.easyfig.fa	95.833	24	1	0	69533	69556	79638	79661	0.015	39.2
3.easyfig.fa	4.easyfig.fa	100.000	21	0	0	7064	7084	79664	79644	0.015	39.2
3.easyfig.fa	4.easyfig.fa	92.308	26	2	0	47738	47763	83153	83178	0.015	39.2
3.easyfig.fa	4.easyfig.fa	92.308	26	2	0	17669	17694	83729	83754	0.015	39.2
3.easyfig.fa	4.easyfig.fa	83.333	36	6	0	34300	34335	86164	86199	0.015	39.2
3.easyfig.fa	4.easyfig.fa	83.333	36	6	0	61265	61300	87713	87748	0.015	39.2
3.easyfig.fa	4.easyfig.fa	89.655	29	3	0	66225	66253	95246	95274	0.015	39.2
3.easyfig.fa	4.easyfig.fa	92.857	28	1	1	69804	69831	96478	96452	0.015	39.2
3.easyfig.fa	4.easyfig.fa	89.655	29	3	0	86777	86805	96460	96488	0.015	39.2
3.easyfig.fa	4.easyfig.fa	77.778	54	9	2	23338	23391	4442	4492	0.053	37.4
3.easyfig.fa	4.easyfig.fa	89.286	28	3	0	35609	35636	5372	5345	0.053	37.4
3.easyfig.fa	4.easyfig.fa	100.000	20	0	0	59771	59790	7589	7570	0.053	37.4
3.easyfig.fa	4.easyfig.fa	100.000	20	0	0	52450	52469	7589	7570	0.053	37.4
3.easyfig.fa	4.easyfig.fa	100.000	20	0	0	36891	36910	7589	7570	0.053	37.4
3.easyfig.fa	4.easyfig.fa	95.652	23	1	0	92326	92348	11740	11718	0.053	37.4
3.easyfig.fa	4.easyfig.fa	95.652	23	1	0	69534	69556	11740	11718	0.053	37.4
3.easyfig.fa	4.easyfig.fa	77.419	62	8	4	12669	12724	18214	18275	0.053	37.4
3.easyfig.fa	4.easyfig.fa	92.000	25	2	0	29119	29143	18335	18311	0.053	37.4
3.easyfig.fa	4.easyfig.fa	100.000	20	0	0	59771	59790	18333	18314	0.053	37.4
3.easyfig.fa	4.easyfig.fa	92.000	25	2	0	38195	38219	19131	19107	0.053	37.4
3.easyfig.fa	4.easyfig.fa	100.000	20	0	0	26715	26734	19260	19279	0.053	37.4
3.easyfig.fa	4.easyfig.fa	86.111	36	2	2	50501	50536	19577	19545	0.053	37.4
3.easyfig.fa	4.easyfig.fa	95.652	23	1	0	45997	46019	19846	19868	0.053	37.4
3.easyfig.fa	4.easyfig.fa	76.000	50	12	0	48929	48978	21770	21721	0.053	37.4
3.easyfig.fa	4.easyfig.fa	78.723	47	9	1	64602	64648	24501	24456	0.053	37.4
3.easyfig.fa	4.easyfig.fa	100.000	20	0	0	18615	18634	27289	27308	0.053	37.4
3.easyfig.fa	4.easyfig.fa	92.000	25	2	0	87189	87213	27989	28013	0.053	37.4
3.easyfig.fa	4.easyfig.fa	92.000	25	2	0	17666	17690	29871	29847	0.053	37.4
3.easyfig.fa	4.easyfig.fa	86.667	30	4	0	76706	76735	30783	30754	0.053	37.4
3.easyfig.fa	4.easyfig.fa	72.941	85	17	4	57168	57252	34426	34504	0.053	37.4
3.easyfig.fa	4.easyfig.fa	80.000	40	8	0	93687	93726	35722	35761	0.053	37.4
3.easyfig.fa	4.easyfig.fa	89.286	28	3	0	4841	4868	36360	36333	0.053	37.4
3.easyfig.fa	4.easyfig.fa	86.667	30	4	0	80790	80819	37350	37379	0.053	37.4
3.easyfig.fa	4.easyfig.fa	100.000	20	0	0	69537	69556	37613	37632	0.053	37.4
3.easyfig.fa	4.easyfig.fa	95.652	23	1	0	79973	79995	37615	37637	0.053	37.4
3.easyfig.fa	4.easyfig.fa	100.000	20	0	0	7065	7084	37634	37615	0.053	37.4
3.easyfig.fa	4.easyfig.fa	95.652	23	1	0	69534	69556	40855	40877	0.053	37.4
3.easyfig.fa	4.easyfig.fa	95.652	23	1	0	59771	59793	44464	44442	0.053	37.4
3.easyfig.fa	4.easyfig.fa	95.652	23	1	0	11212	11234	44445	44467	0.053	37.4
3.easyfig.fa	4.easyfig.fa	100.000	20	0	0	73758	73777	46719	46738	0.053	37.4
3.easyfig.fa	4.easyfig.fa	95.652	23	1	0	19201	19223	46721	46743	0.053	37.4
3.easyfig.fa	4.easyfig.fa	100.000	20	0	0	64134	64153	47262	47281	0.053	37.4
3.easyfig.fa	4.easyfig.fa	82.857	35	6	0	44351	44385	47601	47635	0.053	37.4
3.easyfig.fa	4.easyfig.fa	70.652	92	21	3	22452	22537	48166	48075	0.053	37.4
3.easyfig.fa	4.easyfig.fa	78.261	46	7	1	52844	52889	48693	48735	0.053	37.4
3.easyfig.fa	4.easyfig.fa	86.111	36	2	2	18900	18932	51260	51225	0.053	37.4
3.easyfig.fa	4.easyfig.fa	82.857	35	6	0	86851	86885	51314	51348	0.053	37.4
3.easyfig.fa	4.easyfig.fa	86.667	30	4	0	52436	52465	52772	52743	0.053	37.4
3.easyfig.fa	4.easyfig.fa	86.667	30	4	0	52019	52048	53189	53160	0.053	37.4
3.easyfig.fa	4.easyfig.fa	95.652	23	1	0	43721	43743	53193	53171	0.053	37.4
3.easyfig.fa	4.easyfig.fa	95.652	23	1	0	84057	84079	53194	53172	0.053	37.4
3.easyfig.fa	4.easyfig.fa	100.000	20	0	0	7065	7084	53193	53174	0.053	37.4
3.easyfig.fa	4.easyfig.fa	78.261	46	7	1	47969	48011	53568	53613	0.053	37.4
3.easyfig.fa	4.easyfig.fa	73.846	65	16	1	27430	27494	54553	54490	0.053	37.4
3.easyfig.fa	4.easyfig.fa	73.016	63	8	2	96845	96898	55668	55606	0.053	37.4
3.easyfig.fa	4.easyfig.fa	92.000	25	2	0	84052	84076	60520	60496	0.053	37.4
3.easyfig.fa	4.easyfig.fa	76.364	55	7	2	76523	76577	63506	63554	0.053	37.4
3.easyfig.fa	4.easyfig.fa	100.000	20	0	0	46538	46557	63805	63824	0.053	37.4
3.easyfig.fa	4.easyfig.fa	83.784	37	5	1	96774	96809	64402	64438	0.053	37.4
3.easyfig.fa	4.easyfig.fa	92.000	25	2	0	45993	46017	64414	64438	0.053	37.4
3.easyfig.fa	4.easyfig.fa	95.652	23	1	0	40131	40153	69200	69222	0.053	37.4
3.easyfig.fa	4.easyfig.fa	95.652	23	1	0	11214	11236	69222	69200	0.053	37.4
3.easyfig.fa	4.easyfig.fa	100.000	20	0	0	36889	36908	69203	69222	0.053	37.4
3.easyfig.fa	4.easyfig.fa	100.000	20	0	0	59769	59788	69203	69222	0.053	37.4
3.easyfig.fa	4.easyfig.fa	92.593	27	1	1	96781	96806	69497	69471	0.053	37.4
3.easyfig.fa	4.easyfig.fa	84.848	33	5	0	79275	79307	69652	69684	0.053	37.4
3.easyfig.fa	4.easyfig.fa	100.000	20	0	0	79803	79822	69889	69908	0.053	37.4
3.easyfig.fa	4.easyfig.fa	85.294	34	2	1	72411	72444	73039	73069	0.053	37.4
3.easyfig.fa	4.easyfig.fa	87.500	32	2	1	96898	96929	73458	73429	0.053	37.4
3.easyfig.fa	4.easyfig.fa	100.000	20	0	0	45995	46014	73429	73448	0.053	37.4
3.easyfig.fa	4.easyfig.fa	78.261	46	7	1	76691	76736	76449	76491	0.053	37.4
3.easyfig.fa	4.easyfig.fa	92.000	25	2	0	69029	69053	77866	77890	0.053	37.4
3.easyfig.fa	4.easyfig.fa	83.784	37	5	1	29728	29764	78242	78207	0.053	37.4
3.easyfig.fa	4.easyfig.fa	84.848	33	5	0	69986	70018	78946	78978	0.053	37.4
3.easyfig.fa	4.easyfig.fa	100.000	20	0	0	70223	70242	79474	79493	0.053	37.4
3.easyfig.fa	4.easyfig.fa	95.652	23	1	0	36891	36913	79644	79666	0.053	37.4
3.easyfig.fa	4.easyfig.fa	95.652	23	1	0	52448	52470	83750	83728	0.053	37.4
3.easyfig.fa	4.easyfig.fa	82.051	39	4	1	34365	34400	83993	84031	0.053	37.4
3.easyfig.fa	4.easyfig.fa	82.857	35	6	0	50590	50624	86522	86556	0.053	37.4
3.easyfig.fa	4.easyfig.fa	92.000	25	2	0	27415	27439	86860	86884	0.053	37.4
3.easyfig.fa	4.easyfig.fa	95.652	23	1	0	11214	11236	92019	91997	0.053	37.4
3.easyfig.fa	4.easyfig.fa	80.000	40	8	0	34998	35037	93358	93397	0.053	37.4
3.easyfig.fa	4.easyfig.fa	90.000	30	2	1	17662	17690	94409	94380	0.053	37.4
3.easyfig.fa	4.easyfig.fa	95.652	23	1	0	52448	52470	94380	94402	0.053	37.4
3.easyfig.fa	4.easyfig.fa	82.857	35	6	0	19189	19223	96448	96482	0.053	37.4
3.easyfig.fa	4.easyfig.fa	76.271	59	9	3	92332	92390	95	42	0.19	35.6
3.easyfig.fa	4.easyfig.fa	100.000	19	0	0	23971	23989	77	95	0.19	35.6
3.easyfig.fa	4.easyfig.fa	88.889	27	3	0	54588	54614	3974	3948	0.19	35.6
3.easyfig.fa	4.easyfig.fa	95.455	22	1	0	29119	29140	4883	4904	0.19	35.6
3.easyfig.fa	4.easyfig.fa	95.455	22	1	0	52448	52469	4883	4904	0.19	35.6
3.easyfig.fa	4.easyfig.fa	95.455	22	1	0	17669	17690	4904	4883	0.19	35.6
3.easyfig.fa	4.easyfig.fa	100.000	19	0	0	29216	29234	4904	4886	0.19	35.6
3.easyfig.fa	4.easyfig.fa	100.000	19	0	0	5624	5642	5964	5982	0.19	35.6
3.easyfig.fa	4.easyfig.fa	100.000	19	0	0	5460	5478	6128	6146	0.19	35.6
3.easyfig.fa	4.easyfig.fa	86.207	29	4	0	78744	78772	7337	7309	0.19	35.6
3.easyfig.fa	4.easyfig.fa	82.927	41	5	2	51995	52034	7550	7589	0.19	35.6
3.easyfig.fa	4.easyfig.fa	100.000	19	0	0	84058	84076	7570	7588	0.19	35.6
3.easyfig.fa	4.easyfig.fa	91.667	24	2	0	40130	40153	7595	7572	0.19	35.6
3.easyfig.fa	4.easyfig.fa	79.487	39	8	0	80030	80068	11198	11160	0.19	35.6
3.easyfig.fa	4.easyfig.fa	95.455	22	1	0	59769	59790	11737	11716	0.19	35.6
3.easyfig.fa	4.easyfig.fa	95.455	22	1	0	36889	36910	11737	11716	0.19	35.6
3.easyfig.fa	4.easyfig.fa	84.375	32	5	0	5526	5557	12052	12083	0.19	35.6
3.easyfig.fa	4.easyfig.fa	75.000	56	13	1	76724	76778	13722	13667	0.19	35.6
3.easyfig.fa	4.easyfig.fa	79.167	48	8	2	47086	47132	17998	18044	0.19	35.6
3.easyfig.fa	4.easyfig.fa	83.333	36	5	1	29199	29234	18298	18332	0.19	35.6
3.easyfig.fa	4.easyfig.fa	95.455	22	1	0	4377	4398	18335	18314	0.19	35.6
3.easyfig.fa	4.easyfig.fa	91.667	24	2	0	69533	69556	18339	18316	0.19	35.6
3.easyfig.fa	4.easyfig.fa	88.889	27	3	0	60875	60901	21140	21114	0.19	35.6
3.easyfig.fa	4.easyfig.fa	84.375	32	5	0	20555	20586	21231	21200	0.19	35.6
3.easyfig.fa	4.easyfig.fa	87.097	31	3	1	42559	42589	23151	23122	0.19	35.6
3.easyfig.fa	4.easyfig.fa	95.455	22	1	0	52859	52880	25376	25355	0.19	35.6
3.easyfig.fa	4.easyfig.fa	95.455	22	1	0	73753	73774	25528	25549	0.19	35.6
3.easyfig.fa	4.easyfig.fa	79.487	39	8	0	51833	51871	28196	28158	0.19	35.6
3.easyfig.fa	4.easyfig.fa	79.070	43	7	1	66206	66248	28670	28630	0.19	35.6
3.easyfig.fa	4.easyfig.fa	79.487	39	8	0	35591	35629	28938	28900	0.19	35.6
3.easyfig.fa	4.easyfig.fa	84.375	32	5	0	55525	55556	29167	29136	0.19	35.6
3.easyfig.fa	4.easyfig.fa	86.207	29	4	0	73749	73777	29838	29866	0.19	35.6
3.easyfig.fa	4.easyfig.fa	91.667	24	2	0	23943	23966	29847	29870	0.19	35.6
3.easyfig.fa	4.easyfig.fa	95.455	22	1	0	4377	4398	29847	29868	0.19	35.6
3.easyfig.fa	4.easyfig.fa	95.455	22	1	0	84058	84079	29868	29847	0.19	35.6
3.easyfig.fa	4.easyfig.fa	76.364	55	10	2	3400	3454	29934	29883	0.19	35.6
3.easyfig.fa	4.easyfig.fa	83.333	36	5	1	17653	17687	29927	29962	0.19	35.6
3.easyfig.fa	4.easyfig.fa	91.667	24	2	0	84053	84076	29939	29962	0.19	35.6
3.easyfig.fa	4.easyfig.fa	100.000	19	0	0	4380	4398	29962	29944	0.19	35.6
3.easyfig.fa	4.easyfig.fa	76.596	47	6	1	44102	44148	30931	30890	0.19	35.6
3.easyfig.fa	4.easyfig.fa	84.375	32	5	0	78524	78555	32035	32066	0.19	35.6
3.easyfig.fa	4.easyfig.fa	82.353	34	6	0	51693	51726	35670	35703	0.19	35.6
3.easyfig.fa	4.easyfig.fa	79.487	39	8	0	12548	12586	35850	35812	0.19	35.6
3.easyfig.fa	4.easyfig.fa	81.081	37	7	0	3120	3156	36299	36335	0.19	35.6
3.easyfig.fa	4.easyfig.fa	79.487	39	8	0	28326	28364	36353	36315	0.19	35.6
3.easyfig.fa	4.easyfig.fa	95.455	22	1	0	11212	11233	37634	37613	0.19	35.6
3.easyfig.fa	4.easyfig.fa	72.308	65	15	1	35540	35604	40710	40771	0.19	35.6
3.easyfig.fa	4.easyfig.fa	85.294	34	4	1	7067	7099	40877	40844	0.19	35.6
3.easyfig.fa	4.easyfig.fa	88.889	27	3	0	64489	64515	43717	43743	0.19	35.6
3.easyfig.fa	4.easyfig.fa	100.000	19	0	0	47018	47036	44841	44859	0.19	35.6
3.easyfig.fa	4.easyfig.fa	86.207	29	4	0	86777	86805	46721	46749	0.19	35.6
3.easyfig.fa	4.easyfig.fa	100.000	19	0	0	44117	44135	47742	47760	0.19	35.6
3.easyfig.fa	4.easyfig.fa	84.375	32	5	0	48754	48785	50003	50034	0.19	35.6
3.easyfig.fa	4.easyfig.fa	91.667	24	2	0	43559	43582	50188	50211	0.19	35.6
3.easyfig.fa	4.easyfig.fa	82.927	41	5	2	7045	7084	52719	52758	0.19	35.6
3.easyfig.fa	4.easyfig.fa	95.455	22	1	0	4377	4398	53172	53193	0.19	35.6
3.easyfig.fa	4.easyfig.fa	95.455	22	1	0	23765	23786	53604	53583	0.19	35.6
3.easyfig.fa	4.easyfig.fa	100.000	19	0	0	38197	38215	54228	54246	0.19	35.6
3.easyfig.fa	4.easyfig.fa	91.667	24	2	0	3703	3726	56141	56118	0.19	35.6
3.easyfig.fa	4.easyfig.fa	84.375	32	5	0	28397	28428	56280	56249	0.19	35.6
3.easyfig.fa	4.easyfig.fa	95.455	22	1	0	83185	83206	58844	58865	0.19	35.6
3.easyfig.fa	4.easyfig.fa	86.207	29	4	0	79973	80001	60495	60523	0.19	35.6
3.easyfig.fa	4.easyfig.fa	82.500	40	3	2	46209	46244	60806	60845	0.19	35.6
3.easyfig.fa	4.easyfig.fa	83.721	43	4	3	68980	69020	61174	61215	0.19	35.6
3.easyfig.fa	4.easyfig.fa	88.889	27	3	0	20469	20495	61625	61599	0.19	35.6
3.easyfig.fa	4.easyfig.fa	88.889	27	3	0	51690	51716	62764	62790	0.19	35.6
3.easyfig.fa	4.easyfig.fa	79.545	44	8	1	4356	4398	64394	64437	0.19	35.6
3.easyfig.fa	4.easyfig.fa	75.000	60	11	2	70419	70478	68614	68559	0.19	35.6
3.easyfig.fa	4.easyfig.fa	83.721	43	4	3	60450	60491	68646	68686	0.19	35.6
3.easyfig.fa	4.easyfig.fa	91.667	24	2	0	17671	17694	69222	69199	0.19	35.6
3.easyfig.fa	4.easyfig.fa	95.455	22	1	0	73412	73433	70794	70815	0.19	35.6
3.easyfig.fa	4.easyfig.fa	75.862	58	12	2	91192	91248	72542	72598	0.19	35.6
3.easyfig.fa	4.easyfig.fa	81.081	37	7	0	73049	73085	73035	73071	0.19	35.6
3.easyfig.fa	4.easyfig.fa	95.455	22	1	0	96785	96806	73427	73448	0.19	35.6
3.easyfig.fa	4.easyfig.fa	100.000	19	0	0	92332	92350	73432	73450	0.19	35.6
3.easyfig.fa	4.easyfig.fa	77.273	44	10	0	94250	94293	75747	75790	0.19	35.6
3.easyfig.fa	4.easyfig.fa	91.667	24	2	0	81048	81071	76167	76190	0.19	35.6
3.easyfig.fa	4.easyfig.fa	86.207	29	4	0	41362	41390	76172	76200	0.19	35.6
3.easyfig.fa	4.easyfig.fa	84.375	32	5	0	31311	31342	78195	78226	0.19	35.6
3.easyfig.fa	4.easyfig.fa	86.207	29	4	0	6804	6832	78443	78415	0.19	35.6
3.easyfig.fa	4.easyfig.fa	95.455	22	1	0	84058	84079	79663	79642	0.19	35.6
3.easyfig.fa	4.easyfig.fa	73.611	72	10	4	29166	29234	79710	79645	0.19	35.6
3.easyfig.fa	4.easyfig.fa	88.889	27	3	0	9639	9665	82194	82168	0.19	35.6
3.easyfig.fa	4.easyfig.fa	95.455	22	1	0	58120	58141	82856	82877	0.19	35.6
3.easyfig.fa	4.easyfig.fa	91.667	24	2	0	29211	29234	83724	83747	0.19	35.6
3.easyfig.fa	4.easyfig.fa	95.455	22	1	0	79971	79992	83750	83729	0.19	35.6
3.easyfig.fa	4.easyfig.fa	95.455	22	1	0	29119	29140	83750	83729	0.19	35.6
3.easyfig.fa	4.easyfig.fa	100.000	19	0	0	7065	7083	83729	83747	0.19	35.6
3.easyfig.fa	4.easyfig.fa	88.889	27	3	0	19197	19223	86444	86470	0.19	35.6
3.easyfig.fa	4.easyfig.fa	75.862	58	12	2	72871	72927	90863	90919	0.19	35.6
3.easyfig.fa	4.easyfig.fa	76.271	59	9	3	96873	96926	92061	92003	0.19	35.6
3.easyfig.fa	4.easyfig.fa	100.000	19	0	0	73761	73779	92003	92021	0.19	35.6
3.easyfig.fa	4.easyfig.fa	95.455	22	1	0	79971	79992	94380	94401	0.19	35.6
3.easyfig.fa	4.easyfig.fa	79.167	48	8	2	59535	59581	96502	96456	0.19	35.6
3.easyfig.fa	4.easyfig.fa	95.455	22	1	0	73756	73777	96456	96477	0.19	35.6
3.easyfig.fa	4.easyfig.fa	100.000	19	0	0	96908	96926	96479	96461	0.19	35.6
3.easyfig.fa	4.easyfig.fa	100.000	19	0	0	23971	23989	96479	96461	0.19	35.6
3.easyfig.fa	4.easyfig.fa	73.239	71	15	3	9947	10014	8	77	0.65	33.7
3.easyfig.fa	4.easyfig.fa	95.238	21	1	0	73761	73781	95	75	0.65	33.7
3.easyfig.fa	4.easyfig.fa	100.000	18	0	0	69804	69821	78	95	0.65	33.7
3.easyfig.fa	4.easyfig.fa	78.723	47	8	2	94681	94727	124	80	0.65	33.7
3.easyfig.fa	4.easyfig.fa	80.556	36	7	0	29337	29372	332	367	0.65	33.7
3.easyfig.fa	4.easyfig.fa	91.304	23	2	0	42561	42583	365	343	0.65	33.7
3.easyfig.fa	4.easyfig.fa	95.238	21	1	0	95044	95064	568	548	0.65	33.7
3.easyfig.fa	4.easyfig.fa	100.000	18	0	0	21283	21300	640	657	0.65	33.7
3.easyfig.fa	4.easyfig.fa	91.304	23	2	0	31973	31995	3974	3952	0.65	33.7
3.easyfig.fa	4.easyfig.fa	77.083	48	10	1	40107	40153	4855	4902	0.65	33.7
3.easyfig.fa	4.easyfig.fa	79.545	44	6	2	38964	39007	5374	5334	0.65	33.7
3.easyfig.fa	4.easyfig.fa	83.871	31	5	0	74316	74346	5505	5475	0.65	33.7
3.easyfig.fa	4.easyfig.fa	79.487	39	5	1	92263	92301	5639	5604	0.65	33.7
3.easyfig.fa	4.easyfig.fa	91.304	23	2	0	86217	86239	6279	6301	0.65	33.7
3.easyfig.fa	4.easyfig.fa	100.000	18	0	0	69539	69556	7589	7572	0.65	33.7
3.easyfig.fa	4.easyfig.fa	86.667	30	3	1	32698	32727	7711	7683	0.65	33.7
3.easyfig.fa	4.easyfig.fa	83.871	31	5	0	65048	65078	9464	9434	0.65	33.7
3.easyfig.fa	4.easyfig.fa	78.571	42	7	1	64802	64843	9525	9486	0.65	33.7
3.easyfig.fa	4.easyfig.fa	85.714	28	4	0	43118	43145	9774	9747	0.65	33.7
3.easyfig.fa	4.easyfig.fa	88.462	26	3	0	29740	29765	10938	10963	0.65	33.7
3.easyfig.fa	4.easyfig.fa	80.556	36	7	0	34035	34070	11333	11298	0.65	33.7
3.easyfig.fa	4.easyfig.fa	80.556	36	7	0	35696	35731	11820	11785	0.65	33.7
3.easyfig.fa	4.easyfig.fa	76.087	46	11	0	9621	9666	11995	12040	0.65	33.7
3.easyfig.fa	4.easyfig.fa	81.579	38	6	1	36242	36278	13379	13342	0.65	33.7
3.easyfig.fa	4.easyfig.fa	91.304	23	2	0	86842	86864	13382	13360	0.65	33.7
3.easyfig.fa	4.easyfig.fa	85.714	28	4	0	10252	10279	14773	14800	0.65	33.7
3.easyfig.fa	4.easyfig.fa	95.238	21	1	0	70190	70210	18188	18208	0.65	33.7
3.easyfig.fa	4.easyfig.fa	95.238	21	1	0	52019	52039	18318	18338	0.65	33.7
3.easyfig.fa	4.easyfig.fa	95.238	21	1	0	52451	52471	19847	19867	0.65	33.7
3.easyfig.fa	4.easyfig.fa	81.818	33	6	0	82174	82206	20459	20427	0.65	33.7
3.easyfig.fa	4.easyfig.fa	95.238	21	1	0	96167	96187	20447	20427	0.65	33.7
3.easyfig.fa	4.easyfig.fa	72.000	75	19	2	54994	55067	20657	20584	0.65	33.7
3.easyfig.fa	4.easyfig.fa	83.871	31	5	0	75362	75392	21747	21717	0.65	33.7
3.easyfig.fa	4.easyfig.fa	81.081	37	5	1	29168	29204	23121	23155	0.65	33.7
3.easyfig.fa	4.easyfig.fa	81.818	33	6	0	65932	65964	24356	24324	0.65	33.7
3.easyfig.fa	4.easyfig.fa	84.375	32	2	1	86104	86135	25812	25784	0.65	33.7
3.easyfig.fa	4.easyfig.fa	78.947	38	8	0	46211	46248	26698	26661	0.65	33.7
3.easyfig.fa	4.easyfig.fa	100.000	18	0	0	12680	12697	27247	27264	0.65	33.7
3.easyfig.fa	4.easyfig.fa	78.049	41	9	0	53766	53806	28068	28028	0.65	33.7
3.easyfig.fa	4.easyfig.fa	95.238	21	1	0	61148	61168	28222	28202	0.65	33.7
3.easyfig.fa	4.easyfig.fa	76.744	43	10	0	47060	47102	28340	28298	0.65	33.7
3.easyfig.fa	4.easyfig.fa	76.596	47	8	1	55890	55936	28377	28334	0.65	33.7
3.easyfig.fa	4.easyfig.fa	91.304	23	2	0	58117	58139	28933	28911	0.65	33.7
3.easyfig.fa	4.easyfig.fa	85.714	28	4	0	59763	59790	29841	29868	0.65	33.7
3.easyfig.fa	4.easyfig.fa	91.304	23	2	0	79971	79993	29847	29869	0.65	33.7
3.easyfig.fa	4.easyfig.fa	79.487	39	5	1	79974	80012	29962	29927	0.65	33.7
3.easyfig.fa	4.easyfig.fa	95.238	21	1	0	83120	83140	30346	30366	0.65	33.7
3.easyfig.fa	4.easyfig.fa	85.714	28	4	0	47726	47753	30580	30553	0.65	33.7
3.easyfig.fa	4.easyfig.fa	91.304	23	2	0	65947	65969	32073	32095	0.65	33.7
3.easyfig.fa	4.easyfig.fa	91.304	23	2	0	3446	3468	32719	32697	0.65	33.7
3.easyfig.fa	4.easyfig.fa	70.130	77	11	3	57273	57343	32944	33014	0.65	33.7
3.easyfig.fa	4.easyfig.fa	100.000	18	0	0	44902	44919	33547	33564	0.65	33.7
3.easyfig.fa	4.easyfig.fa	84.848	33	4	1	96534	96566	33853	33884	0.65	33.7
3.easyfig.fa	4.easyfig.fa	85.714	28	4	0	29855	29882	33890	33863	0.65	33.7
3.easyfig.fa	4.easyfig.fa	79.487	39	5	1	84322	84360	35089	35124	0.65	33.7
3.easyfig.fa	4.easyfig.fa	92.000	25	1	1	30266	30289	35771	35747	0.65	33.7
3.easyfig.fa	4.easyfig.fa	81.818	33	6	0	40015	40047	36296	36328	0.65	33.7
3.easyfig.fa	4.easyfig.fa	80.556	36	7	0	11281	11316	36455	36420	0.65	33.7
3.easyfig.fa	4.easyfig.fa	84.375	32	3	1	73847	73876	36424	36455	0.65	33.7
3.easyfig.fa	4.easyfig.fa	100.000	18	0	0	40136	40153	37615	37632	0.65	33.7
3.easyfig.fa	4.easyfig.fa	88.462	26	3	0	53215	53240	38326	38351	0.65	33.7
3.easyfig.fa	4.easyfig.fa	88.889	27	1	1	73761	73785	38735	38709	0.65	33.7
3.easyfig.fa	4.easyfig.fa	100.000	18	0	0	96911	96928	38720	38737	0.65	33.7
3.easyfig.fa	4.easyfig.fa	79.545	44	6	2	4830	4870	39731	39688	0.65	33.7
3.easyfig.fa	4.easyfig.fa	83.871	31	5	0	36970	37000	40613	40643	0.65	33.7
3.easyfig.fa	4.easyfig.fa	95.238	21	1	0	3142	3162	40743	40763	0.65	33.7
3.easyfig.fa	4.easyfig.fa	91.304	23	2	0	4374	4396	40855	40877	0.65	33.7
3.easyfig.fa	4.easyfig.fa	95.238	21	1	0	43723	43743	40877	40857	0.65	33.7
3.easyfig.fa	4.easyfig.fa	100.000	18	0	0	36891	36908	40860	40877	0.65	33.7
3.easyfig.fa	4.easyfig.fa	100.000	18	0	0	59771	59788	40860	40877	0.65	33.7
3.easyfig.fa	4.easyfig.fa	84.375	32	2	1	42560	42588	42093	42124	0.65	33.7
3.easyfig.fa	4.easyfig.fa	100.000	18	0	0	53495	53512	42548	42565	0.65	33.7
3.easyfig.fa	4.easyfig.fa	84.375	32	2	1	41369	41400	43284	43312	0.65	33.7
3.easyfig.fa	4.easyfig.fa	76.087	46	11	0	69475	69520	43607	43652	0.65	33.7
3.easyfig.fa	4.easyfig.fa	85.714	28	4	0	9242	9269	43869	43842	0.65	33.7
3.easyfig.fa	4.easyfig.fa	91.304	23	2	0	94709	94731	44466	44444	0.65	33.7
3.easyfig.fa	4.easyfig.fa	91.304	23	2	0	45995	46017	44466	44444	0.65	33.7
3.easyfig.fa	4.easyfig.fa	95.238	21	1	0	40133	40153	44467	44447	0.65	33.7
3.easyfig.fa	4.easyfig.fa	100.000	18	0	0	59561	59578	44448	44465	0.65	33.7
3.easyfig.fa	4.easyfig.fa	71.134	97	11	7	60316	60395	44578	44674	0.65	33.7
3.easyfig.fa	4.easyfig.fa	80.952	42	6	2	10380	10419	44670	44629	0.65	33.7
3.easyfig.fa	4.easyfig.fa	100.000	18	0	0	9864	9881	45515	45532	0.65	33.7
3.easyfig.fa	4.easyfig.fa	79.487	39	5	1	45322	45357	46475	46513	0.65	33.7
3.easyfig.fa	4.easyfig.fa	95.238	21	1	0	64743	64763	46717	46737	0.65	33.7
3.easyfig.fa	4.easyfig.fa	100.000	18	0	0	69805	69822	46738	46721	0.65	33.7
3.easyfig.fa	4.easyfig.fa	100.000	18	0	0	76896	76913	47168	47185	0.65	33.7
3.easyfig.fa	4.easyfig.fa	91.304	23	2	0	86190	86212	47628	47650	0.65	33.7
3.easyfig.fa	4.easyfig.fa	76.744	43	10	0	27724	27766	47826	47784	0.65	33.7
3.easyfig.fa	4.easyfig.fa	81.818	33	6	0	29985	30017	49103	49071	0.65	33.7
3.easyfig.fa	4.easyfig.fa	83.871	31	5	0	27592	27622	52587	52557	0.65	33.7
3.easyfig.fa	4.easyfig.fa	81.818	33	6	0	79956	79988	52775	52743	0.65	33.7
3.easyfig.fa	4.easyfig.fa	91.304	23	2	0	40129	40151	52765	52743	0.65	33.7
3.easyfig.fa	4.easyfig.fa	95.238	21	1	0	17673	17693	52743	52763	0.65	33.7
3.easyfig.fa	4.easyfig.fa	95.238	21	1	0	69536	69556	53171	53191	0.65	33.7
3.easyfig.fa	4.easyfig.fa	95.238	21	1	0	19202	19222	53175	53195	0.65	33.7
3.easyfig.fa	4.easyfig.fa	100.000	18	0	0	41824	41841	54219	54236	0.65	33.7
3.easyfig.fa	4.easyfig.fa	74.576	59	6	3	65940	65989	55616	55674	0.65	33.7
3.easyfig.fa	4.easyfig.fa	79.070	43	8	1	29694	29735	55694	55652	0.65	33.7
3.easyfig.fa	4.easyfig.fa	78.049	41	9	0	46505	46545	55718	55758	0.65	33.7
3.easyfig.fa	4.easyfig.fa	95.238	21	1	0	56719	56739	56351	56371	0.65	33.7
3.easyfig.fa	4.easyfig.fa	91.304	23	2	0	81515	81537	56415	56437	0.65	33.7
3.easyfig.fa	4.easyfig.fa	76.596	47	8	1	27760	27803	56660	56614	0.65	33.7
3.easyfig.fa	4.easyfig.fa	91.304	23	2	0	75507	75529	56812	56834	0.65	33.7
3.easyfig.fa	4.easyfig.fa	95.238	21	1	0	55627	55647	57443	57463	0.65	33.7
3.easyfig.fa	4.easyfig.fa	69.863	73	16	1	32218	32290	58001	58067	0.65	33.7
3.easyfig.fa	4.easyfig.fa	85.714	28	4	0	42401	42428	58836	58863	0.65	33.7
3.easyfig.fa	4.easyfig.fa	91.304	23	2	0	28337	28359	58863	58841	0.65	33.7
3.easyfig.fa	4.easyfig.fa	78.947	38	8	0	57320	57357	58923	58960	0.65	33.7
3.easyfig.fa	4.easyfig.fa	92.000	25	1	1	32756	32780	59328	59351	0.65	33.7
3.easyfig.fa	4.easyfig.fa	100.000	18	0	0	43724	43741	60285	60302	0.65	33.7
3.easyfig.fa	4.easyfig.fa	95.238	21	1	0	52450	52470	60495	60515	0.65	33.7
3.easyfig.fa	4.easyfig.fa	92.000	25	1	1	71246	71270	60724	60747	0.65	33.7
3.easyfig.fa	4.easyfig.fa	95.238	21	1	0	27628	27648	61892	61872	0.65	33.7
3.easyfig.fa	4.easyfig.fa	100.000	18	0	0	77383	77400	63803	63820	0.65	33.7
3.easyfig.fa	4.easyfig.fa	82.353	34	3	1	44567	44597	63805	63838	0.65	33.7
3.easyfig.fa	4.easyfig.fa	95.238	21	1	0	96019	96039	64218	64238	0.65	33.7
3.easyfig.fa	4.easyfig.fa	88.462	26	3	0	84054	84079	64441	64416	0.65	33.7
3.easyfig.fa	4.easyfig.fa	91.304	23	2	0	59772	59794	64419	64441	0.65	33.7
3.easyfig.fa	4.easyfig.fa	78.571	42	7	1	8981	9020	64514	64473	0.65	33.7
3.easyfig.fa	4.easyfig.fa	83.871	31	5	0	8929	8959	64749	64719	0.65	33.7
3.easyfig.fa	4.easyfig.fa	74.576	59	6	3	54892	54950	65611	65660	0.65	33.7
3.easyfig.fa	4.easyfig.fa	100.000	18	0	0	76539	76556	65616	65633	0.65	33.7
3.easyfig.fa	4.easyfig.fa	91.304	23	2	0	31349	31371	65618	65640	0.65	33.7
3.easyfig.fa	4.easyfig.fa	88.462	26	3	0	605	630	65708	65733	0.65	33.7
3.easyfig.fa	4.easyfig.fa	95.238	21	1	0	73021	73041	68948	68968	0.65	33.7
3.easyfig.fa	4.easyfig.fa	74.138	58	14	1	10411	10468	69096	69040	0.65	33.7
3.easyfig.fa	4.easyfig.fa	95.238	21	1	0	52447	52467	69202	69222	0.65	33.7
3.easyfig.fa	4.easyfig.fa	100.000	18	0	0	7067	7084	69222	69205	0.65	33.7
3.easyfig.fa	4.easyfig.fa	95.238	21	1	0	86775	86795	69490	69470	0.65	33.7
3.easyfig.fa	4.easyfig.fa	100.000	18	0	0	23972	23989	69470	69487	0.65	33.7
3.easyfig.fa	4.easyfig.fa	100.000	18	0	0	96909	96926	69470	69487	0.65	33.7
3.easyfig.fa	4.easyfig.fa	100.000	18	0	0	73760	73777	69488	69471	0.65	33.7
3.easyfig.fa	4.easyfig.fa	100.000	18	0	0	45997	46014	69488	69471	0.65	33.7
3.easyfig.fa	4.easyfig.fa	95.238	21	1	0	17543	17563	69856	69876	0.65	33.7
3.easyfig.fa	4.easyfig.fa	100.000	18	0	0	58121	58138	71651	71668	0.65	33.7
3.easyfig.fa	4.easyfig.fa	100.000	18	0	0	83186	83203	71651	71668	0.65	33.7
3.easyfig.fa	4.easyfig.fa	95.238	21	1	0	69282	69302	72692	72712	0.65	33.7
3.easyfig.fa	4.easyfig.fa	100.000	18	0	0	69805	69822	73448	73431	0.65	33.7
3.easyfig.fa	4.easyfig.fa	83.871	31	5	0	4971	5001	74017	73987	0.65	33.7
3.easyfig.fa	4.easyfig.fa	100.000	18	0	0	74829	74846	74517	74500	0.65	33.7
3.easyfig.fa	4.easyfig.fa	85.714	28	4	0	3692	3719	74688	74661	0.65	33.7
3.easyfig.fa	4.easyfig.fa	81.818	33	6	0	80193	80225	74887	74919	0.65	33.7
3.easyfig.fa	4.easyfig.fa	91.304	23	2	0	56088	56110	75178	75200	0.65	33.7
3.easyfig.fa	4.easyfig.fa	100.000	18	0	0	65945	65962	76210	76227	0.65	33.7
3.easyfig.fa	4.easyfig.fa	100.000	18	0	0	46444	46461	76567	76584	0.65	33.7
3.easyfig.fa	4.easyfig.fa	100.000	18	0	0	64132	64149	77054	77071	0.65	33.7
3.easyfig.fa	4.easyfig.fa	73.585	53	14	0	83251	83303	77440	77492	0.65	33.7
3.easyfig.fa	4.easyfig.fa	81.818	33	6	0	52019	52051	79659	79627	0.65	33.7
3.easyfig.fa	4.easyfig.fa	91.304	23	2	0	29119	29141	79642	79664	0.65	33.7
3.easyfig.fa	4.easyfig.fa	95.238	21	1	0	55082	55102	80485	80505	0.65	33.7
3.easyfig.fa	4.easyfig.fa	91.304	23	2	0	55691	55713	81186	81208	0.65	33.7
3.easyfig.fa	4.easyfig.fa	95.238	21	1	0	23940	23960	83753	83733	0.65	33.7
3.easyfig.fa	4.easyfig.fa	84.375	32	2	1	24194	24222	85806	85775	0.65	33.7
3.easyfig.fa	4.easyfig.fa	91.304	23	2	0	5774	5796	85888	85910	0.65	33.7
3.easyfig.fa	4.easyfig.fa	91.304	23	2	0	18916	18938	86197	86175	0.65	33.7
3.easyfig.fa	4.easyfig.fa	91.304	23	2	0	12856	12878	86535	86513	0.65	33.7
3.easyfig.fa	4.easyfig.fa	95.238	21	1	0	93151	93171	90531	90551	0.65	33.7
3.easyfig.fa	4.easyfig.fa	83.871	31	5	0	94711	94741	92002	92032	0.65	33.7
3.easyfig.fa	4.easyfig.fa	95.238	21	1	0	90860	90880	92822	92842	0.65	33.7
3.easyfig.fa	4.easyfig.fa	77.273	44	7	1	47414	47454	93992	94035	0.65	33.7
3.easyfig.fa	4.easyfig.fa	95.238	21	1	0	64743	64763	94378	94398	0.65	33.7
3.easyfig.fa	4.easyfig.fa	95.238	21	1	0	36891	36911	94382	94402	0.65	33.7
3.easyfig.fa	4.easyfig.fa	95.238	21	1	0	64547	64567	95690	95710	0.65	33.7
3.easyfig.fa	4.easyfig.fa	84.848	33	4	1	33129	33160	96205	96237	0.65	33.7
3.easyfig.fa	4.easyfig.fa	78.378	37	8	0	67864	67900	50	14	2.3	31.9
3.easyfig.fa	4.easyfig.fa	100.000	17	0	0	96790	96806	95	79	2.3	31.9
3.easyfig.fa	4.easyfig.fa	100.000	17	0	0	37996	38012	80	96	2.3	31.9
3.easyfig.fa	4.easyfig.fa	95.000	20	1	0	94653	94672	359	340	2.3	31.9
3.easyfig.fa	4.easyfig.fa	88.000	25	3	0	77550	77574	493	469	2.3	31.9
3.easyfig.fa	4.easyfig.fa	88.000	25	3	0	80801	80825	1371	1347	2.3	31.9
3.easyfig.fa	4.easyfig.fa	95.000	20	1	0	1169	1188	2548	2567	2.3	31.9
3.easyfig.fa	4.easyfig.fa	80.000	35	7	0	29908	29942	2760	2794	2.3	31.9
3.easyfig.fa	4.easyfig.fa	77.500	40	9	0	33697	33736	2917	2878	2.3	31.9
3.easyfig.fa	4.easyfig.fa	80.000	35	7	0	67866	67900	2941	2907	2.3	31.9
3.easyfig.fa	4.easyfig.fa	81.250	32	6	0	71576	71607	3964	3933	2.3	31.9
3.easyfig.fa	4.easyfig.fa	78.049	41	6	1	71212	71249	4034	3994	2.3	31.9
3.easyfig.fa	4.easyfig.fa	70.408	98	15	6	29354	29442	4133	4225	2.3	31.9
3.easyfig.fa	4.easyfig.fa	75.000	48	9	1	190	234	4306	4353	2.3	31.9
3.easyfig.fa	4.easyfig.fa	90.909	22	2	0	6343	6364	4423	4444	2.3	31.9
3.easyfig.fa	4.easyfig.fa	88.889	27	2	1	39046	39072	4568	4543	2.3	31.9
3.easyfig.fa	4.easyfig.fa	90.909	22	2	0	84058	84079	4904	4883	2.3	31.9
3.easyfig.fa	4.easyfig.fa	90.909	22	2	0	94709	94730	4883	4904	2.3	31.9
3.easyfig.fa	4.easyfig.fa	95.000	20	1	0	36891	36910	4885	4904	2.3	31.9
3.easyfig.fa	4.easyfig.fa	95.000	20	1	0	59771	59790	4885	4904	2.3	31.9
3.easyfig.fa	4.easyfig.fa	95.000	20	1	0	7065	7084	4904	4885	2.3	31.9
3.easyfig.fa	4.easyfig.fa	95.000	20	1	0	65041	65060	5256	5237	2.3	31.9
3.easyfig.fa	4.easyfig.fa	68.468	111	28	4	76457	76565	5387	5282	2.3	31.9
3.easyfig.fa	4.easyfig.fa	90.909	22	2	0	31804	31825	5484	5463	2.3	31.9
3.easyfig.fa	4.easyfig.fa	95.000	20	1	0	17272	17291	5472	5491	2.3	31.9
3.easyfig.fa	4.easyfig.fa	81.818	33	3	1	32618	32647	5609	5577	2.3	31.9
3.easyfig.fa	4.easyfig.fa	100.000	17	0	0	46648	46664	5665	5649	2.3	31.9
3.easyfig.fa	4.easyfig.fa	85.185	27	4	0	77788	77814	6001	5975	2.3	31.9
3.easyfig.fa	4.easyfig.fa	85.185	27	4	0	18456	18482	6381	6407	2.3	31.9
3.easyfig.fa	4.easyfig.fa	85.185	27	4	0	4904	4930	6468	6494	2.3	31.9
3.easyfig.fa	4.easyfig.fa	90.909	22	2	0	3917	3938	6848	6869	2.3	31.9
3.easyfig.fa	4.easyfig.fa	88.000	25	3	0	21340	21364	7225	7249	2.3	31.9
3.easyfig.fa	4.easyfig.fa	90.909	22	2	0	49986	50007	7541	7520	2.3	31.9
3.easyfig.fa	4.easyfig.fa	95.000	20	1	0	29122	29141	7588	7569	2.3	31.9
3.easyfig.fa	4.easyfig.fa	95.000	20	1	0	4379	4398	7589	7570	2.3	31.9
3.easyfig.fa	4.easyfig.fa	77.500	40	9	0	93854	93893	7671	7632	2.3	31.9
3.easyfig.fa	4.easyfig.fa	95.000	20	1	0	61963	61982	9331	9312	2.3	31.9
3.easyfig.fa	4.easyfig.fa	90.909	22	2	0	22944	22965	10001	10022	2.3	31.9
3.easyfig.fa	4.easyfig.fa	90.909	22	2	0	11491	11512	10126	10147	2.3	31.9
3.easyfig.fa	4.easyfig.fa	85.185	27	4	0	82497	82523	10170	10144	2.3	31.9
3.easyfig.fa	4.easyfig.fa	86.207	29	3	1	42887	42915	10839	10812	2.3	31.9
3.easyfig.fa	4.easyfig.fa	86.207	29	2	1	11525	11553	11573	11599	2.3	31.9
3.easyfig.fa	4.easyfig.fa	86.207	29	3	1	93760	93788	11689	11662	2.3	31.9
3.easyfig.fa	4.easyfig.fa	90.909	22	2	0	96790	96811	11734	11713	2.3	31.9
3.easyfig.fa	4.easyfig.fa	90.909	22	2	0	45998	46019	11734	11713	2.3	31.9
3.easyfig.fa	4.easyfig.fa	100.000	17	0	0	86778	86794	11734	11718	2.3	31.9
3.easyfig.fa	4.easyfig.fa	100.000	17	0	0	59561	59577	11719	11735	2.3	31.9
3.easyfig.fa	4.easyfig.fa	86.207	29	2	1	11069	11095	12029	12057	2.3	31.9
3.easyfig.fa	4.easyfig.fa	85.185	27	4	0	10416	10442	12645	12671	2.3	31.9
3.easyfig.fa	4.easyfig.fa	79.487	39	7	1	55080	55118	13153	13116	2.3	31.9
3.easyfig.fa	4.easyfig.fa	83.333	30	5	0	17601	17630	13199	13228	2.3	31.9
3.easyfig.fa	4.easyfig.fa	95.000	20	1	0	29117	29136	13309	13328	2.3	31.9
3.easyfig.fa	4.easyfig.fa	95.000	20	1	0	64743	64762	13309	13328	2.3	31.9
3.easyfig.fa	4.easyfig.fa	95.455	22	0	1	10416	10436	13345	13366	2.3	31.9
3.easyfig.fa	4.easyfig.fa	80.488	41	6	2	68876	68915	13440	13401	2.3	31.9
3.easyfig.fa	4.easyfig.fa	90.909	22	2	0	25422	25443	16975	16996	2.3	31.9
3.easyfig.fa	4.easyfig.fa	88.000	25	3	0	68040	68064	18370	18346	2.3	31.9
3.easyfig.fa	4.easyfig.fa	80.000	35	7	0	80013	80047	18409	18375	2.3	31.9
3.easyfig.fa	4.easyfig.fa	100.000	17	0	0	80827	80843	18801	18785	2.3	31.9
3.easyfig.fa	4.easyfig.fa	90.909	22	2	0	94551	94572	18987	19008	2.3	31.9
3.easyfig.fa	4.easyfig.fa	85.185	27	4	0	5876	5902	19101	19127	2.3	31.9
3.easyfig.fa	4.easyfig.fa	81.250	32	6	0	37941	37972	19361	19330	2.3	31.9
3.easyfig.fa	4.easyfig.fa	88.889	27	2	1	69805	69831	19863	19838	2.3	31.9
3.easyfig.fa	4.easyfig.fa	81.250	32	6	0	23965	23996	19871	19840	2.3	31.9
3.easyfig.fa	4.easyfig.fa	90.909	22	2	0	26059	26080	20372	20393	2.3	31.9
3.easyfig.fa	4.easyfig.fa	95.000	20	1	0	75972	75991	20460	20441	2.3	31.9
3.easyfig.fa	4.easyfig.fa	100.000	17	0	0	44371	44387	20994	21010	2.3	31.9
3.easyfig.fa	4.easyfig.fa	95.000	20	1	0	56664	56683	21133	21114	2.3	31.9
3.easyfig.fa	4.easyfig.fa	90.909	22	2	0	63792	63813	21592	21571	2.3	31.9
3.easyfig.fa	4.easyfig.fa	100.000	17	0	0	78319	78335	21633	21617	2.3	31.9
3.easyfig.fa	4.easyfig.fa	95.000	20	1	0	57526	57545	21658	21639	2.3	31.9
3.easyfig.fa	4.easyfig.fa	95.000	20	1	0	86580	86599	21733	21714	2.3	31.9
3.easyfig.fa	4.easyfig.fa	95.000	20	1	0	46751	46770	21726	21745	2.3	31.9
3.easyfig.fa	4.easyfig.fa	90.909	22	2	0	9496	9517	23610	23631	2.3	31.9
3.easyfig.fa	4.easyfig.fa	76.744	43	7	1	75368	75407	24140	24098	2.3	31.9
3.easyfig.fa	4.easyfig.fa	82.353	34	4	1	34872	34903	24995	24962	2.3	31.9
3.easyfig.fa	4.easyfig.fa	88.000	25	3	0	57454	57478	25472	25448	2.3	31.9
3.easyfig.fa	4.easyfig.fa	82.353	34	5	1	50517	50549	25502	25469	2.3	31.9
3.easyfig.fa	4.easyfig.fa	81.250	32	6	0	42546	42577	25536	25505	2.3	31.9
3.easyfig.fa	4.easyfig.fa	95.000	20	1	0	84063	84082	25549	25530	2.3	31.9
3.easyfig.fa	4.easyfig.fa	100.000	17	0	0	29119	29135	25533	25549	2.3	31.9
3.easyfig.fa	4.easyfig.fa	100.000	17	0	0	64745	64761	25533	25549	2.3	31.9
3.easyfig.fa	4.easyfig.fa	100.000	17	0	0	37995	38011	25563	25579	2.3	31.9
3.easyfig.fa	4.easyfig.fa	100.000	17	0	0	94711	94727	25580	25564	2.3	31.9
3.easyfig.fa	4.easyfig.fa	90.909	22	2	0	16330	16351	27012	27033	2.3	31.9
3.easyfig.fa	4.easyfig.fa	100.000	17	0	0	17429	17445	28110	28126	2.3	31.9
3.easyfig.fa	4.easyfig.fa	88.000	25	3	0	37961	37985	28663	28639	2.3	31.9
3.easyfig.fa	4.easyfig.fa	83.333	30	5	0	83605	83634	28984	28955	2.3	31.9
3.easyfig.fa	4.easyfig.fa	90.909	22	2	0	55697	55718	28995	28974	2.3	31.9
3.easyfig.fa	4.easyfig.fa	75.000	48	9	1	29932	29979	29497	29541	2.3	31.9
3.easyfig.fa	4.easyfig.fa	88.889	27	2	1	52443	52469	29843	29868	2.3	31.9
3.easyfig.fa	4.easyfig.fa	95.000	20	1	0	12805	12824	29845	29864	2.3	31.9
3.easyfig.fa	4.easyfig.fa	95.000	20	1	0	7064	7083	29869	29850	2.3	31.9
3.easyfig.fa	4.easyfig.fa	70.408	98	15	6	3627	3719	30083	30171	2.3	31.9
3.easyfig.fa	4.easyfig.fa	72.881	59	10	2	97002	97058	30321	30375	2.3	31.9
3.easyfig.fa	4.easyfig.fa	85.185	27	4	0	50984	51010	30758	30732	2.3	31.9
3.easyfig.fa	4.easyfig.fa	90.909	22	2	0	54904	54925	31057	31036	2.3	31.9
3.easyfig.fa	4.easyfig.fa	75.510	49	11	1	37200	37248	32054	32101	2.3	31.9
3.easyfig.fa	4.easyfig.fa	95.000	20	1	0	64133	64152	32527	32546	2.3	31.9
3.easyfig.fa	4.easyfig.fa	88.000	25	3	0	46538	46562	32528	32552	2.3	31.9
3.easyfig.fa	4.easyfig.fa	100.000	17	0	0	56133	56149	32881	32865	2.3	31.9
3.easyfig.fa	4.easyfig.fa	81.818	33	3	1	5073	5105	33371	33342	2.3	31.9
3.easyfig.fa	4.easyfig.fa	85.185	27	4	0	34414	34440	33719	33745	2.3	31.9
3.easyfig.fa	4.easyfig.fa	85.185	27	4	0	32995	33021	35138	35164	2.3	31.9
3.easyfig.fa	4.easyfig.fa	88.000	25	3	0	23016	23040	35207	35183	2.3	31.9
3.easyfig.fa	4.easyfig.fa	81.250	32	6	0	44868	44899	36120	36151	2.3	31.9
3.easyfig.fa	4.easyfig.fa	74.468	47	12	0	1738	1784	37340	37294	2.3	31.9
3.easyfig.fa	4.easyfig.fa	78.378	37	8	0	28326	28362	37379	37343	2.3	31.9
3.easyfig.fa	4.easyfig.fa	95.000	20	1	0	4379	4398	37615	37634	2.3	31.9
3.easyfig.fa	4.easyfig.fa	76.190	42	10	0	42545	42586	37707	37748	2.3	31.9
3.easyfig.fa	4.easyfig.fa	78.571	42	8	1	57519	57560	37711	37751	2.3	31.9
3.easyfig.fa	4.easyfig.fa	90.909	22	2	0	90142	90163	38070	38091	2.3	31.9
3.easyfig.fa	4.easyfig.fa	83.333	30	5	0	80037	80066	38588	38617	2.3	31.9
3.easyfig.fa	4.easyfig.fa	81.250	32	6	0	18685	18716	38696	38665	2.3	31.9
3.easyfig.fa	4.easyfig.fa	78.378	37	8	0	35596	35632	38906	38942	2.3	31.9
3.easyfig.fa	4.easyfig.fa	88.889	27	2	1	82066	82092	38987	39012	2.3	31.9
3.easyfig.fa	4.easyfig.fa	85.185	27	4	0	94621	94647	39677	39703	2.3	31.9
3.easyfig.fa	4.easyfig.fa	76.744	43	7	1	90657	90699	39839	39878	2.3	31.9
3.easyfig.fa	4.easyfig.fa	88.889	27	2	1	49236	49261	40234	40260	2.3	31.9
3.easyfig.fa	4.easyfig.fa	95.000	20	1	0	84060	84079	40877	40858	2.3	31.9
3.easyfig.fa	4.easyfig.fa	100.000	17	0	0	52019	52035	40875	40859	2.3	31.9
3.easyfig.fa	4.easyfig.fa	100.000	17	0	0	88677	88693	40910	40926	2.3	31.9
3.easyfig.fa	4.easyfig.fa	81.818	33	3	1	71454	71486	41084	41113	2.3	31.9
3.easyfig.fa	4.easyfig.fa	95.000	20	1	0	86865	86884	41099	41118	2.3	31.9
3.easyfig.fa	4.easyfig.fa	83.333	30	5	0	72954	72983	41252	41281	2.3	31.9
3.easyfig.fa	4.easyfig.fa	100.000	17	0	0	193	209	41526	41510	2.3	31.9
3.easyfig.fa	4.easyfig.fa	88.000	25	3	0	46211	46235	42224	42248	2.3	31.9
3.easyfig.fa	4.easyfig.fa	88.889	27	2	1	59810	59836	42368	42393	2.3	31.9
3.easyfig.fa	4.easyfig.fa	78.049	41	6	1	21885	21925	42569	42532	2.3	31.9
3.easyfig.fa	4.easyfig.fa	76.190	42	10	0	36983	37024	43269	43310	2.3	31.9
3.easyfig.fa	4.easyfig.fa	86.207	29	3	1	10308	10335	43639	43611	2.3	31.9
3.easyfig.fa	4.easyfig.fa	90.909	22	2	0	64332	64353	43611	43632	2.3	31.9
3.easyfig.fa	4.easyfig.fa	100.000	17	0	0	59505	59521	44172	44188	2.3	31.9
3.easyfig.fa	4.easyfig.fa	95.000	20	1	0	96790	96809	44463	44444	2.3	31.9
3.easyfig.fa	4.easyfig.fa	95.000	20	1	0	86778	86797	44463	44444	2.3	31.9
3.easyfig.fa	4.easyfig.fa	88.000	25	3	0	52118	52142	44556	44580	2.3	31.9
3.easyfig.fa	4.easyfig.fa	100.000	17	0	0	20349	20365	45095	45111	2.3	31.9
3.easyfig.fa	4.easyfig.fa	90.909	22	2	0	40087	40108	45252	45273	2.3	31.9
3.easyfig.fa	4.easyfig.fa	90.909	22	2	0	57053	57074	45298	45319	2.3	31.9
3.easyfig.fa	4.easyfig.fa	81.250	32	6	0	35396	35427	45592	45623	2.3	31.9
3.easyfig.fa	4.easyfig.fa	100.000	17	0	0	45751	45767	46046	46062	2.3	31.9
3.easyfig.fa	4.easyfig.fa	84.375	32	4	1	52448	52479	46719	46749	2.3	31.9
3.easyfig.fa	4.easyfig.fa	90.909	22	2	0	43721	43742	46740	46719	2.3	31.9
3.easyfig.fa	4.easyfig.fa	100.000	17	0	0	31537	31553	46736	46720	2.3	31.9
3.easyfig.fa	4.easyfig.fa	90.909	22	2	0	11209	11230	46743	46722	2.3	31.9
3.easyfig.fa	4.easyfig.fa	100.000	17	0	0	23973	23989	46738	46722	2.3	31.9
3.easyfig.fa	4.easyfig.fa	100.000	17	0	0	92332	92348	46722	46738	2.3	31.9
3.easyfig.fa	4.easyfig.fa	90.909	22	2	0	31804	31825	47262	47283	2.3	31.9
3.easyfig.fa	4.easyfig.fa	95.000	20	1	0	21081	21100	47475	47494	2.3	31.9
3.easyfig.fa	4.easyfig.fa	72.727	55	15	0	89190	89244	47646	47700	2.3	31.9
3.easyfig.fa	4.easyfig.fa	88.000	25	3	0	417	441	48327	48303	2.3	31.9
3.easyfig.fa	4.easyfig.fa	83.333	30	5	0	52326	52355	49772	49743	2.3	31.9
3.easyfig.fa	4.easyfig.fa	88.462	26	1	1	76100	76123	50702	50727	2.3	31.9
3.easyfig.fa	4.easyfig.fa	90.909	22	2	0	55917	55938	50706	50727	2.3	31.9
3.easyfig.fa	4.easyfig.fa	84.375	32	4	1	10194	10224	51137	51106	2.3	31.9
3.easyfig.fa	4.easyfig.fa	82.353	34	5	1	23879	23912	51273	51241	2.3	31.9
3.easyfig.fa	4.easyfig.fa	90.909	22	2	0	61161	61182	51953	51974	2.3	31.9
3.easyfig.fa	4.easyfig.fa	85.185	27	4	0	87528	87554	52131	52157	2.3	31.9
3.easyfig.fa	4.easyfig.fa	95.000	20	1	0	11647	11666	52692	52673	2.3	31.9
3.easyfig.fa	4.easyfig.fa	90.909	22	2	0	84055	84076	52736	52757	2.3	31.9
3.easyfig.fa	4.easyfig.fa	95.000	20	1	0	69539	69558	52758	52739	2.3	31.9
3.easyfig.fa	4.easyfig.fa	88.000	25	3	0	43832	43856	52842	52866	2.3	31.9
3.easyfig.fa	4.easyfig.fa	90.909	22	2	0	17170	17191	53010	52989	2.3	31.9
3.easyfig.fa	4.easyfig.fa	88.889	27	2	1	29115	29140	53167	53193	2.3	31.9
3.easyfig.fa	4.easyfig.fa	84.375	32	4	1	45995	46025	53172	53203	2.3	31.9
3.easyfig.fa	4.easyfig.fa	86.207	29	3	1	96790	96817	53175	53203	2.3	31.9
3.easyfig.fa	4.easyfig.fa	100.000	17	0	0	149	165	53290	53274	2.3	31.9
3.easyfig.fa	4.easyfig.fa	90.909	22	2	0	11765	11786	54410	54389	2.3	31.9
3.easyfig.fa	4.easyfig.fa	90.909	22	2	0	49982	50003	56641	56662	2.3	31.9
3.easyfig.fa	4.easyfig.fa	100.000	17	0	0	32141	32157	56873	56857	2.3	31.9
3.easyfig.fa	4.easyfig.fa	95.000	20	1	0	13700	13719	57086	57105	2.3	31.9
3.easyfig.fa	4.easyfig.fa	95.000	20	1	0	20469	20488	57407	57388	2.3	31.9
3.easyfig.fa	4.easyfig.fa	88.000	25	3	0	72636	72660	57641	57665	2.3	31.9
3.easyfig.fa	4.easyfig.fa	80.556	36	4	1	10433	10468	57910	57878	2.3	31.9
3.easyfig.fa	4.easyfig.fa	90.909	22	2	0	34382	34403	58200	58221	2.3	31.9
3.easyfig.fa	4.easyfig.fa	78.571	42	8	1	36987	37027	58243	58284	2.3	31.9
3.easyfig.fa	4.easyfig.fa	95.000	20	1	0	20994	21013	58269	58250	2.3	31.9
3.easyfig.fa	4.easyfig.fa	76.667	60	9	4	42529	42586	59091	59035	2.3	31.9
3.easyfig.fa	4.easyfig.fa	74.468	47	12	0	26214	26260	59520	59474	2.3	31.9
3.easyfig.fa	4.easyfig.fa	100.000	17	0	0	43448	43464	60229	60245	2.3	31.9
3.easyfig.fa	4.easyfig.fa	75.926	54	11	2	96785	96837	60305	60253	2.3	31.9
3.easyfig.fa	4.easyfig.fa	72.549	51	7	1	86743	86793	60328	60285	2.3	31.9
3.easyfig.fa	4.easyfig.fa	100.000	17	0	0	11215	11231	60285	60301	2.3	31.9
3.easyfig.fa	4.easyfig.fa	90.909	22	2	0	11212	11233	60514	60493	2.3	31.9
3.easyfig.fa	4.easyfig.fa	95.000	20	1	0	69537	69556	60493	60512	2.3	31.9
3.easyfig.fa	4.easyfig.fa	95.000	20	1	0	17669	17688	60514	60495	2.3	31.9
3.easyfig.fa	4.easyfig.fa	95.000	20	1	0	7065	7084	60514	60495	2.3	31.9
3.easyfig.fa	4.easyfig.fa	88.889	27	2	1	41644	41669	60534	60560	2.3	31.9
3.easyfig.fa	4.easyfig.fa	90.909	22	2	0	51229	51250	61885	61906	2.3	31.9
3.easyfig.fa	4.easyfig.fa	90.909	22	2	0	82867	82888	61939	61960	2.3	31.9
3.easyfig.fa	4.easyfig.fa	90.909	22	2	0	38963	38984	62557	62578	2.3	31.9
3.easyfig.fa	4.easyfig.fa	90.909	22	2	0	35380	35401	62781	62802	2.3	31.9
3.easyfig.fa	4.easyfig.fa	83.871	31	3	1	9256	9286	63332	63304	2.3	31.9
3.easyfig.fa	4.easyfig.fa	95.000	20	1	0	58304	58323	63314	63333	2.3	31.9
3.easyfig.fa	4.easyfig.fa	88.000	25	3	0	66039	66063	63370	63394	2.3	31.9
3.easyfig.fa	4.easyfig.fa	90.909	22	2	0	20926	20947	63472	63451	2.3	31.9
3.easyfig.fa	4.easyfig.fa	81.250	32	6	0	597	628	63823	63792	2.3	31.9
3.easyfig.fa	4.easyfig.fa	95.000	20	1	0	31803	31822	63804	63823	2.3	31.9
3.easyfig.fa	4.easyfig.fa	88.000	25	3	0	87021	87045	63877	63901	2.3	31.9
3.easyfig.fa	4.easyfig.fa	100.000	17	0	0	23943	23959	64416	64432	2.3	31.9
3.easyfig.fa	4.easyfig.fa	90.909	22	2	0	36892	36913	64419	64440	2.3	31.9
3.easyfig.fa	4.easyfig.fa	80.000	35	7	0	21142	21176	65638	65604	2.3	31.9
3.easyfig.fa	4.easyfig.fa	83.333	30	5	0	28056	28085	65919	65890	2.3	31.9
3.easyfig.fa	4.easyfig.fa	80.556	36	4	1	42902	42937	67481	67513	2.3	31.9
3.easyfig.fa	4.easyfig.fa	95.000	20	1	0	52015	52034	69224	69205	2.3	31.9
3.easyfig.fa	4.easyfig.fa	100.000	17	0	0	84060	84076	69222	69206	2.3	31.9
3.easyfig.fa	4.easyfig.fa	75.000	44	5	1	80978	81015	69316	69359	2.3	31.9
3.easyfig.fa	4.easyfig.fa	90.909	22	2	0	36990	37011	69375	69396	2.3	31.9
3.easyfig.fa	4.easyfig.fa	88.889	27	2	1	19193	19218	69497	69471	2.3	31.9
3.easyfig.fa	4.easyfig.fa	100.000	17	0	0	92332	92348	69487	69471	2.3	31.9
3.easyfig.fa	4.easyfig.fa	95.000	20	1	0	76308	76327	69615	69634	2.3	31.9
3.easyfig.fa	4.easyfig.fa	78.378	37	8	0	44117	44153	69616	69652	2.3	31.9
3.easyfig.fa	4.easyfig.fa	76.744	43	7	1	35795	35834	70487	70529	2.3	31.9
3.easyfig.fa	4.easyfig.fa	100.000	17	0	0	46593	46609	70904	70920	2.3	31.9
3.easyfig.fa	4.easyfig.fa	72.727	55	15	0	91193	91247	71586	71640	2.3	31.9
3.easyfig.fa	4.easyfig.fa	76.190	42	10	0	71110	71151	72119	72160	2.3	31.9
3.easyfig.fa	4.easyfig.fa	88.000	25	3	0	56917	56941	72307	72331	2.3	31.9
3.easyfig.fa	4.easyfig.fa	83.333	30	5	0	40528	40557	72625	72654	2.3	31.9
3.easyfig.fa	4.easyfig.fa	95.000	20	1	0	71132	71151	72777	72796	2.3	31.9
3.easyfig.fa	4.easyfig.fa	95.000	20	1	0	29119	29138	73429	73448	2.3	31.9
3.easyfig.fa	4.easyfig.fa	100.000	17	0	0	31537	31553	73446	73430	2.3	31.9
3.easyfig.fa	4.easyfig.fa	100.000	17	0	0	23973	23989	73448	73432	2.3	31.9
3.easyfig.fa	4.easyfig.fa	100.000	17	0	0	23171	23187	73822	73806	2.3	31.9
3.easyfig.fa	4.easyfig.fa	95.000	20	1	0	80797	80816	73815	73834	2.3	31.9
3.easyfig.fa	4.easyfig.fa	88.000	25	3	0	54266	54290	74824	74848	2.3	31.9
3.easyfig.fa	4.easyfig.fa	78.378	37	8	0	32383	32419	74960	74996	2.3	31.9
3.easyfig.fa	4.easyfig.fa	70.968	62	18	0	34443	34504	75640	75701	2.3	31.9
3.easyfig.fa	4.easyfig.fa	83.333	30	5	0	12467	12496	75777	75748	2.3	31.9
3.easyfig.fa	4.easyfig.fa	88.462	26	1	1	49978	50003	75771	75794	2.3	31.9
3.easyfig.fa	4.easyfig.fa	68.468	111	28	4	4778	4883	76236	76128	2.3	31.9
3.easyfig.fa	4.easyfig.fa	85.185	27	4	0	68891	68917	76169	76195	2.3	31.9
3.easyfig.fa	4.easyfig.fa	78.049	41	6	1	76783	76820	76367	76407	2.3	31.9
3.easyfig.fa	4.easyfig.fa	95.000	20	1	0	76495	76514	76736	76755	2.3	31.9
3.easyfig.fa	4.easyfig.fa	80.000	35	7	0	78569	78603	77920	77886	2.3	31.9
3.easyfig.fa	4.easyfig.fa	76.190	42	10	0	74708	74749	77892	77933	2.3	31.9
3.easyfig.fa	4.easyfig.fa	88.000	25	3	0	78520	78544	78125	78149	2.3	31.9
3.easyfig.fa	4.easyfig.fa	88.000	25	3	0	78454	78478	78191	78215	2.3	31.9
3.easyfig.fa	4.easyfig.fa	80.000	35	7	0	17730	17764	79718	79684	2.3	31.9
3.easyfig.fa	4.easyfig.fa	100.000	17	0	0	18140	18156	80514	80498	2.3	31.9
3.easyfig.fa	4.easyfig.fa	79.487	39	6	1	92908	92946	81735	81771	2.3	31.9
3.easyfig.fa	4.easyfig.fa	100.000	17	0	0	52065	52081	82968	82984	2.3	31.9
3.easyfig.fa	4.easyfig.fa	90.909	22	2	0	52012	52033	83726	83747	2.3	31.9
3.easyfig.fa	4.easyfig.fa	90.909	22	2	0	4377	4398	83750	83729	2.3	31.9
3.easyfig.fa	4.easyfig.fa	95.000	20	1	0	40134	40153	83750	83731	2.3	31.9
3.easyfig.fa	4.easyfig.fa	100.000	17	0	0	69540	69556	83747	83731	2.3	31.9
3.easyfig.fa	4.easyfig.fa	88.000	25	3	0	34541	34565	86174	86198	2.3	31.9
3.easyfig.fa	4.easyfig.fa	95.000	20	1	0	21069	21088	86270	86251	2.3	31.9
3.easyfig.fa	4.easyfig.fa	83.333	30	5	0	2562	2591	86540	86511	2.3	31.9
3.easyfig.fa	4.easyfig.fa	95.000	20	1	0	40375	40394	86536	86555	2.3	31.9
3.easyfig.fa	4.easyfig.fa	90.909	22	2	0	65044	65065	86701	86722	2.3	31.9
3.easyfig.fa	4.easyfig.fa	100.000	17	0	0	6117	6133	86860	86876	2.3	31.9
3.easyfig.fa	4.easyfig.fa	85.185	27	4	0	51407	51433	87199	87225	2.3	31.9
3.easyfig.fa	4.easyfig.fa	86.207	29	3	1	29509	29536	89688	89660	2.3	31.9
3.easyfig.fa	4.easyfig.fa	95.000	20	1	0	44923	44942	89757	89776	2.3	31.9
3.easyfig.fa	4.easyfig.fa	85.185	27	4	0	39128	39154	90344	90370	2.3	31.9
3.easyfig.fa	4.easyfig.fa	100.000	17	0	0	69805	69821	92019	92003	2.3	31.9
3.easyfig.fa	4.easyfig.fa	100.000	17	0	0	45998	46014	92003	92019	2.3	31.9
3.easyfig.fa	4.easyfig.fa	100.000	17	0	0	96790	96806	92003	92019	2.3	31.9
3.easyfig.fa	4.easyfig.fa	90.909	22	2	0	44572	44593	92297	92318	2.3	31.9
3.easyfig.fa	4.easyfig.fa	95.455	22	0	1	60022	60042	92553	92574	2.3	31.9
3.easyfig.fa	4.easyfig.fa	88.000	25	3	0	61994	62018	93353	93377	2.3	31.9
3.easyfig.fa	4.easyfig.fa	86.207	29	3	1	11158	11185	93459	93431	2.3	31.9
3.easyfig.fa	4.easyfig.fa	77.500	40	9	0	7127	7166	93564	93525	2.3	31.9
3.easyfig.fa	4.easyfig.fa	95.000	20	1	0	40134	40153	94380	94399	2.3	31.9
3.easyfig.fa	4.easyfig.fa	95.000	20	1	0	7065	7084	94401	94382	2.3	31.9
3.easyfig.fa	4.easyfig.fa	88.000	25	3	0	64739	64763	96452	96476	2.3	31.9
3.easyfig.fa	4.easyfig.fa	100.000	17	0	0	31537	31553	96475	96459	2.3	31.9
3.easyfig.fa	4.easyfig.fa	100.000	17	0	0	92332	92348	96461	96477	2.3	31.9
3.easyfig.fa	4.easyfig.fa	88.000	25	1	1	60296	60320	23	1	7.9	30.1
3.easyfig.fa	4.easyfig.fa	72.222	54	6	2	54891	54944	58	14	7.9	30.1
3.easyfig.fa	4.easyfig.fa	94.737	19	1	0	86778	86796	95	77	7.9	30.1
3.easyfig.fa	4.easyfig.fa	88.462	26	2	1	36632	36657	151	175	7.9	30.1
3.easyfig.fa	4.easyfig.fa	78.947	38	2	2	64137	64168	433	396	7.9	30.1
3.easyfig.fa	4.easyfig.fa	87.500	24	3	0	22443	22466	420	443	7.9	30.1
3.easyfig.fa	4.easyfig.fa	90.476	21	2	0	30417	30437	449	429	7.9	30.1
3.easyfig.fa	4.easyfig.fa	88.889	27	0	2	92214	92240	644	667	7.9	30.1
3.easyfig.fa	4.easyfig.fa	84.375	32	2	2	9902	9933	948	976	7.9	30.1
3.easyfig.fa	4.easyfig.fa	90.476	21	2	0	25360	25380	1023	1043	7.9	30.1
3.easyfig.fa	4.easyfig.fa	65.649	131	25	5	787	897	1131	1261	7.9	30.1
3.easyfig.fa	4.easyfig.fa	85.714	28	3	1	10778	10804	1167	1140	7.9	30.1
3.easyfig.fa	4.easyfig.fa	90.476	21	2	0	54929	54949	1368	1388	7.9	30.1
3.easyfig.fa	4.easyfig.fa	100.000	16	0	0	10062	10077	1431	1416	7.9	30.1
3.easyfig.fa	4.easyfig.fa	90.476	21	2	0	46441	46461	1730	1710	7.9	30.1
3.easyfig.fa	4.easyfig.fa	94.737	19	1	0	76895	76913	1728	1710	7.9	30.1
3.easyfig.fa	4.easyfig.fa	94.737	19	1	0	44488	44506	2792	2774	7.9	30.1
3.easyfig.fa	4.easyfig.fa	91.304	23	1	1	41519	41541	2832	2811	7.9	30.1
3.easyfig.fa	4.easyfig.fa	82.759	29	5	0	46631	46659	3898	3926	7.9	30.1
3.easyfig.fa	4.easyfig.fa	80.556	36	6	1	65932	65967	3899	3933	7.9	30.1
3.easyfig.fa	4.easyfig.fa	77.500	40	7	1	53328	53367	3993	3956	7.9	30.1
3.easyfig.fa	4.easyfig.fa	100.000	16	0	0	32332	32347	3987	3972	7.9	30.1
3.easyfig.fa	4.easyfig.fa	94.737	19	1	0	14667	14685	3986	4004	7.9	30.1
3.easyfig.fa	4.easyfig.fa	82.759	29	5	0	43658	43686	4047	4019	7.9	30.1
3.easyfig.fa	4.easyfig.fa	100.000	16	0	0	85728	85743	4086	4101	7.9	30.1
3.easyfig.fa	4.easyfig.fa	80.000	35	4	1	64115	64149	4237	4206	7.9	30.1
3.easyfig.fa	4.easyfig.fa	87.500	24	3	0	55394	55417	4232	4209	7.9	30.1
3.easyfig.fa	4.easyfig.fa	87.500	24	3	0	41373	41396	4215	4238	7.9	30.1
3.easyfig.fa	4.easyfig.fa	94.737	19	1	0	33449	33467	4271	4253	7.9	30.1
3.easyfig.fa	4.easyfig.fa	100.000	16	0	0	54928	54943	4494	4479	7.9	30.1
3.easyfig.fa	4.easyfig.fa	84.615	26	4	0	94386	94411	4639	4614	7.9	30.1
3.easyfig.fa	4.easyfig.fa	87.500	24	3	0	69533	69556	4879	4902	7.9	30.1
3.easyfig.fa	4.easyfig.fa	94.737	19	1	0	64745	64763	4883	4901	7.9	30.1
3.easyfig.fa	4.easyfig.fa	84.615	26	4	0	38766	38791	5458	5483	7.9	30.1
3.easyfig.fa	4.easyfig.fa	80.000	35	4	1	45715	45746	5506	5472	7.9	30.1
3.easyfig.fa	4.easyfig.fa	100.000	16	0	0	5623	5638	5848	5863	7.9	30.1
3.easyfig.fa	4.easyfig.fa	85.185	27	0	1	81982	82004	6060	6034	7.9	30.1
3.easyfig.fa	4.easyfig.fa	100.000	16	0	0	5342	5357	6125	6140	7.9	30.1
3.easyfig.fa	4.easyfig.fa	75.610	41	10	0	36217	36257	7135	7095	7.9	30.1
3.easyfig.fa	4.easyfig.fa	84.615	26	4	0	75480	75505	7365	7340	7.9	30.1
3.easyfig.fa	4.easyfig.fa	100.000	16	0	0	34872	34887	7425	7410	7.9	30.1
3.easyfig.fa	4.easyfig.fa	90.476	21	2	0	47737	47757	7808	7788	7.9	30.1
3.easyfig.fa	4.easyfig.fa	89.286	28	1	2	8180	8206	8101	8127	7.9	30.1
3.easyfig.fa	4.easyfig.fa	85.185	27	1	1	89453	89479	8153	8130	7.9	30.1
3.easyfig.fa	4.easyfig.fa	94.737	19	1	0	45504	45522	8364	8346	7.9	30.1
3.easyfig.fa	4.easyfig.fa	90.476	21	2	0	55056	55076	8611	8591	7.9	30.1
3.easyfig.fa	4.easyfig.fa	89.286	28	1	2	7596	7622	8685	8711	7.9	30.1
3.easyfig.fa	4.easyfig.fa	94.737	19	1	0	78953	78971	8773	8755	7.9	30.1
3.easyfig.fa	4.easyfig.fa	90.476	21	2	0	18386	18406	8955	8975	7.9	30.1
3.easyfig.fa	4.easyfig.fa	94.737	19	1	0	68057	68075	9040	9022	7.9	30.1
3.easyfig.fa	4.easyfig.fa	87.500	24	3	0	21063	21086	9191	9214	7.9	30.1
3.easyfig.fa	4.easyfig.fa	87.500	24	3	0	35691	35714	9334	9311	7.9	30.1
3.easyfig.fa	4.easyfig.fa	80.645	31	6	0	83008	83038	9439	9469	7.9	30.1
3.easyfig.fa	4.easyfig.fa	91.304	23	1	1	49977	49999	9467	9446	7.9	30.1
3.easyfig.fa	4.easyfig.fa	79.412	34	7	0	28337	28370	9485	9518	7.9	30.1
3.easyfig.fa	4.easyfig.fa	81.818	33	5	1	15503	15534	9486	9518	7.9	30.1
3.easyfig.fa	4.easyfig.fa	85.714	28	3	1	10860	10887	10515	10541	7.9	30.1
3.easyfig.fa	4.easyfig.fa	100.000	16	0	0	10380	10395	10899	10884	7.9	30.1
3.easyfig.fa	4.easyfig.fa	85.714	28	3	1	10011	10037	11364	11391	7.9	30.1
3.easyfig.fa	4.easyfig.fa	85.185	27	1	1	35482	35505	11783	11809	7.9	30.1
3.easyfig.fa	4.easyfig.fa	84.375	32	2	2	73848	73879	12019	12047	7.9	30.1
3.easyfig.fa	4.easyfig.fa	84.615	26	4	0	82436	82461	12211	12186	7.9	30.1
3.easyfig.fa	4.easyfig.fa	94.737	19	1	0	3126	3144	12361	12343	7.9	30.1
3.easyfig.fa	4.easyfig.fa	81.250	32	3	1	95089	95120	12409	12381	7.9	30.1
3.easyfig.fa	4.easyfig.fa	90.476	21	2	0	83187	83207	12680	12660	7.9	30.1
3.easyfig.fa	4.easyfig.fa	100.000	16	0	0	39973	39988	12722	12737	7.9	30.1
3.easyfig.fa	4.easyfig.fa	77.143	35	1	1	15149	15183	12972	12999	7.9	30.1
3.easyfig.fa	4.easyfig.fa	90.476	21	2	0	76511	76531	13004	12984	7.9	30.1
3.easyfig.fa	4.easyfig.fa	100.000	16	0	0	67867	67882	13124	13109	7.9	30.1
3.easyfig.fa	4.easyfig.fa	100.000	16	0	0	23945	23960	13313	13328	7.9	30.1
3.easyfig.fa	4.easyfig.fa	90.476	21	2	0	41389	41409	13617	13597	7.9	30.1
3.easyfig.fa	4.easyfig.fa	84.615	26	4	0	92247	92272	13698	13673	7.9	30.1
3.easyfig.fa	4.easyfig.fa	90.476	21	2	0	50099	50119	13696	13676	7.9	30.1
3.easyfig.fa	4.easyfig.fa	82.759	29	5	0	53847	53875	13943	13971	7.9	30.1
3.easyfig.fa	4.easyfig.fa	100.000	16	0	0	28413	28428	14665	14680	7.9	30.1
3.easyfig.fa	4.easyfig.fa	90.476	21	2	0	41028	41048	15188	15168	7.9	30.1
3.easyfig.fa	4.easyfig.fa	94.737	19	1	0	3480	3498	15171	15189	7.9	30.1
3.easyfig.fa	4.easyfig.fa	94.737	19	1	0	33766	33784	15884	15866	7.9	30.1
3.easyfig.fa	4.easyfig.fa	94.737	19	1	0	47755	47773	16077	16059	7.9	30.1
3.easyfig.fa	4.easyfig.fa	81.818	33	5	1	8981	9013	16148	16179	7.9	30.1
3.easyfig.fa	4.easyfig.fa	94.737	19	1	0	40367	40385	17517	17499	7.9	30.1
3.easyfig.fa	4.easyfig.fa	94.737	19	1	0	52265	52283	17836	17818	7.9	30.1
3.easyfig.fa	4.easyfig.fa	77.778	36	8	0	57165	57200	17873	17838	7.9	30.1
3.easyfig.fa	4.easyfig.fa	82.759	29	5	0	96216	96244	17842	17870	7.9	30.1
3.easyfig.fa	4.easyfig.fa	94.737	19	1	0	4968	4986	17917	17935	7.9	30.1
3.easyfig.fa	4.easyfig.fa	78.947	38	7	1	87	123	18064	18101	7.9	30.1
3.easyfig.fa	4.easyfig.fa	94.737	19	1	0	33799	33817	18631	18613	7.9	30.1
3.easyfig.fa	4.easyfig.fa	71.667	60	15	1	26134	26193	18776	18833	7.9	30.1
3.easyfig.fa	4.easyfig.fa	100.000	16	0	0	87036	87051	19037	19022	7.9	30.1
3.easyfig.fa	4.easyfig.fa	90.476	21	2	0	8450	8470	19031	19051	7.9	30.1
3.easyfig.fa	4.easyfig.fa	76.786	56	7	4	23843	23897	19062	19112	7.9	30.1
3.easyfig.fa	4.easyfig.fa	100.000	16	0	0	7632	7647	19102	19117	7.9	30.1
3.easyfig.fa	4.easyfig.fa	100.000	16	0	0	21471	21486	19116	19131	7.9	30.1
3.easyfig.fa	4.easyfig.fa	87.500	24	3	0	92325	92348	19840	19863	7.9	30.1
3.easyfig.fa	4.easyfig.fa	91.304	23	1	1	73755	73777	19842	19863	7.9	30.1
3.easyfig.fa	4.easyfig.fa	100.000	16	0	0	59561	59576	19862	19847	7.9	30.1
3.easyfig.fa	4.easyfig.fa	90.476	21	2	0	76699	76719	20387	20367	7.9	30.1
3.easyfig.fa	4.easyfig.fa	100.000	16	0	0	52896	52911	20482	20467	7.9	30.1
3.easyfig.fa	4.easyfig.fa	82.759	29	5	0	40337	40365	20605	20577	7.9	30.1
3.easyfig.fa	4.easyfig.fa	94.737	19	1	0	26170	26188	20639	20657	7.9	30.1
3.easyfig.fa	4.easyfig.fa	87.500	24	3	0	18241	18264	20725	20748	7.9	30.1
3.easyfig.fa	4.easyfig.fa	94.737	19	1	0	22122	22140	20852	20834	7.9	30.1
3.easyfig.fa	4.easyfig.fa	80.645	31	6	0	43828	43858	20866	20836	7.9	30.1
3.easyfig.fa	4.easyfig.fa	85.714	28	3	1	55006	55033	21071	21045	7.9	30.1
3.easyfig.fa	4.easyfig.fa	82.759	29	5	0	29521	29549	21420	21392	7.9	30.1
3.easyfig.fa	4.easyfig.fa	100.000	16	0	0	51893	51908	21772	21757	7.9	30.1
3.easyfig.fa	4.easyfig.fa	87.500	24	3	0	28046	28069	21758	21781	7.9	30.1
3.easyfig.fa	4.easyfig.fa	90.476	21	2	0	38661	38681	21856	21876	7.9	30.1
3.easyfig.fa	4.easyfig.fa	100.000	16	0	0	71269	71284	21906	21891	7.9	30.1
3.easyfig.fa	4.easyfig.fa	100.000	16	0	0	18471	18486	22137	22152	7.9	30.1
3.easyfig.fa	4.easyfig.fa	100.000	16	0	0	39084	39099	22411	22426	7.9	30.1
3.easyfig.fa	4.easyfig.fa	90.476	21	2	0	41825	41845	22571	22551	7.9	30.1
3.easyfig.fa	4.easyfig.fa	94.737	19	1	0	47787	47805	22577	22559	7.9	30.1
3.easyfig.fa	4.easyfig.fa	87.500	24	3	0	68971	68994	22594	22571	7.9	30.1
3.easyfig.fa	4.easyfig.fa	88.000	25	1	1	30466	30490	22780	22802	7.9	30.1
3.easyfig.fa	4.easyfig.fa	94.737	19	1	0	20189	20207	22806	22788	7.9	30.1
3.easyfig.fa	4.easyfig.fa	82.759	29	5	0	81046	81074	22817	22789	7.9	30.1
3.easyfig.fa	4.easyfig.fa	84.615	26	4	0	23913	23938	23143	23118	7.9	30.1
3.easyfig.fa	4.easyfig.fa	82.759	29	5	0	59067	59095	23156	23128	7.9	30.1
3.easyfig.fa	4.easyfig.fa	84.615	26	4	0	55678	55703	23446	23471	7.9	30.1
3.easyfig.fa	4.easyfig.fa	80.645	31	6	0	35005	35035	23693	23663	7.9	30.1
3.easyfig.fa	4.easyfig.fa	82.759	29	5	0	11773	11801	23781	23809	7.9	30.1
3.easyfig.fa	4.easyfig.fa	72.549	51	14	0	3381	3431	24110	24060	7.9	30.1
3.easyfig.fa	4.easyfig.fa	100.000	16	0	0	21276	21291	24074	24089	7.9	30.1
3.easyfig.fa	4.easyfig.fa	87.500	24	3	0	43741	43764	24786	24763	7.9	30.1
3.easyfig.fa	4.easyfig.fa	84.615	26	4	0	2771	2796	25009	25034	7.9	30.1
3.easyfig.fa	4.easyfig.fa	76.786	56	7	4	18417	18467	25433	25487	7.9	30.1
3.easyfig.fa	4.easyfig.fa	94.737	19	1	0	96908	96926	25561	25579	7.9	30.1
3.easyfig.fa	4.easyfig.fa	100.000	16	0	0	96790	96805	25579	25564	7.9	30.1
3.easyfig.fa	4.easyfig.fa	100.000	16	0	0	73761	73776	25579	25564	7.9	30.1
3.easyfig.fa	4.easyfig.fa	100.000	16	0	0	45998	46013	25579	25564	7.9	30.1
3.easyfig.fa	4.easyfig.fa	100.000	16	0	0	69806	69821	25564	25579	7.9	30.1
3.easyfig.fa	4.easyfig.fa	87.500	24	3	0	7376	7399	25899	25922	7.9	30.1
3.easyfig.fa	4.easyfig.fa	87.500	24	3	0	50599	50622	26436	26413	7.9	30.1
3.easyfig.fa	4.easyfig.fa	100.000	16	0	0	11934	11949	27283	27298	7.9	30.1
3.easyfig.fa	4.easyfig.fa	94.737	19	1	0	90372	90390	28127	28109	7.9	30.1
3.easyfig.fa	4.easyfig.fa	79.412	34	7	0	8980	9013	28911	28944	7.9	30.1
3.easyfig.fa	4.easyfig.fa	80.645	31	6	0	95699	95729	28942	28912	7.9	30.1
3.easyfig.fa	4.easyfig.fa	87.500	24	3	0	77056	77079	28939	28916	7.9	30.1
3.easyfig.fa	4.easyfig.fa	90.476	21	2	0	38697	38717	28937	28917	7.9	30.1
3.easyfig.fa	4.easyfig.fa	73.134	67	15	3	46892	46955	28984	28918	7.9	30.1
3.easyfig.fa	4.easyfig.fa	100.000	16	0	0	14161	14176	29152	29167	7.9	30.1
3.easyfig.fa	4.easyfig.fa	74.074	54	10	2	33682	33733	29242	29191	7.9	30.1
3.easyfig.fa	4.easyfig.fa	87.500	24	3	0	20229	20252	29249	29226	7.9	30.1
3.easyfig.fa	4.easyfig.fa	100.000	16	0	0	95098	95113	29633	29618	7.9	30.1
3.easyfig.fa	4.easyfig.fa	90.476	21	2	0	43505	43525	29749	29729	7.9	30.1
3.easyfig.fa	4.easyfig.fa	94.737	19	1	0	36892	36910	29850	29868	7.9	30.1
3.easyfig.fa	4.easyfig.fa	100.000	16	0	0	38660	38675	29881	29896	7.9	30.1
3.easyfig.fa	4.easyfig.fa	91.304	23	1	1	30313	30334	29889	29911	7.9	30.1
3.easyfig.fa	4.easyfig.fa	90.476	21	2	0	23946	23966	29962	29942	7.9	30.1
3.easyfig.fa	4.easyfig.fa	94.737	19	1	0	52451	52469	29962	29944	7.9	30.1
3.easyfig.fa	4.easyfig.fa	94.737	19	1	0	36892	36910	29962	29944	7.9	30.1
3.easyfig.fa	4.easyfig.fa	82.759	29	5	0	64735	64763	29975	29947	7.9	30.1
3.easyfig.fa	4.easyfig.fa	77.778	36	8	0	88	123	30066	30101	7.9	30.1
3.easyfig.fa	4.easyfig.fa	94.737	19	1	0	51436	51454	30312	30330	7.9	30.1
3.easyfig.fa	4.easyfig.fa	94.737	19	1	0	16473	16491	30871	30889	7.9	30.1
3.easyfig.fa	4.easyfig.fa	73.077	52	5	2	12151	12193	31009	31060	7.9	30.1
3.easyfig.fa	4.easyfig.fa	88.000	25	1	1	22114	22136	31190	31214	7.9	30.1
3.easyfig.fa	4.easyfig.fa	100.000	16	0	0	34377	34392	31960	31975	7.9	30.1
3.easyfig.fa	4.easyfig.fa	90.476	21	2	0	4960	4980	32548	32528	7.9	30.1
3.easyfig.fa	4.easyfig.fa	85.714	28	3	1	43183	43209	32934	32961	7.9	30.1
3.easyfig.fa	4.easyfig.fa	100.000	16	0	0	3466	3481	33071	33056	7.9	30.1
3.easyfig.fa	4.easyfig.fa	77.778	36	8	0	75289	75324	33107	33142	7.9	30.1
3.easyfig.fa	4.easyfig.fa	94.737	19	1	0	87388	87406	33144	33162	7.9	30.1
3.easyfig.fa	4.easyfig.fa	100.000	16	0	0	7191	7206	33437	33422	7.9	30.1
3.easyfig.fa	4.easyfig.fa	90.476	21	2	0	91210	91230	33807	33787	7.9	30.1
3.easyfig.fa	4.easyfig.fa	94.737	19	1	0	3747	3765	34191	34173	7.9	30.1
3.easyfig.fa	4.easyfig.fa	91.304	23	1	1	51750	51771	34203	34225	7.9	30.1
3.easyfig.fa	4.easyfig.fa	94.737	19	1	0	15221	15239	34508	34490	7.9	30.1
3.easyfig.fa	4.easyfig.fa	81.250	32	3	1	61034	61062	34527	34558	7.9	30.1
3.easyfig.fa	4.easyfig.fa	84.615	26	4	0	10804	10829	34784	34759	7.9	30.1
3.easyfig.fa	4.easyfig.fa	90.476	21	2	0	5525	5545	35054	35034	7.9	30.1
3.easyfig.fa	4.easyfig.fa	100.000	16	0	0	31236	31251	35101	35116	7.9	30.1
3.easyfig.fa	4.easyfig.fa	90.476	21	2	0	51408	51428	35334	35354	7.9	30.1
3.easyfig.fa	4.easyfig.fa	100.000	16	0	0	6905	6920	35611	35596	7.9	30.1
3.easyfig.fa	4.easyfig.fa	75.610	41	10	0	96827	96867	35829	35789	7.9	30.1
3.easyfig.fa	4.easyfig.fa	87.500	24	3	0	28768	28791	35818	35795	7.9	30.1
3.easyfig.fa	4.easyfig.fa	92.000	25	0	2	4839	4862	35831	35808	7.9	30.1
3.easyfig.fa	4.easyfig.fa	100.000	16	0	0	94338	94353	35899	35914	7.9	30.1
3.easyfig.fa	4.easyfig.fa	87.500	24	3	0	42858	42881	36027	36050	7.9	30.1
3.easyfig.fa	4.easyfig.fa	84.375	32	2	2	20759	20790	36047	36075	7.9	30.1
3.easyfig.fa	4.easyfig.fa	81.250	32	3	1	44558	44589	36095	36123	7.9	30.1
3.easyfig.fa	4.easyfig.fa	85.185	27	1	1	11279	11305	36206	36229	7.9	30.1
3.easyfig.fa	4.easyfig.fa	87.500	24	3	0	8806	8829	36438	36415	7.9	30.1
3.easyfig.fa	4.easyfig.fa	82.759	29	5	0	56740	56768	36422	36450	7.9	30.1
3.easyfig.fa	4.easyfig.fa	100.000	16	0	0	43848	43863	36660	36645	7.9	30.1
3.easyfig.fa	4.easyfig.fa	90.476	21	2	0	94712	94732	36826	36806	7.9	30.1
3.easyfig.fa	4.easyfig.fa	90.476	21	2	0	38043	38063	37036	37056	7.9	30.1
3.easyfig.fa	4.easyfig.fa	84.615	26	4	0	41502	41527	37537	37562	7.9	30.1
3.easyfig.fa	4.easyfig.fa	100.000	16	0	0	52019	52034	37630	37615	7.9	30.1
3.easyfig.fa	4.easyfig.fa	94.737	19	1	0	29122	29140	37616	37634	7.9	30.1
3.easyfig.fa	4.easyfig.fa	94.737	19	1	0	29216	29234	37634	37616	7.9	30.1
3.easyfig.fa	4.easyfig.fa	84.615	26	4	0	50492	50517	37648	37673	7.9	30.1
3.easyfig.fa	4.easyfig.fa	82.759	29	5	0	39890	39918	37695	37723	7.9	30.1
3.easyfig.fa	4.easyfig.fa	100.000	16	0	0	79716	79731	37919	37934	7.9	30.1
3.easyfig.fa	4.easyfig.fa	94.737	19	1	0	62669	62687	38132	38150	7.9	30.1
3.easyfig.fa	4.easyfig.fa	94.737	19	1	0	74939	74957	38702	38684	7.9	30.1
3.easyfig.fa	4.easyfig.fa	94.737	19	1	0	92332	92350	38735	38717	7.9	30.1
3.easyfig.fa	4.easyfig.fa	100.000	16	0	0	96790	96805	38735	38720	7.9	30.1
3.easyfig.fa	4.easyfig.fa	100.000	16	0	0	94712	94727	38735	38720	7.9	30.1
3.easyfig.fa	4.easyfig.fa	100.000	16	0	0	23974	23989	38720	38735	7.9	30.1
3.easyfig.fa	4.easyfig.fa	100.000	16	0	0	45998	46013	38735	38720	7.9	30.1
3.easyfig.fa	4.easyfig.fa	100.000	16	0	0	69806	69821	38720	38735	7.9	30.1
3.easyfig.fa	4.easyfig.fa	94.737	19	1	0	53504	53522	38921	38939	7.9	30.1
3.easyfig.fa	4.easyfig.fa	100.000	16	0	0	29153	29168	39384	39399	7.9	30.1
3.easyfig.fa	4.easyfig.fa	90.476	21	2	0	28343	28363	39441	39421	7.9	30.1
3.easyfig.fa	4.easyfig.fa	90.476	21	2	0	551	571	39669	39649	7.9	30.1
3.easyfig.fa	4.easyfig.fa	90.476	21	2	0	4037	4057	39796	39776	7.9	30.1
3.easyfig.fa	4.easyfig.fa	100.000	16	0	0	21745	21760	39808	39823	7.9	30.1
3.easyfig.fa	4.easyfig.fa	80.645	31	6	0	28167	28197	40274	40244	7.9	30.1
3.easyfig.fa	4.easyfig.fa	84.615	26	4	0	58470	58495	40540	40565	7.9	30.1
3.easyfig.fa	4.easyfig.fa	87.500	24	3	0	56675	56698	40695	40718	7.9	30.1
3.easyfig.fa	4.easyfig.fa	94.737	19	1	0	77790	77808	41057	41075	7.9	30.1
3.easyfig.fa	4.easyfig.fa	77.778	36	8	0	69493	69528	41059	41094	7.9	30.1
3.easyfig.fa	4.easyfig.fa	94.737	19	1	0	16854	16872	41109	41091	7.9	30.1
3.easyfig.fa	4.easyfig.fa	100.000	16	0	0	90608	90623	41218	41233	7.9	30.1
3.easyfig.fa	4.easyfig.fa	100.000	16	0	0	46524	46539	41748	41763	7.9	30.1
3.easyfig.fa	4.easyfig.fa	84.615	26	4	0	28329	28354	41783	41758	7.9	30.1
3.easyfig.fa	4.easyfig.fa	90.476	21	2	0	30158	30178	41912	41892	7.9	30.1
3.easyfig.fa	4.easyfig.fa	85.714	28	3	1	77019	77045	42088	42115	7.9	30.1
3.easyfig.fa	4.easyfig.fa	100.000	16	0	0	70602	70617	42109	42094	7.9	30.1
3.easyfig.fa	4.easyfig.fa	87.500	24	3	0	3709	3732	42097	42120	7.9	30.1
3.easyfig.fa	4.easyfig.fa	90.476	21	2	0	13093	13113	42133	42113	7.9	30.1
3.easyfig.fa	4.easyfig.fa	100.000	16	0	0	61011	61026	42130	42115	7.9	30.1
3.easyfig.fa	4.easyfig.fa	84.848	33	3	2	22507	22538	42239	42208	7.9	30.1
3.easyfig.fa	4.easyfig.fa	81.579	38	5	2	36813	36848	42226	42263	7.9	30.1
3.easyfig.fa	4.easyfig.fa	77.778	36	8	0	95349	95384	42534	42569	7.9	30.1
3.easyfig.fa	4.easyfig.fa	83.871	31	4	1	83485	83515	42707	42736	7.9	30.1
3.easyfig.fa	4.easyfig.fa	87.500	24	3	0	57514	57537	42800	42823	7.9	30.1
3.easyfig.fa	4.easyfig.fa	81.579	38	5	2	53209	53245	42870	42906	7.9	30.1
3.easyfig.fa	4.easyfig.fa	100.000	16	0	0	58112	58127	43125	43140	7.9	30.1
3.easyfig.fa	4.easyfig.fa	79.070	43	7	2	58311	58352	43310	43269	7.9	30.1
3.easyfig.fa	4.easyfig.fa	82.759	29	5	0	65046	65074	43282	43310	7.9	30.1
3.easyfig.fa	4.easyfig.fa	82.759	29	5	0	606	634	43310	43282	7.9	30.1
3.easyfig.fa	4.easyfig.fa	100.000	16	0	0	47022	47037	43284	43299	7.9	30.1
3.easyfig.fa	4.easyfig.fa	90.476	21	2	0	64328	64348	43291	43311	7.9	30.1
3.easyfig.fa	4.easyfig.fa	87.500	24	3	0	35303	35326	43582	43605	7.9	30.1
3.easyfig.fa	4.easyfig.fa	80.645	31	6	0	32747	32777	43612	43642	7.9	30.1
3.easyfig.fa	4.easyfig.fa	94.737	19	1	0	64555	64573	43753	43771	7.9	30.1
3.easyfig.fa	4.easyfig.fa	85.714	28	3	1	32210	32237	43907	43933	7.9	30.1
3.easyfig.fa	4.easyfig.fa	87.500	24	3	0	89258	89281	44066	44089	7.9	30.1
3.easyfig.fa	4.easyfig.fa	90.476	21	2	0	51691	51711	44081	44101	7.9	30.1
3.easyfig.fa	4.easyfig.fa	82.759	29	5	0	3513	3541	44410	44382	7.9	30.1
3.easyfig.fa	4.easyfig.fa	82.759	29	5	0	52011	52039	44441	44469	7.9	30.1
3.easyfig.fa	4.easyfig.fa	87.500	24	3	0	92325	92348	44470	44447	7.9	30.1
3.easyfig.fa	4.easyfig.fa	87.500	24	3	0	23973	23996	44447	44470	7.9	30.1
3.easyfig.fa	4.easyfig.fa	87.500	24	3	0	23173	23196	44488	44465	7.9	30.1
3.easyfig.fa	4.easyfig.fa	80.645	31	6	0	20191	20221	44582	44552	7.9	30.1
3.easyfig.fa	4.easyfig.fa	100.000	16	0	0	35921	35936	44587	44572	7.9	30.1
3.easyfig.fa	4.easyfig.fa	80.000	35	5	1	26091	26125	44639	44607	7.9	30.1
3.easyfig.fa	4.easyfig.fa	90.476	21	2	0	88836	88856	44671	44651	7.9	30.1
3.easyfig.fa	4.easyfig.fa	91.304	23	1	1	64906	64928	44817	44838	7.9	30.1
3.easyfig.fa	4.easyfig.fa	82.759	29	5	0	96825	96853	44967	44939	7.9	30.1
3.easyfig.fa	4.easyfig.fa	77.778	36	8	0	5243	5278	45064	45029	7.9	30.1
3.easyfig.fa	4.easyfig.fa	100.000	16	0	0	46748	46763	45453	45468	7.9	30.1
3.easyfig.fa	4.easyfig.fa	77.778	36	8	0	86604	86639	45609	45644	7.9	30.1
3.easyfig.fa	4.easyfig.fa	85.714	28	3	1	47108	47135	45753	45779	7.9	30.1
3.easyfig.fa	4.easyfig.fa	91.304	23	1	1	59403	59424	45848	45870	7.9	30.1
3.easyfig.fa	4.easyfig.fa	94.737	19	1	0	64098	64116	46164	46182	7.9	30.1
3.easyfig.fa	4.easyfig.fa	94.737	19	1	0	7841	7859	46246	46228	7.9	30.1
3.easyfig.fa	4.easyfig.fa	94.737	19	1	0	54889	54907	46452	46470	7.9	30.1
3.easyfig.fa	4.easyfig.fa	94.737	19	1	0	61823	61841	46596	46614	7.9	30.1
3.easyfig.fa	4.easyfig.fa	80.645	31	6	0	44354	44384	46602	46632	7.9	30.1
3.easyfig.fa	4.easyfig.fa	100.000	16	0	0	37996	38011	46737	46722	7.9	30.1
3.easyfig.fa	4.easyfig.fa	90.476	21	2	0	61820	61840	46815	46835	7.9	30.1
3.easyfig.fa	4.easyfig.fa	90.476	21	2	0	36943	36963	46923	46943	7.9	30.1
3.easyfig.fa	4.easyfig.fa	79.412	34	7	0	25071	25104	46972	46939	7.9	30.1
3.easyfig.fa	4.easyfig.fa	94.737	19	1	0	26721	26739	47272	47254	7.9	30.1
3.easyfig.fa	4.easyfig.fa	100.000	16	0	0	77385	77400	47262	47277	7.9	30.1
3.easyfig.fa	4.easyfig.fa	100.000	16	0	0	79064	79079	47438	47423	7.9	30.1
3.easyfig.fa	4.easyfig.fa	100.000	16	0	0	44729	44744	47472	47487	7.9	30.1
3.easyfig.fa	4.easyfig.fa	83.871	31	4	1	64117	64146	47616	47646	7.9	30.1
3.easyfig.fa	4.easyfig.fa	100.000	16	0	0	35374	35389	47658	47673	7.9	30.1
3.easyfig.fa	4.easyfig.fa	77.778	36	8	0	37605	37640	47666	47701	7.9	30.1
3.easyfig.fa	4.easyfig.fa	94.737	19	1	0	93736	93754	47705	47687	7.9	30.1
3.easyfig.fa	4.easyfig.fa	100.000	16	0	0	52333	52348	47712	47697	7.9	30.1
3.easyfig.fa	4.easyfig.fa	83.871	31	4	1	74602	74631	47739	47769	7.9	30.1
3.easyfig.fa	4.easyfig.fa	100.000	16	0	0	42560	42575	47746	47761	7.9	30.1
3.easyfig.fa	4.easyfig.fa	90.476	21	2	0	50847	50867	47754	47774	7.9	30.1
3.easyfig.fa	4.easyfig.fa	77.083	48	9	2	17353	17399	47810	47856	7.9	30.1
3.easyfig.fa	4.easyfig.fa	85.714	28	3	1	45029	45055	47832	47859	7.9	30.1
3.easyfig.fa	4.easyfig.fa	100.000	16	0	0	15653	15668	47886	47871	7.9	30.1
3.easyfig.fa	4.easyfig.fa	87.500	24	3	0	34521	34544	48293	48316	7.9	30.1
3.easyfig.fa	4.easyfig.fa	80.556	36	6	1	44630	44664	48294	48329	7.9	30.1
3.easyfig.fa	4.easyfig.fa	90.476	21	2	0	7283	7303	48481	48461	7.9	30.1
3.easyfig.fa	4.easyfig.fa	94.737	19	1	0	15414	15432	48497	48479	7.9	30.1
3.easyfig.fa	4.easyfig.fa	94.737	19	1	0	36745	36763	49441	49459	7.9	30.1
3.easyfig.fa	4.easyfig.fa	88.462	26	2	1	86301	86325	49462	49487	7.9	30.1
3.easyfig.fa	4.easyfig.fa	80.645	31	6	0	56197	56227	49570	49600	7.9	30.1
3.easyfig.fa	4.easyfig.fa	94.737	19	1	0	66235	66253	50362	50380	7.9	30.1
3.easyfig.fa	4.easyfig.fa	90.476	21	2	0	8129	8149	50506	50486	7.9	30.1
3.easyfig.fa	4.easyfig.fa	91.304	23	1	1	8941	8962	50723	50701	7.9	30.1
3.easyfig.fa	4.easyfig.fa	90.476	21	2	0	7016	7036	50730	50710	7.9	30.1
3.easyfig.fa	4.easyfig.fa	90.476	21	2	0	13172	13192	50843	50823	7.9	30.1
3.easyfig.fa	4.easyfig.fa	77.500	40	6	1	84106	84142	51205	51244	7.9	30.1
3.easyfig.fa	4.easyfig.fa	84.615	26	4	0	80244	80269	51235	51260	7.9	30.1
3.easyfig.fa	4.easyfig.fa	84.615	26	4	0	89207	89232	51318	51343	7.9	30.1
3.easyfig.fa	4.easyfig.fa	87.500	24	3	0	24823	24846	51346	51323	7.9	30.1
3.easyfig.fa	4.easyfig.fa	90.476	21	2	0	47030	47050	51571	51591	7.9	30.1
3.easyfig.fa	4.easyfig.fa	91.304	23	1	1	33479	33501	52474	52495	7.9	30.1
3.easyfig.fa	4.easyfig.fa	82.759	29	5	0	76196	76224	52651	52679	7.9	30.1
3.easyfig.fa	4.easyfig.fa	79.412	34	7	0	59545	59578	52726	52759	7.9	30.1
3.easyfig.fa	4.easyfig.fa	90.476	21	2	0	43725	43745	52743	52763	7.9	30.1
3.easyfig.fa	4.easyfig.fa	100.000	16	0	0	59771	59786	52758	52743	7.9	30.1
3.easyfig.fa	4.easyfig.fa	100.000	16	0	0	36891	36906	52758	52743	7.9	30.1
3.easyfig.fa	4.easyfig.fa	87.500	24	3	0	43802	43825	52941	52964	7.9	30.1
3.easyfig.fa	4.easyfig.fa	87.500	24	3	0	73621	73644	52948	52971	7.9	30.1
3.easyfig.fa	4.easyfig.fa	100.000	16	0	0	46973	46988	53072	53057	7.9	30.1
3.easyfig.fa	4.easyfig.fa	90.476	21	2	0	49019	49039	53079	53059	7.9	30.1
3.easyfig.fa	4.easyfig.fa	94.737	19	1	0	29216	29234	53193	53175	7.9	30.1
3.easyfig.fa	4.easyfig.fa	94.737	19	1	0	92248	92266	53278	53296	7.9	30.1
3.easyfig.fa	4.easyfig.fa	90.476	21	2	0	4812	4832	53805	53785	7.9	30.1
3.easyfig.fa	4.easyfig.fa	81.579	38	5	2	42146	42182	53933	53969	7.9	30.1
3.easyfig.fa	4.easyfig.fa	84.615	26	4	0	86305	86330	53974	53999	7.9	30.1
3.easyfig.fa	4.easyfig.fa	90.476	21	2	0	68682	68702	54066	54086	7.9	30.1
3.easyfig.fa	4.easyfig.fa	82.759	29	5	0	13439	13467	54571	54599	7.9	30.1
3.easyfig.fa	4.easyfig.fa	90.476	21	2	0	75230	75250	54920	54940	7.9	30.1
3.easyfig.fa	4.easyfig.fa	84.615	26	4	0	30816	30841	55334	55359	7.9	30.1
3.easyfig.fa	4.easyfig.fa	100.000	16	0	0	84556	84571	55597	55612	7.9	30.1
3.easyfig.fa	4.easyfig.fa	82.759	29	5	0	63893	63921	55618	55646	7.9	30.1
3.easyfig.fa	4.easyfig.fa	100.000	16	0	0	3973	3988	55667	55652	7.9	30.1
3.easyfig.fa	4.easyfig.fa	85.714	28	3	1	20400	20426	55757	55730	7.9	30.1
3.easyfig.fa	4.easyfig.fa	90.476	21	2	0	8086	8106	55800	55780	7.9	30.1
3.easyfig.fa	4.easyfig.fa	90.476	21	2	0	80814	80834	55806	55826	7.9	30.1
3.easyfig.fa	4.easyfig.fa	80.645	31	6	0	61615	61645	56295	56265	7.9	30.1
3.easyfig.fa	4.easyfig.fa	82.759	29	5	0	67960	67988	56306	56278	7.9	30.1
3.easyfig.fa	4.easyfig.fa	84.615	26	4	0	22780	22805	56402	56427	7.9	30.1
3.easyfig.fa	4.easyfig.fa	84.615	26	4	0	57002	57027	57138	57163	7.9	30.1
3.easyfig.fa	4.easyfig.fa	90.476	21	2	0	58997	59017	57231	57251	7.9	30.1
3.easyfig.fa	4.easyfig.fa	76.316	38	3	1	26089	26120	57407	57370	7.9	30.1
3.easyfig.fa	4.easyfig.fa	87.500	24	3	0	39971	39994	57399	57422	7.9	30.1
3.easyfig.fa	4.easyfig.fa	82.759	29	5	0	35698	35726	57464	57492	7.9	30.1
3.easyfig.fa	4.easyfig.fa	95.238	21	0	1	95044	95064	57687	57668	7.9	30.1
3.easyfig.fa	4.easyfig.fa	84.615	26	4	0	56414	56439	57726	57751	7.9	30.1
3.easyfig.fa	4.easyfig.fa	77.778	36	8	0	17193	17228	57924	57889	7.9	30.1
3.easyfig.fa	4.easyfig.fa	79.412	34	7	0	5670	5703	58208	58175	7.9	30.1
3.easyfig.fa	4.easyfig.fa	85.714	28	3	1	33467	33494	58693	58719	7.9	30.1
3.easyfig.fa	4.easyfig.fa	78.378	37	5	1	76217	76253	59289	59322	7.9	30.1
3.easyfig.fa	4.easyfig.fa	85.714	28	3	1	4508	4535	59380	59354	7.9	30.1
3.easyfig.fa	4.easyfig.fa	94.737	19	1	0	63900	63918	59411	59429	7.9	30.1
3.easyfig.fa	4.easyfig.fa	84.615	26	4	0	38854	38879	59462	59487	7.9	30.1
3.easyfig.fa	4.easyfig.fa	81.818	33	5	1	18498	18529	59673	59641	7.9	30.1
3.easyfig.fa	4.easyfig.fa	90.476	21	2	0	56507	56527	59721	59741	7.9	30.1
3.easyfig.fa	4.easyfig.fa	70.312	64	19	0	13778	13841	60237	60174	7.9	30.1
3.easyfig.fa	4.easyfig.fa	94.737	19	1	0	64832	64850	60188	60206	7.9	30.1
3.easyfig.fa	4.easyfig.fa	83.333	30	2	1	30204	30230	60273	60244	7.9	30.1
3.easyfig.fa	4.easyfig.fa	77.778	36	8	0	40135	40170	60302	60267	7.9	30.1
3.easyfig.fa	4.easyfig.fa	79.412	34	7	0	52002	52035	60269	60302	7.9	30.1
3.easyfig.fa	4.easyfig.fa	100.000	16	0	0	19202	19217	60300	60285	7.9	30.1
3.easyfig.fa	4.easyfig.fa	88.000	25	1	1	96832	96854	61044	61020	7.9	30.1
3.easyfig.fa	4.easyfig.fa	100.000	16	0	0	32743	32758	61592	61607	7.9	30.1
3.easyfig.fa	4.easyfig.fa	90.476	21	2	0	57876	57896	61597	61617	7.9	30.1
3.easyfig.fa	4.easyfig.fa	94.737	19	1	0	32723	32741	61674	61692	7.9	30.1
3.easyfig.fa	4.easyfig.fa	100.000	16	0	0	41391	41406	61750	61735	7.9	30.1
3.easyfig.fa	4.easyfig.fa	81.250	32	3	1	33803	33834	61758	61786	7.9	30.1
3.easyfig.fa	4.easyfig.fa	100.000	16	0	0	89791	89806	62120	62105	7.9	30.1
3.easyfig.fa	4.easyfig.fa	80.645	31	6	0	55541	55571	62369	62339	7.9	30.1
3.easyfig.fa	4.easyfig.fa	76.190	42	7	1	61934	61972	62508	62549	7.9	30.1
3.easyfig.fa	4.easyfig.fa	79.070	43	7	2	55680	55720	62532	62574	7.9	30.1
3.easyfig.fa	4.easyfig.fa	94.737	19	1	0	51698	51716	62559	62577	7.9	30.1
3.easyfig.fa	4.easyfig.fa	90.476	21	2	0	54728	54748	62684	62664	7.9	30.1
3.easyfig.fa	4.easyfig.fa	87.500	24	3	0	90656	90679	62735	62758	7.9	30.1
3.easyfig.fa	4.easyfig.fa	78.947	38	6	1	75432	75467	62897	62934	7.9	30.1
3.easyfig.fa	4.easyfig.fa	82.759	29	5	0	49519	49547	63197	63169	7.9	30.1
3.easyfig.fa	4.easyfig.fa	91.304	23	1	1	23601	23623	63335	63314	7.9	30.1
3.easyfig.fa	4.easyfig.fa	100.000	16	0	0	37605	37620	63534	63549	7.9	30.1
3.easyfig.fa	4.easyfig.fa	80.000	35	4	1	3700	3731	63820	63786	7.9	30.1
3.easyfig.fa	4.easyfig.fa	83.871	31	4	1	46892	46922	63788	63817	7.9	30.1
3.easyfig.fa	4.easyfig.fa	90.476	21	2	0	75358	75378	63816	63796	7.9	30.1
3.easyfig.fa	4.easyfig.fa	75.610	41	10	0	76516	76556	63886	63926	7.9	30.1
3.easyfig.fa	4.easyfig.fa	90.476	21	2	0	61819	61839	63909	63929	7.9	30.1
3.easyfig.fa	4.easyfig.fa	84.615	26	4	0	55387	55412	63994	64019	7.9	30.1
3.easyfig.fa	4.easyfig.fa	69.014	71	22	0	8388	8458	64065	63995	7.9	30.1
3.easyfig.fa	4.easyfig.fa	80.645	31	6	0	54991	55021	64000	64030	7.9	30.1
3.easyfig.fa	4.easyfig.fa	94.737	19	1	0	43029	43047	64226	64244	7.9	30.1
3.easyfig.fa	4.easyfig.fa	90.476	21	2	0	552	572	64299	64319	7.9	30.1
3.easyfig.fa	4.easyfig.fa	94.737	19	1	0	12805	12823	64414	64432	7.9	30.1
3.easyfig.fa	4.easyfig.fa	94.737	19	1	0	29216	29234	64437	64419	7.9	30.1
3.easyfig.fa	4.easyfig.fa	91.304	23	1	1	44093	44114	64577	64599	7.9	30.1
3.easyfig.fa	4.easyfig.fa	77.083	48	4	3	10101	10146	64704	64662	7.9	30.1
3.easyfig.fa	4.easyfig.fa	82.759	29	5	0	42558	42586	64717	64745	7.9	30.1
3.easyfig.fa	4.easyfig.fa	100.000	16	0	0	18131	18146	64989	64974	7.9	30.1
3.easyfig.fa	4.easyfig.fa	80.556	36	6	1	3393	3427	65603	65638	7.9	30.1
3.easyfig.fa	4.easyfig.fa	90.476	21	2	0	87547	87567	65708	65728	7.9	30.1
3.easyfig.fa	4.easyfig.fa	94.737	19	1	0	49638	49656	65906	65924	7.9	30.1
3.easyfig.fa	4.easyfig.fa	90.476	21	2	0	16293	16313	65981	65961	7.9	30.1
3.easyfig.fa	4.easyfig.fa	87.500	24	3	0	21903	21926	66113	66090	7.9	30.1
3.easyfig.fa	4.easyfig.fa	79.412	34	7	0	2704	2737	67565	67532	7.9	30.1
3.easyfig.fa	4.easyfig.fa	100.000	16	0	0	12605	12620	67548	67533	7.9	30.1
3.easyfig.fa	4.easyfig.fa	94.737	19	1	0	57409	57427	67604	67622	7.9	30.1
3.easyfig.fa	4.easyfig.fa	82.759	29	5	0	55554	55582	67654	67626	7.9	30.1
3.easyfig.fa	4.easyfig.fa	82.759	29	5	0	23458	23486	67731	67703	7.9	30.1
3.easyfig.fa	4.easyfig.fa	94.737	19	1	0	49101	49119	68315	68333	7.9	30.1
3.easyfig.fa	4.easyfig.fa	73.913	46	12	0	42883	42928	69141	69186	7.9	30.1
3.easyfig.fa	4.easyfig.fa	87.500	24	3	0	4373	4396	69199	69222	7.9	30.1
3.easyfig.fa	4.easyfig.fa	90.476	21	2	0	62049	62069	69362	69382	7.9	30.1
3.easyfig.fa	4.easyfig.fa	100.000	16	0	0	94712	94727	69487	69472	7.9	30.1
3.easyfig.fa	4.easyfig.fa	100.000	16	0	0	37996	38011	69472	69487	7.9	30.1
3.easyfig.fa	4.easyfig.fa	100.000	16	0	0	31537	31552	69473	69488	7.9	30.1
3.easyfig.fa	4.easyfig.fa	84.615	26	4	0	68175	68200	69688	69713	7.9	30.1
3.easyfig.fa	4.easyfig.fa	79.412	34	7	0	42542	42575	70511	70478	7.9	30.1
3.easyfig.fa	4.easyfig.fa	90.476	21	2	0	76718	76738	70637	70617	7.9	30.1
3.easyfig.fa	4.easyfig.fa	90.476	21	2	0	72503	72523	70962	70982	7.9	30.1
3.easyfig.fa	4.easyfig.fa	88.000	25	0	1	92127	92148	72043	72067	7.9	30.1
3.easyfig.fa	4.easyfig.fa	94.737	19	1	0	51769	51787	72063	72081	7.9	30.1
3.easyfig.fa	4.easyfig.fa	94.737	19	1	0	72597	72615	73204	73222	7.9	30.1
3.easyfig.fa	4.easyfig.fa	80.645	31	6	0	43723	43753	73448	73418	7.9	30.1
3.easyfig.fa	4.easyfig.fa	91.304	23	1	1	19197	19218	73426	73448	7.9	30.1
3.easyfig.fa	4.easyfig.fa	94.737	19	1	0	64745	64763	73429	73447	7.9	30.1
3.easyfig.fa	4.easyfig.fa	94.737	19	1	0	94709	94727	73429	73447	7.9	30.1
3.easyfig.fa	4.easyfig.fa	84.848	33	3	2	11200	11230	73464	73432	7.9	30.1
3.easyfig.fa	4.easyfig.fa	94.737	19	1	0	37993	38011	73450	73432	7.9	30.1
3.easyfig.fa	4.easyfig.fa	85.714	28	3	1	23886	23912	73536	73509	7.9	30.1
3.easyfig.fa	4.easyfig.fa	80.645	31	6	0	45932	45962	73789	73819	7.9	30.1
3.easyfig.fa	4.easyfig.fa	94.737	19	1	0	37960	37978	74628	74610	7.9	30.1
3.easyfig.fa	4.easyfig.fa	100.000	16	0	0	5207	5222	74678	74663	7.9	30.1
3.easyfig.fa	4.easyfig.fa	100.000	16	0	0	76629	76644	74711	74696	7.9	30.1
3.easyfig.fa	4.easyfig.fa	75.610	41	10	0	90650	90690	75004	75044	7.9	30.1
3.easyfig.fa	4.easyfig.fa	82.759	29	5	0	21072	21100	75063	75035	7.9	30.1
3.easyfig.fa	4.easyfig.fa	90.476	21	2	0	86576	86596	75043	75063	7.9	30.1
3.easyfig.fa	4.easyfig.fa	94.737	19	1	0	71092	71110	75480	75498	7.9	30.1
3.easyfig.fa	4.easyfig.fa	78.049	41	8	1	18131	18171	75710	75671	7.9	30.1
3.easyfig.fa	4.easyfig.fa	87.500	24	3	0	76782	76805	75691	75714	7.9	30.1
3.easyfig.fa	4.easyfig.fa	90.476	21	2	0	35811	35831	75802	75822	7.9	30.1
3.easyfig.fa	4.easyfig.fa	100.000	16	0	0	36331	36346	75842	75857	7.9	30.1
3.easyfig.fa	4.easyfig.fa	82.759	29	5	0	51927	51955	75867	75895	7.9	30.1
3.easyfig.fa	4.easyfig.fa	78.378	37	5	1	58565	58598	75888	75924	7.9	30.1
3.easyfig.fa	4.easyfig.fa	94.737	19	1	0	96288	96306	76041	76059	7.9	30.1
3.easyfig.fa	4.easyfig.fa	84.615	26	4	0	55399	55424	76064	76089	7.9	30.1
3.easyfig.fa	4.easyfig.fa	77.778	36	8	0	76688	76723	76284	76319	7.9	30.1
3.easyfig.fa	4.easyfig.fa	100.000	16	0	0	75025	75040	76315	76300	7.9	30.1
3.easyfig.fa	4.easyfig.fa	77.778	36	8	0	76613	76648	76359	76394	7.9	30.1
3.easyfig.fa	4.easyfig.fa	76.190	42	7	1	96326	96367	76403	76441	7.9	30.1
3.easyfig.fa	4.easyfig.fa	87.500	24	3	0	76020	76043	76453	76476	7.9	30.1
3.easyfig.fa	4.easyfig.fa	80.645	31	6	0	96427	96457	76540	76570	7.9	30.1
3.easyfig.fa	4.easyfig.fa	94.737	19	1	0	1512	1530	76584	76566	7.9	30.1
3.easyfig.fa	4.easyfig.fa	85.714	28	3	1	41364	41391	76690	76716	7.9	30.1
3.easyfig.fa	4.easyfig.fa	100.000	16	0	0	46538	46553	77056	77071	7.9	30.1
3.easyfig.fa	4.easyfig.fa	90.476	21	2	0	5477	5497	77479	77459	7.9	30.1
3.easyfig.fa	4.easyfig.fa	100.000	16	0	0	96649	96664	77727	77742	7.9	30.1
3.easyfig.fa	4.easyfig.fa	80.645	31	6	0	76707	76737	77920	77890	7.9	30.1
3.easyfig.fa	4.easyfig.fa	84.615	26	4	0	46280	46305	78067	78092	7.9	30.1
3.easyfig.fa	4.easyfig.fa	94.737	19	1	0	89915	89933	78321	78339	7.9	30.1
3.easyfig.fa	4.easyfig.fa	94.737	19	1	0	8250	8268	78642	78624	7.9	30.1
3.easyfig.fa	4.easyfig.fa	100.000	16	0	0	46699	46714	78750	78735	7.9	30.1
3.easyfig.fa	4.easyfig.fa	100.000	16	0	0	37195	37210	79387	79402	7.9	30.1
3.easyfig.fa	4.easyfig.fa	90.476	21	2	0	7226	7246	79898	79878	7.9	30.1
3.easyfig.fa	4.easyfig.fa	84.615	26	4	0	50511	50536	79915	79940	7.9	30.1
3.easyfig.fa	4.easyfig.fa	94.737	19	1	0	5871	5889	80008	79990	7.9	30.1
3.easyfig.fa	4.easyfig.fa	94.737	19	1	0	33220	33238	80425	80443	7.9	30.1
3.easyfig.fa	4.easyfig.fa	82.759	29	5	0	22123	22151	80745	80717	7.9	30.1
3.easyfig.fa	4.easyfig.fa	100.000	16	0	0	29907	29922	80801	80786	7.9	30.1
3.easyfig.fa	4.easyfig.fa	84.615	26	4	0	95351	95376	82092	82117	7.9	30.1
3.easyfig.fa	4.easyfig.fa	90.476	21	2	0	61215	61235	82538	82558	7.9	30.1
3.easyfig.fa	4.easyfig.fa	80.645	31	6	0	8934	8964	82679	82709	7.9	30.1
3.easyfig.fa	4.easyfig.fa	87.500	24	3	0	69925	69948	82855	82878	7.9	30.1
3.easyfig.fa	4.easyfig.fa	90.476	21	2	0	12156	12176	82878	82858	7.9	30.1
3.easyfig.fa	4.easyfig.fa	100.000	16	0	0	38591	38606	82929	82944	7.9	30.1
3.easyfig.fa	4.easyfig.fa	83.871	31	4	1	41983	42012	83156	83186	7.9	30.1
3.easyfig.fa	4.easyfig.fa	94.737	19	1	0	64745	64763	83750	83732	7.9	30.1
3.easyfig.fa	4.easyfig.fa	77.500	40	6	1	50481	50520	83777	83813	7.9	30.1
3.easyfig.fa	4.easyfig.fa	100.000	16	0	0	54873	54888	84227	84242	7.9	30.1
3.easyfig.fa	4.easyfig.fa	100.000	16	0	0	38431	38446	85690	85705	7.9	30.1
3.easyfig.fa	4.easyfig.fa	90.476	21	2	0	94816	94836	85843	85863	7.9	30.1
3.easyfig.fa	4.easyfig.fa	88.462	26	2	1	48738	48763	85972	85996	7.9	30.1
3.easyfig.fa	4.easyfig.fa	84.615	26	4	0	53250	53275	85976	86001	7.9	30.1
3.easyfig.fa	4.easyfig.fa	90.476	21	2	0	75372	75392	86247	86267	7.9	30.1
3.easyfig.fa	4.easyfig.fa	90.476	21	2	0	66037	66057	87218	87238	7.9	30.1
3.easyfig.fa	4.easyfig.fa	84.615	26	4	0	50594	50619	88878	88903	7.9	30.1
3.easyfig.fa	4.easyfig.fa	84.615	26	4	0	46951	46976	88890	88915	7.9	30.1
3.easyfig.fa	4.easyfig.fa	90.476	21	2	0	93152	93172	88894	88914	7.9	30.1
3.easyfig.fa	4.easyfig.fa	87.500	24	3	0	43342	43365	88929	88952	7.9	30.1
3.easyfig.fa	4.easyfig.fa	87.500	24	3	0	46038	46061	88955	88978	7.9	30.1
3.easyfig.fa	4.easyfig.fa	94.737	19	1	0	53261	53279	89455	89473	7.9	30.1
3.easyfig.fa	4.easyfig.fa	100.000	16	0	0	61381	61396	89477	89462	7.9	30.1
3.easyfig.fa	4.easyfig.fa	94.737	19	1	0	78650	78668	89586	89604	7.9	30.1
3.easyfig.fa	4.easyfig.fa	94.737	19	1	0	27535	27553	90061	90043	7.9	30.1
3.easyfig.fa	4.easyfig.fa	100.000	16	0	0	40494	40509	90279	90294	7.9	30.1
3.easyfig.fa	4.easyfig.fa	90.476	21	2	0	33063	33083	90901	90881	7.9	30.1
3.easyfig.fa	4.easyfig.fa	90.476	21	2	0	62833	62853	91026	91046	7.9	30.1
3.easyfig.fa	4.easyfig.fa	88.000	25	0	1	72372	72396	91798	91819	7.9	30.1
3.easyfig.fa	4.easyfig.fa	84.615	26	4	0	13169	13194	91943	91918	7.9	30.1
3.easyfig.fa	4.easyfig.fa	94.737	19	1	0	52554	52572	91919	91937	7.9	30.1
3.easyfig.fa	4.easyfig.fa	80.000	35	4	1	5100	5131	91972	91938	7.9	30.1
3.easyfig.fa	4.easyfig.fa	87.500	24	3	0	19195	19218	91996	92019	7.9	30.1
3.easyfig.fa	4.easyfig.fa	87.500	24	3	0	43723	43746	92019	91996	7.9	30.1
3.easyfig.fa	4.easyfig.fa	94.737	19	1	0	37993	38011	92021	92003	7.9	30.1
3.easyfig.fa	4.easyfig.fa	87.500	24	3	0	20845	20868	92601	92578	7.9	30.1
3.easyfig.fa	4.easyfig.fa	90.476	21	2	0	89223	89243	92823	92843	7.9	30.1
3.easyfig.fa	4.easyfig.fa	90.476	21	2	0	95361	95381	92824	92844	7.9	30.1
3.easyfig.fa	4.easyfig.fa	94.737	19	1	0	46963	46981	93425	93407	7.9	30.1
3.easyfig.fa	4.easyfig.fa	84.615	26	4	0	4108	4133	94082	94057	7.9	30.1
3.easyfig.fa	4.easyfig.fa	94.737	19	1	0	18342	18360	94222	94240	7.9	30.1
3.easyfig.fa	4.easyfig.fa	87.500	24	3	0	52012	52035	94404	94381	7.9	30.1
3.easyfig.fa	4.easyfig.fa	95.238	21	0	1	56944	56963	94735	94715	7.9	30.1
3.easyfig.fa	4.easyfig.fa	76.087	46	5	2	11877	11916	94791	94746	7.9	30.1
3.easyfig.fa	4.easyfig.fa	100.000	16	0	0	28890	28905	94784	94769	7.9	30.1
3.easyfig.fa	4.easyfig.fa	77.778	36	8	0	41810	41845	95020	95055	7.9	30.1
3.easyfig.fa	4.easyfig.fa	90.476	21	2	0	93153	93173	95032	95052	7.9	30.1
3.easyfig.fa	4.easyfig.fa	80.645	31	6	0	28338	28368	95400	95370	7.9	30.1
3.easyfig.fa	4.easyfig.fa	78.947	38	7	1	64808	64845	95426	95462	7.9	30.1
3.easyfig.fa	4.easyfig.fa	75.000	48	11	1	11710	11757	95484	95438	7.9	30.1
3.easyfig.fa	4.easyfig.fa	80.645	31	6	0	76869	76899	96098	96128	7.9	30.1
3.easyfig.fa	4.easyfig.fa	100.000	16	0	0	78056	78071	96320	96335	7.9	30.1
3.easyfig.fa	4.easyfig.fa	94.737	19	1	0	29120	29138	96459	96477	7.9	30.1
3.easyfig.fa	4.easyfig.fa	100.000	16	0	0	37996	38011	96476	96461	7.9	30.1
3.easyfig.fa	4.easyfig.fa	100.000	16	0	0	94712	94727	96461	96476	7.9	30.1
