7.easyfig.fa	8.easyfig.fa	75.811	4746	968	66	74127	78786	32156	27505	0.0	3249
7.easyfig.fa	8.easyfig.fa	71.917	4006	1003	65	26241	30188	77577	73636	0.0	1970
7.easyfig.fa	8.easyfig.fa	73.205	3217	751	53	9894	13046	91939	88770	0.0	1777
7.easyfig.fa	8.easyfig.fa	69.708	3968	1021	82	37226	41105	67337	63463	0.0	1530
7.easyfig.fa	8.easyfig.fa	75.840	1101	204	16	69010	70061	38204	37117	0.0	771
7.easyfig.fa	8.easyfig.fa	67.534	1768	533	25	33151	34898	70719	68973	4.44e-149	526
7.easyfig.fa	8.easyfig.fa	69.666	1167	295	18	84708	85840	21710	20569	1.66e-135	480
7.easyfig.fa	8.easyfig.fa	70.347	1123	281	27	31395	32489	71817	70719	2.80e-126	450
7.easyfig.fa	8.easyfig.fa	75.146	684	144	10	79017	79684	27249	26576	3.42e-125	446
7.easyfig.fa	8.easyfig.fa	68.070	1425	408	26	35612	37016	68929	67532	1.19e-124	444
7.easyfig.fa	8.easyfig.fa	78.322	429	85	3	66320	66741	39501	39074	7.05e-96	349
7.easyfig.fa	8.easyfig.fa	69.462	930	244	22	13282	14188	88493	87581	1.55e-91	334
7.easyfig.fa	8.easyfig.fa	72.426	573	138	7	99154	99723	5270	4715	2.16e-83	307
7.easyfig.fa	8.easyfig.fa	69.209	721	204	9	80485	81199	25774	25066	1.28e-73	275
7.easyfig.fa	8.easyfig.fa	70.270	592	174	2	5915	6505	96007	95417	1.89e-71	268
7.easyfig.fa	8.easyfig.fa	73.272	434	98	7	87569	87987	18769	18339	2.16e-64	244
7.easyfig.fa	8.easyfig.fa	83.796	216	33	2	65618	65832	40617	40403	2.02e-58	224
7.easyfig.fa	8.easyfig.fa	68.721	649	182	11	24107	24747	79661	79026	2.02e-58	224
7.easyfig.fa	8.easyfig.fa	73.138	376	90	5	90490	90858	15185	14814	4.46e-54	210
7.easyfig.fa	8.easyfig.fa	77.947	263	50	4	41802	42063	62844	62589	6.62e-52	203
7.easyfig.fa	8.easyfig.fa	66.713	727	219	10	25168	25881	78569	77853	9.82e-50	196
7.easyfig.fa	8.easyfig.fa	72.951	244	66	0	82429	82672	23926	23683	5.44e-34	143
7.easyfig.fa	8.easyfig.fa	67.663	368	106	5	43555	43917	61214	60855	7.56e-26	116
7.easyfig.fa	8.easyfig.fa	73.096	197	50	1	72487	72680	34252	34056	2.64e-25	114
7.easyfig.fa	8.easyfig.fa	73.239	213	51	4	43092	43301	61626	61417	2.64e-25	114
7.easyfig.fa	8.easyfig.fa	85.714	91	13	0	66000	66090	40235	40145	1.37e-22	105
7.easyfig.fa	8.easyfig.fa	75.510	147	36	0	64259	64405	41042	40896	4.77e-22	104
7.easyfig.fa	8.easyfig.fa	75.912	137	33	0	67807	67943	38787	38651	2.03e-20	98.7
7.easyfig.fa	8.easyfig.fa	73.585	159	41	1	16061	16219	81028	80871	2.47e-19	95.1
7.easyfig.fa	8.easyfig.fa	66.022	362	113	3	8450	8806	93416	93060	2.47e-19	95.1
7.easyfig.fa	8.easyfig.fa	66.489	376	91	12	42192	42536	62559	62188	3.67e-17	87.8
7.easyfig.fa	8.easyfig.fa	70.335	209	56	4	30487	30695	73327	73125	1.28e-16	86.0
7.easyfig.fa	8.easyfig.fa	69.192	198	59	2	97526	97722	8371	8175	2.31e-13	75.2
7.easyfig.fa	8.easyfig.fa	84.848	66	9	1	3571	3636	97784	97720	2.82e-12	71.6
7.easyfig.fa	8.easyfig.fa	72.727	121	33	0	66098	66218	39726	39606	9.84e-12	69.8
7.easyfig.fa	8.easyfig.fa	68.208	173	52	1	88451	88623	17865	17696	1.46e-09	62.6
7.easyfig.fa	8.easyfig.fa	63.551	535	164	12	91418	91930	14251	13726	5.10e-09	60.8
7.easyfig.fa	8.easyfig.fa	73.387	124	29	4	60797	60918	44147	44026	5.10e-09	60.8
7.easyfig.fa	8.easyfig.fa	66.968	221	64	5	94284	94498	8888	8671	2.17e-07	55.4
7.easyfig.fa	8.easyfig.fa	70.060	167	39	7	86014	86175	20394	20234	2.17e-07	55.4
7.easyfig.fa	8.easyfig.fa	72.269	119	30	3	31228	31343	73308	73190	2.17e-07	55.4
7.easyfig.fa	8.easyfig.fa	72.321	112	29	2	16087	16197	82892	82782	2.17e-07	55.4
7.easyfig.fa	8.easyfig.fa	78.462	65	14	0	9531	9595	92308	92244	2.17e-07	55.4
7.easyfig.fa	8.easyfig.fa	73.267	101	17	4	71346	71441	35578	35483	2.64e-06	51.8
7.easyfig.fa	8.easyfig.fa	73.958	96	19	4	73868	73960	33429	33337	3.22e-05	48.2
7.easyfig.fa	8.easyfig.fa	84.091	44	7	0	30768	30811	73049	73006	3.22e-05	48.2
7.easyfig.fa	8.easyfig.fa	65.405	185	64	0	89583	89767	15662	15478	1.12e-04	46.4
7.easyfig.fa	8.easyfig.fa	76.190	63	12	1	59040	59099	46015	45953	3.92e-04	44.6
7.easyfig.fa	8.easyfig.fa	72.000	100	22	4	42625	42721	62087	61991	0.001	42.8
7.easyfig.fa	8.easyfig.fa	78.723	47	10	0	87215	87261	19157	19111	0.005	41.0
7.easyfig.fa	8.easyfig.fa	63.510	359	110	8	83424	83767	22958	22606	0.005	41.0
7.easyfig.fa	8.easyfig.fa	70.755	106	23	4	58696	58797	46335	46234	0.005	41.0
7.easyfig.fa	8.easyfig.fa	70.000	90	27	0	58492	58581	46524	46435	0.005	41.0
7.easyfig.fa	8.easyfig.fa	70.213	94	22	2	46957	47047	57685	57595	0.005	41.0
7.easyfig.fa	8.easyfig.fa	73.973	73	15	2	52451	52521	95368	95438	0.005	41.0
7.easyfig.fa	8.easyfig.fa	89.655	29	3	0	7938	7966	32604	32632	0.017	39.2
7.easyfig.fa	8.easyfig.fa	89.655	29	3	0	71210	71238	35717	35689	0.017	39.2
7.easyfig.fa	8.easyfig.fa	76.786	56	12	1	67747	67801	38269	38214	0.017	39.2
7.easyfig.fa	8.easyfig.fa	69.149	94	29	0	67525	67618	39039	38946	0.017	39.2
7.easyfig.fa	8.easyfig.fa	92.308	26	2	0	79408	79433	51714	51689	0.017	39.2
7.easyfig.fa	8.easyfig.fa	95.833	24	1	0	78665	78688	73041	73064	0.017	39.2
7.easyfig.fa	8.easyfig.fa	85.294	34	5	0	41958	41991	85766	85799	0.017	39.2
7.easyfig.fa	8.easyfig.fa	72.603	73	18	1	6931	7003	94720	94650	0.017	39.2
7.easyfig.fa	8.easyfig.fa	89.655	29	3	0	32928	32956	95860	95832	0.017	39.2
7.easyfig.fa	8.easyfig.fa	87.500	32	3	1	94090	94121	10175	10145	0.058	37.4
7.easyfig.fa	8.easyfig.fa	82.857	35	6	0	42892	42926	61826	61792	0.058	37.4
7.easyfig.fa	8.easyfig.fa	91.667	24	2	0	102458	102481	53895	53918	0.20	35.6
7.easyfig.fa	8.easyfig.fa	88.889	27	3	0	72159	72185	54150	54124	0.20	35.6
7.easyfig.fa	8.easyfig.fa	91.667	24	2	0	99089	99112	59738	59761	0.20	35.6
7.easyfig.fa	8.easyfig.fa	89.286	28	1	1	39685	39712	80320	80345	0.20	35.6
7.easyfig.fa	8.easyfig.fa	76.596	47	11	0	14250	14296	84910	84864	0.20	35.6
7.easyfig.fa	8.easyfig.fa	84.375	32	5	0	47938	47969	88816	88785	0.20	35.6
7.easyfig.fa	8.easyfig.fa	83.871	31	5	0	13224	13254	3464	3494	0.71	33.7
7.easyfig.fa	8.easyfig.fa	72.059	68	18	1	17229	17296	6026	6092	0.71	33.7
7.easyfig.fa	8.easyfig.fa	78.846	52	8	3	37083	37133	15903	15952	0.71	33.7
7.easyfig.fa	8.easyfig.fa	100.000	18	0	0	87560	87577	21423	21440	0.71	33.7
7.easyfig.fa	8.easyfig.fa	91.304	23	2	0	26694	26716	27374	27352	0.71	33.7
7.easyfig.fa	8.easyfig.fa	95.238	21	1	0	59713	59733	60034	60014	0.71	33.7
7.easyfig.fa	8.easyfig.fa	91.304	23	2	0	60971	60993	60851	60873	0.71	33.7
7.easyfig.fa	8.easyfig.fa	84.848	33	4	1	76575	76606	72446	72478	0.71	33.7
7.easyfig.fa	8.easyfig.fa	83.871	31	5	0	53634	53664	84745	84775	0.71	33.7
7.easyfig.fa	8.easyfig.fa	91.304	23	2	0	16060	16082	87454	87432	0.71	33.7
7.easyfig.fa	8.easyfig.fa	88.889	27	1	1	4512	4536	94836	94810	0.71	33.7
7.easyfig.fa	8.easyfig.fa	84.375	32	2	1	72025	72056	95237	95265	0.71	33.7
7.easyfig.fa	8.easyfig.fa	82.857	35	5	1	75187	75221	96512	96545	0.71	33.7
7.easyfig.fa	8.easyfig.fa	88.889	27	2	1	94	119	3375	3401	2.5	31.9
7.easyfig.fa	8.easyfig.fa	90.909	22	2	0	24994	25015	4234	4255	2.5	31.9
7.easyfig.fa	8.easyfig.fa	86.207	29	3	1	34214	34241	4686	4714	2.5	31.9
7.easyfig.fa	8.easyfig.fa	88.000	25	3	0	18882	18906	8641	8665	2.5	31.9
7.easyfig.fa	8.easyfig.fa	78.378	37	8	0	74412	74448	13255	13219	2.5	31.9
7.easyfig.fa	8.easyfig.fa	90.909	22	2	0	29795	29816	14432	14453	2.5	31.9
7.easyfig.fa	8.easyfig.fa	81.250	32	6	0	37629	37660	15685	15716	2.5	31.9
7.easyfig.fa	8.easyfig.fa	95.000	20	1	0	82880	82899	24767	24748	2.5	31.9
7.easyfig.fa	8.easyfig.fa	90.909	22	2	0	102188	102209	34211	34232	2.5	31.9
7.easyfig.fa	8.easyfig.fa	90.909	22	2	0	16465	16486	35169	35148	2.5	31.9
7.easyfig.fa	8.easyfig.fa	91.667	24	1	1	65091	65113	54551	54528	2.5	31.9
7.easyfig.fa	8.easyfig.fa	83.333	30	5	0	82857	82886	55702	55731	2.5	31.9
7.easyfig.fa	8.easyfig.fa	90.909	22	2	0	13083	13104	58406	58385	2.5	31.9
7.easyfig.fa	8.easyfig.fa	95.000	20	1	0	81284	81303	60652	60633	2.5	31.9
7.easyfig.fa	8.easyfig.fa	95.000	20	1	0	98049	98068	62603	62622	2.5	31.9
7.easyfig.fa	8.easyfig.fa	88.000	25	3	0	16022	16046	63521	63497	2.5	31.9
7.easyfig.fa	8.easyfig.fa	95.000	20	1	0	69313	69332	67847	67866	2.5	31.9
7.easyfig.fa	8.easyfig.fa	100.000	17	0	0	99849	99865	72555	72571	2.5	31.9
7.easyfig.fa	8.easyfig.fa	100.000	17	0	0	30863	30879	75554	75538	2.5	31.9
7.easyfig.fa	8.easyfig.fa	82.353	34	4	1	21071	21102	77244	77211	2.5	31.9
7.easyfig.fa	8.easyfig.fa	88.000	25	3	0	97126	97150	78883	78907	2.5	31.9
7.easyfig.fa	8.easyfig.fa	83.333	30	5	0	35419	35448	80234	80263	2.5	31.9
7.easyfig.fa	8.easyfig.fa	100.000	17	0	0	74330	74346	90283	90299	2.5	31.9
7.easyfig.fa	8.easyfig.fa	100.000	17	0	0	82533	82549	95659	95643	2.5	31.9
7.easyfig.fa	8.easyfig.fa	84.375	32	4	1	28965	28996	97005	96975	2.5	31.9
7.easyfig.fa	8.easyfig.fa	88.889	27	2	1	25130	25156	98074	98049	2.5	31.9
7.easyfig.fa	8.easyfig.fa	88.000	25	3	0	69725	69749	98622	98646	2.5	31.9
7.easyfig.fa	8.easyfig.fa	94.737	19	1	0	96348	96366	318	300	8.6	30.1
7.easyfig.fa	8.easyfig.fa	90.476	21	2	0	12547	12567	3951	3931	8.6	30.1
7.easyfig.fa	8.easyfig.fa	90.476	21	2	0	38195	38215	4030	4050	8.6	30.1
7.easyfig.fa	8.easyfig.fa	100.000	16	0	0	51628	51643	4454	4439	8.6	30.1
7.easyfig.fa	8.easyfig.fa	81.818	33	5	1	67917	67948	5657	5625	8.6	30.1
7.easyfig.fa	8.easyfig.fa	89.286	28	1	2	92963	92989	5737	5763	8.6	30.1
7.easyfig.fa	8.easyfig.fa	100.000	16	0	0	50203	50218	6823	6838	8.6	30.1
7.easyfig.fa	8.easyfig.fa	88.462	26	2	1	18755	18779	8341	8316	8.6	30.1
7.easyfig.fa	8.easyfig.fa	94.737	19	1	0	98204	98222	8534	8516	8.6	30.1
7.easyfig.fa	8.easyfig.fa	94.737	19	1	0	34522	34540	14464	14482	8.6	30.1
7.easyfig.fa	8.easyfig.fa	80.645	31	6	0	23616	23646	14479	14509	8.6	30.1
7.easyfig.fa	8.easyfig.fa	88.000	25	1	1	22416	22438	15093	15069	8.6	30.1
7.easyfig.fa	8.easyfig.fa	78.947	38	7	1	70405	70441	16738	16701	8.6	30.1
7.easyfig.fa	8.easyfig.fa	83.871	31	4	1	60718	60747	17186	17156	8.6	30.1
7.easyfig.fa	8.easyfig.fa	94.737	19	1	0	14964	14982	18354	18372	8.6	30.1
7.easyfig.fa	8.easyfig.fa	100.000	16	0	0	20531	20546	19634	19619	8.6	30.1
7.easyfig.fa	8.easyfig.fa	100.000	16	0	0	80084	80099	19972	19957	8.6	30.1
7.easyfig.fa	8.easyfig.fa	100.000	16	0	0	41009	41024	21520	21505	8.6	30.1
7.easyfig.fa	8.easyfig.fa	76.923	39	9	0	90276	90314	22171	22133	8.6	30.1
7.easyfig.fa	8.easyfig.fa	76.190	42	7	1	82781	82822	23574	23536	8.6	30.1
7.easyfig.fa	8.easyfig.fa	90.476	21	2	0	26914	26934	24375	24395	8.6	30.1
7.easyfig.fa	8.easyfig.fa	82.857	35	4	2	23726	23760	32554	32586	8.6	30.1
7.easyfig.fa	8.easyfig.fa	90.476	21	2	0	100163	100183	33147	33127	8.6	30.1
7.easyfig.fa	8.easyfig.fa	100.000	16	0	0	58307	58322	34164	34149	8.6	30.1
7.easyfig.fa	8.easyfig.fa	100.000	16	0	0	74612	74627	36121	36106	8.6	30.1
7.easyfig.fa	8.easyfig.fa	90.476	21	2	0	96531	96551	36987	36967	8.6	30.1
7.easyfig.fa	8.easyfig.fa	84.615	26	4	0	61205	61230	37165	37140	8.6	30.1
7.easyfig.fa	8.easyfig.fa	94.737	19	1	0	97252	97270	40438	40420	8.6	30.1
7.easyfig.fa	8.easyfig.fa	100.000	16	0	0	29118	29133	41335	41350	8.6	30.1
7.easyfig.fa	8.easyfig.fa	90.476	21	2	0	19875	19895	45108	45128	8.6	30.1
7.easyfig.fa	8.easyfig.fa	85.714	28	3	1	3577	3603	45563	45590	8.6	30.1
7.easyfig.fa	8.easyfig.fa	94.737	19	1	0	9483	9501	46649	46667	8.6	30.1
7.easyfig.fa	8.easyfig.fa	87.500	24	3	0	35090	35113	47166	47143	8.6	30.1
7.easyfig.fa	8.easyfig.fa	100.000	16	0	0	27178	27193	47841	47826	8.6	30.1
7.easyfig.fa	8.easyfig.fa	94.737	19	1	0	92905	92923	50084	50102	8.6	30.1
7.easyfig.fa	8.easyfig.fa	90.476	21	2	0	72672	72692	51562	51542	8.6	30.1
7.easyfig.fa	8.easyfig.fa	94.737	19	1	0	5904	5922	51789	51771	8.6	30.1
7.easyfig.fa	8.easyfig.fa	94.737	19	1	0	54559	54577	51935	51917	8.6	30.1
7.easyfig.fa	8.easyfig.fa	79.070	43	7	2	53439	53480	51978	51937	8.6	30.1
7.easyfig.fa	8.easyfig.fa	73.077	52	11	1	38113	38164	53269	53221	8.6	30.1
7.easyfig.fa	8.easyfig.fa	94.737	19	1	0	14264	14282	54410	54392	8.6	30.1
7.easyfig.fa	8.easyfig.fa	90.476	21	2	0	99097	99117	56986	57006	8.6	30.1
7.easyfig.fa	8.easyfig.fa	84.615	26	4	0	12112	12137	57274	57249	8.6	30.1
7.easyfig.fa	8.easyfig.fa	84.615	26	4	0	27686	27711	57552	57527	8.6	30.1
7.easyfig.fa	8.easyfig.fa	81.250	32	2	1	29284	29315	57993	57966	8.6	30.1
7.easyfig.fa	8.easyfig.fa	94.737	19	1	0	16108	16126	59934	59916	8.6	30.1
7.easyfig.fa	8.easyfig.fa	79.070	43	7	2	25348	25389	60277	60236	8.6	30.1
7.easyfig.fa	8.easyfig.fa	90.476	21	2	0	41757	41777	60740	60760	8.6	30.1
7.easyfig.fa	8.easyfig.fa	90.476	21	2	0	98412	98432	63727	63747	8.6	30.1
7.easyfig.fa	8.easyfig.fa	100.000	16	0	0	773	788	66802	66817	8.6	30.1
7.easyfig.fa	8.easyfig.fa	90.476	21	2	0	17428	17448	66968	66948	8.6	30.1
7.easyfig.fa	8.easyfig.fa	100.000	16	0	0	51746	51761	71368	71383	8.6	30.1
7.easyfig.fa	8.easyfig.fa	100.000	16	0	0	83441	83456	73256	73271	8.6	30.1
7.easyfig.fa	8.easyfig.fa	100.000	16	0	0	42324	42339	75307	75292	8.6	30.1
7.easyfig.fa	8.easyfig.fa	82.759	29	5	0	61531	61559	78476	78504	8.6	30.1
7.easyfig.fa	8.easyfig.fa	84.615	26	4	0	80076	80101	78584	78559	8.6	30.1
7.easyfig.fa	8.easyfig.fa	100.000	16	0	0	53590	53605	78575	78590	8.6	30.1
7.easyfig.fa	8.easyfig.fa	100.000	16	0	0	19319	19334	79652	79637	8.6	30.1
7.easyfig.fa	8.easyfig.fa	77.778	36	8	0	15896	15931	79721	79686	8.6	30.1
7.easyfig.fa	8.easyfig.fa	90.476	21	2	0	10706	10726	81328	81308	8.6	30.1
7.easyfig.fa	8.easyfig.fa	90.476	21	2	0	52076	52096	82474	82454	8.6	30.1
7.easyfig.fa	8.easyfig.fa	84.615	26	4	0	48501	48526	83876	83851	8.6	30.1
7.easyfig.fa	8.easyfig.fa	94.737	19	1	0	77128	77146	83863	83881	8.6	30.1
7.easyfig.fa	8.easyfig.fa	85.185	27	1	1	25469	25492	84311	84337	8.6	30.1
7.easyfig.fa	8.easyfig.fa	80.645	31	6	0	39859	39889	85246	85216	8.6	30.1
7.easyfig.fa	8.easyfig.fa	94.737	19	1	0	92531	92549	86330	86348	8.6	30.1
7.easyfig.fa	8.easyfig.fa	90.476	21	2	0	15838	15858	88088	88068	8.6	30.1
7.easyfig.fa	8.easyfig.fa	90.476	21	2	0	76101	76121	88537	88557	8.6	30.1
7.easyfig.fa	8.easyfig.fa	87.500	24	3	0	6791	6814	89230	89207	8.6	30.1
7.easyfig.fa	8.easyfig.fa	85.714	28	3	1	59124	59151	94097	94123	8.6	30.1
7.easyfig.fa	8.easyfig.fa	94.737	19	1	0	64166	64184	95246	95264	8.6	30.1
7.easyfig.fa	8.easyfig.fa	94.737	19	1	0	93772	93790	95281	95263	8.6	30.1
7.easyfig.fa	8.easyfig.fa	77.778	36	8	0	5226	5261	96660	96625	8.6	30.1
7.easyfig.fa	8.easyfig.fa	76.596	47	7	2	3831	3875	97512	97468	8.6	30.1
7.easyfig.fa	8.easyfig.fa	94.737	19	1	0	2883	2901	98128	98110	8.6	30.1
7.easyfig.fa	8.easyfig.fa	78.571	42	5	2	80687	80727	98835	98873	8.6	30.1
