9.easyfig.fa	10.easyfig.fa	66.451	927	274	19	88029	88941	89640	90543	2.98e-56	217
9.easyfig.fa	10.easyfig.fa	68.852	244	72	4	73251	73492	86458	86699	4.43e-16	84.2
9.easyfig.fa	10.easyfig.fa	77.941	68	15	0	64703	64770	68025	68092	2.15e-07	55.4
9.easyfig.fa	10.easyfig.fa	75.385	65	8	2	35217	35281	13123	13179	3.88e-04	44.6
9.easyfig.fa	10.easyfig.fa	77.193	57	13	0	74071	74127	87293	87349	3.88e-04	44.6
9.easyfig.fa	10.easyfig.fa	64.685	286	81	8	12518	12790	18663	18941	0.001	42.8
9.easyfig.fa	10.easyfig.fa	87.879	33	4	0	100354	100386	99756	99724	0.001	42.8
9.easyfig.fa	10.easyfig.fa	90.625	32	2	1	2563	2594	6733	6703	0.005	41.0
9.easyfig.fa	10.easyfig.fa	85.366	41	4	2	17404	17443	54162	54123	0.005	41.0
9.easyfig.fa	10.easyfig.fa	82.051	39	7	0	11828	11866	15366	15404	0.017	39.2
9.easyfig.fa	10.easyfig.fa	87.179	39	0	3	24180	24216	32239	32274	0.017	39.2
9.easyfig.fa	10.easyfig.fa	83.333	42	4	2	95051	95090	57428	57468	0.017	39.2
9.easyfig.fa	10.easyfig.fa	82.051	39	7	0	2538	2576	72164	72126	0.017	39.2
9.easyfig.fa	10.easyfig.fa	95.652	23	1	0	64076	64098	55162	55184	0.058	37.4
9.easyfig.fa	10.easyfig.fa	85.294	34	4	1	99432	99464	19096	19063	0.20	35.6
9.easyfig.fa	10.easyfig.fa	83.333	36	5	1	42333	42367	26231	26266	0.20	35.6
9.easyfig.fa	10.easyfig.fa	82.353	34	6	0	54254	54287	73430	73463	0.20	35.6
9.easyfig.fa	10.easyfig.fa	88.889	27	3	0	100647	100673	88814	88840	0.20	35.6
9.easyfig.fa	10.easyfig.fa	73.684	57	15	0	90581	90637	92175	92231	0.20	35.6
9.easyfig.fa	10.easyfig.fa	79.487	39	8	0	52219	52257	98684	98722	0.20	35.6
9.easyfig.fa	10.easyfig.fa	100.000	18	0	0	37784	37801	13818	13801	0.70	33.7
9.easyfig.fa	10.easyfig.fa	83.784	37	4	2	8064	8099	14555	14520	0.70	33.7
9.easyfig.fa	10.easyfig.fa	95.238	21	1	0	54375	54395	19766	19746	0.70	33.7
9.easyfig.fa	10.easyfig.fa	84.375	32	3	1	99349	99378	40332	40363	0.70	33.7
9.easyfig.fa	10.easyfig.fa	95.238	21	1	0	76828	76848	43768	43788	0.70	33.7
9.easyfig.fa	10.easyfig.fa	95.238	21	1	0	96634	96654	55932	55912	0.70	33.7
9.easyfig.fa	10.easyfig.fa	81.081	37	5	1	52235	52269	57555	57591	0.70	33.7
9.easyfig.fa	10.easyfig.fa	88.462	26	3	0	24358	24383	60933	60908	0.70	33.7
9.easyfig.fa	10.easyfig.fa	92.000	25	1	1	60306	60330	66342	66319	0.70	33.7
9.easyfig.fa	10.easyfig.fa	91.304	23	2	0	66073	66095	67459	67437	0.70	33.7
9.easyfig.fa	10.easyfig.fa	82.857	35	5	1	86550	86583	70051	70085	0.70	33.7
9.easyfig.fa	10.easyfig.fa	100.000	17	0	0	36515	36531	12385	12369	2.5	31.9
9.easyfig.fa	10.easyfig.fa	85.185	27	4	0	59503	59529	23519	23493	2.5	31.9
9.easyfig.fa	10.easyfig.fa	85.185	27	4	0	32849	32875	24334	24360	2.5	31.9
9.easyfig.fa	10.easyfig.fa	91.667	24	1	1	31650	31672	36660	36683	2.5	31.9
9.easyfig.fa	10.easyfig.fa	90.909	22	2	0	9545	9566	39464	39485	2.5	31.9
9.easyfig.fa	10.easyfig.fa	83.333	30	5	0	31917	31946	41157	41186	2.5	31.9
9.easyfig.fa	10.easyfig.fa	100.000	17	0	0	70933	70949	41725	41709	2.5	31.9
9.easyfig.fa	10.easyfig.fa	84.375	32	4	1	88593	88624	47192	47222	2.5	31.9
9.easyfig.fa	10.easyfig.fa	100.000	17	0	0	8198	8214	48945	48929	2.5	31.9
9.easyfig.fa	10.easyfig.fa	84.375	32	4	1	62223	62254	49345	49315	2.5	31.9
9.easyfig.fa	10.easyfig.fa	77.500	40	9	0	78086	78125	50891	50930	2.5	31.9
9.easyfig.fa	10.easyfig.fa	95.000	20	1	0	81575	81594	52061	52080	2.5	31.9
9.easyfig.fa	10.easyfig.fa	81.250	32	6	0	29647	29678	52627	52658	2.5	31.9
9.easyfig.fa	10.easyfig.fa	100.000	17	0	0	9549	9565	59852	59836	2.5	31.9
9.easyfig.fa	10.easyfig.fa	90.909	22	2	0	47894	47915	66425	66446	2.5	31.9
9.easyfig.fa	10.easyfig.fa	85.185	27	4	0	25283	25309	76111	76085	2.5	31.9
9.easyfig.fa	10.easyfig.fa	83.333	30	5	0	55359	55388	82825	82854	2.5	31.9
9.easyfig.fa	10.easyfig.fa	100.000	17	0	0	66817	66833	90351	90367	2.5	31.9
9.easyfig.fa	10.easyfig.fa	100.000	17	0	0	66541	66557	96982	96998	2.5	31.9
9.easyfig.fa	10.easyfig.fa	85.185	27	4	0	84836	84862	97991	98017	2.5	31.9
9.easyfig.fa	10.easyfig.fa	90.909	22	2	0	66130	66151	99425	99404	2.5	31.9
9.easyfig.fa	10.easyfig.fa	86.207	29	0	2	79416	79444	1468	1444	8.6	30.1
9.easyfig.fa	10.easyfig.fa	87.500	24	3	0	10119	10142	3039	3062	8.6	30.1
9.easyfig.fa	10.easyfig.fa	94.737	19	1	0	81976	81994	5205	5187	8.6	30.1
9.easyfig.fa	10.easyfig.fa	100.000	16	0	0	37811	37826	6719	6734	8.6	30.1
9.easyfig.fa	10.easyfig.fa	90.476	21	2	0	80323	80343	8612	8632	8.6	30.1
9.easyfig.fa	10.easyfig.fa	90.476	21	2	0	37195	37215	8970	8990	8.6	30.1
9.easyfig.fa	10.easyfig.fa	90.476	21	2	0	35436	35456	10780	10760	8.6	30.1
9.easyfig.fa	10.easyfig.fa	90.476	21	2	0	63373	63393	11751	11771	8.6	30.1
9.easyfig.fa	10.easyfig.fa	85.714	28	3	1	19547	19574	11791	11817	8.6	30.1
9.easyfig.fa	10.easyfig.fa	90.476	21	2	0	24656	24676	12061	12081	8.6	30.1
9.easyfig.fa	10.easyfig.fa	100.000	16	0	0	52223	52238	12569	12584	8.6	30.1
9.easyfig.fa	10.easyfig.fa	94.737	19	1	0	8589	8607	12666	12648	8.6	30.1
9.easyfig.fa	10.easyfig.fa	100.000	16	0	0	58849	58864	12880	12865	8.6	30.1
9.easyfig.fa	10.easyfig.fa	80.000	35	5	1	35196	35230	12925	12957	8.6	30.1
9.easyfig.fa	10.easyfig.fa	84.615	26	4	0	37250	37275	14784	14809	8.6	30.1
9.easyfig.fa	10.easyfig.fa	88.462	26	2	1	89975	89999	17445	17420	8.6	30.1
9.easyfig.fa	10.easyfig.fa	100.000	16	0	0	2379	2394	18532	18547	8.6	30.1
9.easyfig.fa	10.easyfig.fa	94.737	19	1	0	70443	70461	19550	19532	8.6	30.1
9.easyfig.fa	10.easyfig.fa	94.737	19	1	0	81343	81361	23457	23439	8.6	30.1
9.easyfig.fa	10.easyfig.fa	100.000	16	0	0	19524	19539	29188	29203	8.6	30.1
9.easyfig.fa	10.easyfig.fa	87.500	24	3	0	97636	97659	29695	29672	8.6	30.1
9.easyfig.fa	10.easyfig.fa	94.737	19	1	0	63055	63073	31379	31361	8.6	30.1
9.easyfig.fa	10.easyfig.fa	90.476	21	2	0	52960	52980	37349	37329	8.6	30.1
9.easyfig.fa	10.easyfig.fa	94.737	19	1	0	20368	20386	37626	37644	8.6	30.1
9.easyfig.fa	10.easyfig.fa	100.000	16	0	0	79175	79190	45108	45123	8.6	30.1
9.easyfig.fa	10.easyfig.fa	92.000	25	0	2	72622	72645	47780	47803	8.6	30.1
9.easyfig.fa	10.easyfig.fa	90.476	21	2	0	81027	81047	52029	52049	8.6	30.1
9.easyfig.fa	10.easyfig.fa	100.000	16	0	0	23761	23776	53174	53159	8.6	30.1
9.easyfig.fa	10.easyfig.fa	100.000	16	0	0	97058	97073	54142	54157	8.6	30.1
9.easyfig.fa	10.easyfig.fa	90.476	21	2	0	34560	34580	55318	55338	8.6	30.1
9.easyfig.fa	10.easyfig.fa	100.000	16	0	0	57445	57460	55814	55829	8.6	30.1
9.easyfig.fa	10.easyfig.fa	100.000	16	0	0	87748	87763	57451	57466	8.6	30.1
9.easyfig.fa	10.easyfig.fa	80.000	40	6	2	62193	62231	60187	60225	8.6	30.1
9.easyfig.fa	10.easyfig.fa	87.500	24	3	0	5542	5565	60756	60779	8.6	30.1
9.easyfig.fa	10.easyfig.fa	82.759	29	5	0	47410	47438	60822	60794	8.6	30.1
9.easyfig.fa	10.easyfig.fa	90.476	21	2	0	93653	93673	60935	60955	8.6	30.1
9.easyfig.fa	10.easyfig.fa	90.476	21	2	0	12160	12180	62606	62626	8.6	30.1
9.easyfig.fa	10.easyfig.fa	100.000	16	0	0	91719	91734	64205	64220	8.6	30.1
9.easyfig.fa	10.easyfig.fa	94.737	19	1	0	53048	53066	64287	64269	8.6	30.1
9.easyfig.fa	10.easyfig.fa	84.848	33	3	2	34256	34286	65679	65711	8.6	30.1
9.easyfig.fa	10.easyfig.fa	90.476	21	2	0	9441	9461	66901	66921	8.6	30.1
9.easyfig.fa	10.easyfig.fa	77.778	36	8	0	80315	80350	67684	67649	8.6	30.1
9.easyfig.fa	10.easyfig.fa	94.737	19	1	0	17842	17860	69643	69661	8.6	30.1
9.easyfig.fa	10.easyfig.fa	94.737	19	1	0	42204	42222	70608	70626	8.6	30.1
9.easyfig.fa	10.easyfig.fa	94.737	19	1	0	63844	63862	70992	71010	8.6	30.1
9.easyfig.fa	10.easyfig.fa	91.304	23	1	1	35324	35345	71938	71916	8.6	30.1
9.easyfig.fa	10.easyfig.fa	84.615	26	4	0	50080	50105	73149	73174	8.6	30.1
9.easyfig.fa	10.easyfig.fa	100.000	16	0	0	71557	71572	73474	73489	8.6	30.1
9.easyfig.fa	10.easyfig.fa	100.000	16	0	0	50155	50170	76983	76998	8.6	30.1
9.easyfig.fa	10.easyfig.fa	87.500	24	3	0	35726	35749	77393	77370	8.6	30.1
9.easyfig.fa	10.easyfig.fa	90.476	21	2	0	95033	95053	82715	82735	8.6	30.1
9.easyfig.fa	10.easyfig.fa	84.615	26	4	0	79009	79034	83993	84018	8.6	30.1
9.easyfig.fa	10.easyfig.fa	100.000	16	0	0	83977	83992	84713	84728	8.6	30.1
9.easyfig.fa	10.easyfig.fa	79.070	43	7	2	89467	89509	84987	85027	8.6	30.1
9.easyfig.fa	10.easyfig.fa	94.737	19	1	0	25286	25304	85018	85000	8.6	30.1
9.easyfig.fa	10.easyfig.fa	100.000	16	0	0	86925	86940	85103	85118	8.6	30.1
9.easyfig.fa	10.easyfig.fa	90.476	21	2	0	74906	74926	89357	89377	8.6	30.1
9.easyfig.fa	10.easyfig.fa	83.333	30	2	1	80909	80935	90802	90831	8.6	30.1
9.easyfig.fa	10.easyfig.fa	94.737	19	1	0	39707	39725	94977	94959	8.6	30.1
9.easyfig.fa	10.easyfig.fa	100.000	16	0	0	65852	65867	97667	97682	8.6	30.1
9.easyfig.fa	10.easyfig.fa	94.737	19	1	0	46226	46244	98760	98742	8.6	30.1
9.easyfig.fa	10.easyfig.fa	90.476	21	2	0	30278	30298	98947	98927	8.6	30.1
9.easyfig.fa	10.easyfig.fa	90.476	21	2	0	61024	61044	99871	99851	8.6	30.1
